#
# There is insufficient memory for the Java Runtime Environment to continue.
# Native memory allocation (malloc) failed to allocate 353776 bytes for Chunk::new
# Possible reasons:
#   The system is out of physical RAM or swap space
#   The process is running with CompressedOops enabled, and the Java Heap may be blocking the growth of the native heap
# Possible solutions:
#   Reduce memory load on the system
#   Increase physical memory or swap space
#   Check if swap backing store is full
#   Decrease Java heap size (-Xmx/-Xms)
#   Decrease number of Java threads
#   Decrease Java thread stack sizes (-Xss)
#   Set larger code cache with -XX:ReservedCodeCacheSize=
#   JVM is running with Zero Based Compressed Oops mode in which the Java heap is
#     placed in the first 32GB address space. The Java Heap base address is the
#     maximum limit for the native heap growth. Please use -XX:HeapBaseMinAddress
#     to set the Java Heap base and to place the Java Heap above 32GB virtual address.
# This output file may be truncated or incomplete.
#
#  Out of Memory Error (arena.cpp:191), pid=15140, tid=22316
#
# JRE version: OpenJDK Runtime Environment Microsoft-8902769 (17.0.10+7) (build 17.0.10+7-LTS)
# Java VM: OpenJDK 64-Bit Server VM Microsoft-8902769 (17.0.10+7-LTS, mixed mode, sharing, tiered, compressed oops, compressed class ptrs, g1 gc, windows-amd64)
# No core dump will be written. Minidumps are not enabled by default on client versions of Windows
#

---------------  S U M M A R Y ------------

Command Line: --add-opens=java.base/java.util=ALL-UNNAMED --add-opens=java.base/java.lang=ALL-UNNAMED --add-opens=java.base/java.lang.invoke=ALL-UNNAMED --add-opens=java.prefs/java.util.prefs=ALL-UNNAMED --add-opens=java.base/java.nio.charset=ALL-UNNAMED --add-opens=java.base/java.net=ALL-UNNAMED --add-opens=java.base/java.util.concurrent.atomic=ALL-UNNAMED -Xmx4g -Dfile.encoding=windows-1252 -Duser.country=US -Duser.language=en -Duser.variant -javaagent:C:\Users\Gericho Miles\.gradle\wrapper\dists\gradle-8.3-all\6en3ugtfdg5xnpx44z4qbwgas\gradle-8.3\lib\agents\gradle-instrumentation-agent-8.3.jar org.gradle.launcher.daemon.bootstrap.GradleDaemon 8.3

Host: Intel(R) Core(TM) i5-10300H CPU @ 2.50GHz, 8 cores, 7G,  Windows 11 , 64 bit Build 22621 (10.0.22621.3374)
Time: Mon Apr 29 17:25:39 2024 Malay Peninsula Standard Time elapsed time: 17.916597 seconds (0d 0h 0m 17s)

---------------  T H R E A D  ---------------

Current thread (0x000001e2f2827490):  JavaThread "C2 CompilerThread1" daemon [_thread_in_native, id=22316, stack(0x000000a4cf000000,0x000000a4cf100000)]


Current CompileTask:
C2:  17916 6107       4       java.util.TreeMap::put (8 bytes)

Stack: [0x000000a4cf000000,0x000000a4cf100000]
Native frames: (J=compiled Java code, j=interpreted, Vv=VM code, C=native code)
V  [jvm.dll+0x67f829]
V  [jvm.dll+0x83750a]
V  [jvm.dll+0x838fce]
V  [jvm.dll+0x839633]
V  [jvm.dll+0x247cbf]
V  [jvm.dll+0xac524]
V  [jvm.dll+0xacb6c]
V  [jvm.dll+0x368cf7]
V  [jvm.dll+0x1bcfd6]
V  [jvm.dll+0x21a559]
V  [jvm.dll+0x219821]
V  [jvm.dll+0x1a5176]
V  [jvm.dll+0x22957e]
V  [jvm.dll+0x22774c]
V  [jvm.dll+0x7ec5d7]
V  [jvm.dll+0x7e69da]
V  [jvm.dll+0x67e715]
C  [ucrtbase.dll+0x29333]
C  [KERNEL32.DLL+0x1257d]
C  [ntdll.dll+0x5aa48]


---------------  P R O C E S S  ---------------

Threads class SMR info:
_java_thread_list=0x000001e2f45b04c0, length=56, elements={
0x000001e2c8cfaa90, 0x000001e2ebd5d180, 0x000001e2ebd5df10, 0x000001e2ebd709b0,
0x000001e2ebd725f0, 0x000001e2ebd758e0, 0x000001e2ebd761b0, 0x000001e2ebd7ae80,
0x000001e2ebd8c5a0, 0x000001e2ebd8eec0, 0x000001e2ebd4b030, 0x000001e2f01934a0,
0x000001e2f0a02d20, 0x000001e2f1ae35e0, 0x000001e2f1c00570, 0x000001e2f1ab0840,
0x000001e2f19fd420, 0x000001e2f1f1f8f0, 0x000001e2f1f1d110, 0x000001e2f057fcf0,
0x000001e2f0581640, 0x000001e2f0581130, 0x000001e2f0580c20, 0x000001e2f0581b50,
0x000001e2f0582060, 0x000001e2f0582a80, 0x000001e2f057f7e0, 0x000001e2f24933c0,
0x000001e2f2496150, 0x000001e2f2493de0, 0x000001e2f2495730, 0x000001e2f2495c40,
0x000001e2f2490b40, 0x000001e2f2497080, 0x000001e2f2495220, 0x000001e2f2491f80,
0x000001e2f2497fb0, 0x000001e2f2492eb0, 0x000001e2f2491050, 0x000001e2f2494800,
0x000001e2f24984c0, 0x000001e2f2491a70, 0x000001e2f2492490, 0x000001e2f24942f0,
0x000001e2f031e450, 0x000001e2f03207c0, 0x000001e2f0324ea0, 0x000001e2f0324480,
0x000001e2f03202b0, 0x000001e2f031df40, 0x000001e2f0324990, 0x000001e2f031ee70,
0x000001e2f031e960, 0x000001e2f03216f0, 0x000001e2f2827490, 0x000001e2f0320cd0
}

Java Threads: ( => current thread )
  0x000001e2c8cfaa90 JavaThread "main" [_thread_blocked, id=14164, stack(0x000000a4cb900000,0x000000a4cba00000)]
  0x000001e2ebd5d180 JavaThread "Reference Handler" daemon [_thread_blocked, id=29328, stack(0x000000a4cc000000,0x000000a4cc100000)]
  0x000001e2ebd5df10 JavaThread "Finalizer" daemon [_thread_blocked, id=28312, stack(0x000000a4cc100000,0x000000a4cc200000)]
  0x000001e2ebd709b0 JavaThread "Signal Dispatcher" daemon [_thread_blocked, id=27056, stack(0x000000a4cc200000,0x000000a4cc300000)]
  0x000001e2ebd725f0 JavaThread "Attach Listener" daemon [_thread_blocked, id=16288, stack(0x000000a4cc300000,0x000000a4cc400000)]
  0x000001e2ebd758e0 JavaThread "Service Thread" daemon [_thread_blocked, id=35884, stack(0x000000a4cc400000,0x000000a4cc500000)]
  0x000001e2ebd761b0 JavaThread "Monitor Deflation Thread" daemon [_thread_blocked, id=36528, stack(0x000000a4cc500000,0x000000a4cc600000)]
  0x000001e2ebd7ae80 JavaThread "C2 CompilerThread0" daemon [_thread_blocked, id=23624, stack(0x000000a4cc600000,0x000000a4cc700000)]
  0x000001e2ebd8c5a0 JavaThread "C1 CompilerThread0" daemon [_thread_blocked, id=23852, stack(0x000000a4cc700000,0x000000a4cc800000)]
  0x000001e2ebd8eec0 JavaThread "Sweeper thread" daemon [_thread_blocked, id=20460, stack(0x000000a4cc800000,0x000000a4cc900000)]
  0x000001e2ebd4b030 JavaThread "Common-Cleaner" daemon [_thread_blocked, id=6408, stack(0x000000a4cc900000,0x000000a4cca00000)]
  0x000001e2f01934a0 JavaThread "Notification Thread" daemon [_thread_blocked, id=32872, stack(0x000000a4cca00000,0x000000a4ccb00000)]
  0x000001e2f0a02d20 JavaThread "Daemon health stats" [_thread_blocked, id=20964, stack(0x000000a4cd000000,0x000000a4cd100000)]
  0x000001e2f1ae35e0 JavaThread "Incoming local TCP Connector on port 49209" [_thread_in_native, id=24076, stack(0x000000a4cd100000,0x000000a4cd200000)]
  0x000001e2f1c00570 JavaThread "Daemon periodic checks" [_thread_blocked, id=11380, stack(0x000000a4cd200000,0x000000a4cd300000)]
  0x000001e2f1ab0840 JavaThread "Daemon" [_thread_blocked, id=14000, stack(0x000000a4cd300000,0x000000a4cd400000)]
  0x000001e2f19fd420 JavaThread "Handler for socket connection from /127.0.0.1:49209 to /127.0.0.1:49210" [_thread_in_native, id=33256, stack(0x000000a4cd400000,0x000000a4cd500000)]
  0x000001e2f1f1f8f0 JavaThread "Cancel handler" [_thread_blocked, id=4360, stack(0x000000a4cd500000,0x000000a4cd600000)]
  0x000001e2f1f1d110 JavaThread "Daemon worker" [_thread_in_vm, id=28780, stack(0x000000a4cd600000,0x000000a4cd700000)]
  0x000001e2f057fcf0 JavaThread "Asynchronous log dispatcher for DefaultDaemonConnection: socket connection from /127.0.0.1:49209 to /127.0.0.1:49210" [_thread_blocked, id=18636, stack(0x000000a4cd700000,0x000000a4cd800000)]
  0x000001e2f0581640 JavaThread "Stdin handler" [_thread_blocked, id=31708, stack(0x000000a4cd800000,0x000000a4cd900000)]
  0x000001e2f0581130 JavaThread "Daemon client event forwarder" [_thread_blocked, id=18528, stack(0x000000a4cd900000,0x000000a4cda00000)]
  0x000001e2f0580c20 JavaThread "Cache worker for journal cache (C:\Users\Gericho Miles\.gradle\caches\journal-1)" [_thread_blocked, id=19752, stack(0x000000a4cda00000,0x000000a4cdb00000)]
  0x000001e2f0581b50 JavaThread "File lock request listener" [_thread_in_native, id=5816, stack(0x000000a4cdb00000,0x000000a4cdc00000)]
  0x000001e2f0582060 JavaThread "Cache worker for file hash cache (C:\Users\Gericho Miles\.gradle\caches\8.3\fileHashes)" [_thread_blocked, id=7796, stack(0x000000a4cdf00000,0x000000a4ce000000)]
  0x000001e2f0582a80 JavaThread "File watcher server" daemon [_thread_in_native, id=37780, stack(0x000000a4ce000000,0x000000a4ce100000)]
  0x000001e2f057f7e0 JavaThread "File watcher consumer" daemon [_thread_in_vm, id=14424, stack(0x000000a4ce100000,0x000000a4ce200000)]
  0x000001e2f24933c0 JavaThread "Cache worker for checksums cache (C:\xampp\htdocs\MobImageProcessing\MIP\android\.gradle\8.3\checksums)" [_thread_blocked, id=30628, stack(0x000000a4ce200000,0x000000a4ce300000)]
  0x000001e2f2496150 JavaThread "Cache worker for file hash cache (C:\xampp\htdocs\MobImageProcessing\MIP\android\.gradle\8.3\fileHashes)" [_thread_blocked, id=19164, stack(0x000000a4ce300000,0x000000a4ce400000)]
  0x000001e2f2493de0 JavaThread "Cache worker for cache directory md-supplier (C:\Users\Gericho Miles\.gradle\caches\8.3\md-supplier)" [_thread_blocked, id=12972, stack(0x000000a4ce400000,0x000000a4ce500000)]
  0x000001e2f2495730 JavaThread "Cache worker for file content cache (C:\Users\Gericho Miles\.gradle\caches\8.3\fileContent)" [_thread_blocked, id=5904, stack(0x000000a4ce500000,0x000000a4ce600000)]
  0x000001e2f2495c40 JavaThread "Cache worker for cache directory md-rule (C:\Users\Gericho Miles\.gradle\caches\8.3\md-rule)" [_thread_blocked, id=8168, stack(0x000000a4ce700000,0x000000a4ce800000)]
  0x000001e2f2490b40 JavaThread "Cache worker for execution history cache (C:\Users\Gericho Miles\.gradle\caches\8.3\executionHistory)" [_thread_blocked, id=8140, stack(0x000000a4ce800000,0x000000a4ce900000)]
  0x000001e2f2497080 JavaThread "jar transforms" [_thread_blocked, id=18492, stack(0x000000a4ce900000,0x000000a4cea00000)]
  0x000001e2f2495220 JavaThread "jar transforms Thread 2" [_thread_blocked, id=37832, stack(0x000000a4cea00000,0x000000a4ceb00000)]
  0x000001e2f2491f80 JavaThread "jar transforms Thread 3" [_thread_blocked, id=12740, stack(0x000000a4ceb00000,0x000000a4cec00000)]
  0x000001e2f2497fb0 JavaThread "jar transforms Thread 4" [_thread_blocked, id=19232, stack(0x000000a4cec00000,0x000000a4ced00000)]
  0x000001e2f2492eb0 JavaThread "Cache worker for kotlin-dsl (C:\Users\Gericho Miles\.gradle\caches\8.3\kotlin-dsl)" [_thread_blocked, id=2728, stack(0x000000a4ced00000,0x000000a4cee00000)]
  0x000001e2f2491050 JavaThread "jar transforms Thread 5" [_thread_blocked, id=5576, stack(0x000000a4cee00000,0x000000a4cef00000)]
  0x000001e2f2494800 JavaThread "jar transforms Thread 6" [_thread_blocked, id=19016, stack(0x000000a4cef00000,0x000000a4cf000000)]
  0x000001e2f24984c0 JavaThread "Unconstrained build operations" [_thread_blocked, id=10908, stack(0x000000a4cf100000,0x000000a4cf200000)]
  0x000001e2f2491a70 JavaThread "Unconstrained build operations Thread 2" [_thread_blocked, id=20548, stack(0x000000a4cf200000,0x000000a4cf300000)]
  0x000001e2f2492490 JavaThread "jar transforms Thread 7" [_thread_blocked, id=35576, stack(0x000000a4cf300000,0x000000a4cf400000)]
  0x000001e2f24942f0 JavaThread "jar transforms Thread 8" [_thread_blocked, id=31752, stack(0x000000a4cf400000,0x000000a4cf500000)]
  0x000001e2f031e450 JavaThread "Cache worker for dependencies-accessors (C:\xampp\htdocs\MobImageProcessing\MIP\android\.gradle\8.3\dependencies-accessors)" [_thread_blocked, id=13780, stack(0x000000a4cf500000,0x000000a4cf600000)]
  0x000001e2f03207c0 JavaThread "Cache worker for Build Output Cleanup Cache (C:\xampp\htdocs\MobImageProcessing\MIP\node_modules\@react-native\gradle-plugin\.gradle\buildOutputCleanup)" [_thread_blocked, id=31940, stack(0x000000a4cf600000,0x000000a4cf700000)]
  0x000001e2f0324ea0 JavaThread "Unconstrained build operations Thread 3" [_thread_blocked, id=19880, stack(0x000000a4cf700000,0x000000a4cf800000)]
  0x000001e2f0324480 JavaThread "Unconstrained build operations Thread 4" [_thread_blocked, id=35984, stack(0x000000a4cf800000,0x000000a4cf900000)]
  0x000001e2f03202b0 JavaThread "Unconstrained build operations Thread 5" [_thread_blocked, id=13552, stack(0x000000a4cf900000,0x000000a4cfa00000)]
  0x000001e2f031df40 JavaThread "Unconstrained build operations Thread 6" [_thread_blocked, id=34120, stack(0x000000a4cfa00000,0x000000a4cfb00000)]
  0x000001e2f0324990 JavaThread "Unconstrained build operations Thread 7" [_thread_blocked, id=37640, stack(0x000000a4cfb00000,0x000000a4cfc00000)]
  0x000001e2f031ee70 JavaThread "Unconstrained build operations Thread 8" [_thread_blocked, id=18016, stack(0x000000a4cfc00000,0x000000a4cfd00000)]
  0x000001e2f031e960 JavaThread "Unconstrained build operations Thread 9" [_thread_blocked, id=36120, stack(0x000000a4cfd00000,0x000000a4cfe00000)]
  0x000001e2f03216f0 JavaThread "File lock release action executor" [_thread_blocked, id=16368, stack(0x000000a4cfe00000,0x000000a4cff00000)]
=>0x000001e2f2827490 JavaThread "C2 CompilerThread1" daemon [_thread_in_native, id=22316, stack(0x000000a4cf000000,0x000000a4cf100000)]
  0x000001e2f0320cd0 JavaThread "Memory manager" [_thread_blocked, id=33536, stack(0x000000a4cff00000,0x000000a4d0000000)]

Other Threads:
  0x000001e2ebd5a670 VMThread "VM Thread" [stack: 0x000000a4cbf00000,0x000000a4cc000000] [id=17804]
  0x000001e2f0193d80 WatcherThread [stack: 0x000000a4ccb00000,0x000000a4ccc00000] [id=36468]
  0x000001e2c8d64650 GCTaskThread "GC Thread#0" [stack: 0x000000a4cba00000,0x000000a4cbb00000] [id=28768]
  0x000001e2f0b3b0d0 GCTaskThread "GC Thread#1" [stack: 0x000000a4ccc00000,0x000000a4ccd00000] [id=32884]
  0x000001e2f0b3b390 GCTaskThread "GC Thread#2" [stack: 0x000000a4ccd00000,0x000000a4cce00000] [id=16148]
  0x000001e2f0c53a00 GCTaskThread "GC Thread#3" [stack: 0x000000a4cce00000,0x000000a4ccf00000] [id=17796]
  0x000001e2f0a000e0 GCTaskThread "GC Thread#4" [stack: 0x000000a4ccf00000,0x000000a4cd000000] [id=34132]
  0x000001e2f1c590c0 GCTaskThread "GC Thread#5" [stack: 0x000000a4cdc00000,0x000000a4cdd00000] [id=33780]
  0x000001e2f1c59380 GCTaskThread "GC Thread#6" [stack: 0x000000a4cdd00000,0x000000a4cde00000] [id=2544]
  0x000001e2f1c5a140 GCTaskThread "GC Thread#7" [stack: 0x000000a4cde00000,0x000000a4cdf00000] [id=26760]
  0x000001e2c6bfdfe0 ConcurrentGCThread "G1 Main Marker" [stack: 0x000000a4cbb00000,0x000000a4cbc00000] [id=3280]
  0x000001e2c6bfe910 ConcurrentGCThread "G1 Conc#0" [stack: 0x000000a4cbc00000,0x000000a4cbd00000] [id=23512]
  0x000001e2f1c59640 ConcurrentGCThread "G1 Conc#1" [stack: 0x000000a4ce600000,0x000000a4ce700000] [id=21748]
  0x000001e2c8d9e460 ConcurrentGCThread "G1 Refine#0" [stack: 0x000000a4cbd00000,0x000000a4cbe00000] [id=37404]
  0x000001e2ebc171d0 ConcurrentGCThread "G1 Service" [stack: 0x000000a4cbe00000,0x000000a4cbf00000] [id=20492]

Threads with active compile tasks:
C1 CompilerThread0    17951 6137   !   3       org.gradle.internal.event.DefaultListenerManager$EventBroadcast::endNotification (145 bytes)
C2 CompilerThread1    17951 6107       4       java.util.TreeMap::put (8 bytes)

VM state: not at safepoint (normal execution)

VM Mutex/Monitor currently owned by a thread: None

Heap address: 0x0000000700000000, size: 4096 MB, Compressed Oops mode: Zero based, Oop shift amount: 3

CDS archive(s) mapped at: [0x000001e280000000-0x000001e280bb0000-0x000001e280bb0000), size 12255232, SharedBaseAddress: 0x000001e280000000, ArchiveRelocationMode: 1.
Compressed class space mapped at: 0x000001e281000000-0x000001e2c1000000, reserved size: 1073741824
Narrow klass base: 0x000001e280000000, Narrow klass shift: 0, Narrow klass range: 0x100000000

GC Precious Log:
 CPUs: 8 total, 8 available
 Memory: 8023M
 Large Page Support: Disabled
 NUMA Support: Disabled
 Compressed Oops: Enabled (Zero based)
 Heap Region Size: 2M
 Heap Min Capacity: 8M
 Heap Initial Capacity: 126M
 Heap Max Capacity: 4G
 Pre-touch: Disabled
 Parallel Workers: 8
 Concurrent Workers: 2
 Concurrent Refinement Workers: 8
 Periodic GC: Disabled

Heap:
 garbage-first heap   total 92160K, used 53196K [0x0000000700000000, 0x0000000800000000)
  region size 2048K, 3 young (6144K), 1 survivors (2048K)
 Metaspace       used 51524K, committed 52160K, reserved 1114112K
  class space    used 7291K, committed 7616K, reserved 1048576K

Heap Regions: E=young(eden), S=young(survivor), O=old, HS=humongous(starts), HC=humongous(continues), CS=collection set, F=free, OA=open archive, CA=closed archive, TAMS=top-at-mark-start (previous, next)
|   0|0x0000000700000000, 0x0000000700200000, 0x0000000700200000|100%|HS|  |TAMS 0x0000000700200000, 0x0000000700000000| Complete 
|   1|0x0000000700200000, 0x0000000700400000, 0x0000000700400000|100%|HC|  |TAMS 0x0000000700400000, 0x0000000700200000| Complete 
|   2|0x0000000700400000, 0x0000000700600000, 0x0000000700600000|100%| O|  |TAMS 0x0000000700600000, 0x0000000700400000| Untracked 
|   3|0x0000000700600000, 0x0000000700800000, 0x0000000700800000|100%| O|  |TAMS 0x0000000700800000, 0x0000000700600000| Untracked 
|   4|0x0000000700800000, 0x0000000700a00000, 0x0000000700a00000|100%| O|  |TAMS 0x0000000700a00000, 0x0000000700800000| Untracked 
|   5|0x0000000700a00000, 0x0000000700c00000, 0x0000000700c00000|100%| O|  |TAMS 0x0000000700c00000, 0x0000000700a00000| Untracked 
|   6|0x0000000700c00000, 0x0000000700e00000, 0x0000000700e00000|100%| O|  |TAMS 0x0000000700e00000, 0x0000000700c00000| Untracked 
|   7|0x0000000700e00000, 0x0000000701000000, 0x0000000701000000|100%| O|  |TAMS 0x0000000701000000, 0x0000000700e00000| Untracked 
|   8|0x0000000701000000, 0x0000000701200000, 0x0000000701200000|100%| O|  |TAMS 0x0000000701200000, 0x0000000701000000| Untracked 
|   9|0x0000000701200000, 0x00000007012d8c00, 0x0000000701400000| 42%| O|  |TAMS 0x00000007012d8c00, 0x0000000701200000| Untracked 
|  10|0x0000000701400000, 0x0000000701600000, 0x0000000701600000|100%| O|  |TAMS 0x0000000701600000, 0x0000000701400000| Untracked 
|  11|0x0000000701600000, 0x0000000701800000, 0x0000000701800000|100%| O|  |TAMS 0x0000000701800000, 0x0000000701600000| Untracked 
|  12|0x0000000701800000, 0x0000000701a00000, 0x0000000701a00000|100%| O|  |TAMS 0x0000000701a00000, 0x0000000701800000| Untracked 
|  13|0x0000000701a00000, 0x0000000701c00000, 0x0000000701c00000|100%| O|  |TAMS 0x0000000701c00000, 0x0000000701a00000| Untracked 
|  14|0x0000000701c00000, 0x0000000701e00000, 0x0000000701e00000|100%| O|  |TAMS 0x0000000701e00000, 0x0000000701c00000| Untracked 
|  15|0x0000000701e00000, 0x0000000702000000, 0x0000000702000000|100%| O|  |TAMS 0x0000000702000000, 0x0000000701e00000| Untracked 
|  16|0x0000000702000000, 0x0000000702200000, 0x0000000702200000|100%|HS|  |TAMS 0x0000000702200000, 0x0000000702000000| Complete 
|  17|0x0000000702200000, 0x0000000702400000, 0x0000000702400000|100%|HS|  |TAMS 0x0000000702400000, 0x0000000702200000| Complete 
|  18|0x0000000702400000, 0x0000000702600000, 0x0000000702600000|100%| O|  |TAMS 0x0000000702600000, 0x0000000702400000| Untracked 
|  19|0x0000000702600000, 0x0000000702800000, 0x0000000702800000|100%| O|  |TAMS 0x0000000702800000, 0x0000000702600000| Untracked 
|  20|0x0000000702800000, 0x0000000702a00000, 0x0000000702a00000|100%| O|  |TAMS 0x0000000702a00000, 0x0000000702800000| Untracked 
|  21|0x0000000702a00000, 0x0000000702c00000, 0x0000000702c00000|100%|HS|  |TAMS 0x0000000702c00000, 0x0000000702a00000| Complete 
|  22|0x0000000702c00000, 0x0000000702e00000, 0x0000000702e00000|100%|HC|  |TAMS 0x0000000702e00000, 0x0000000702c00000| Complete 
|  23|0x0000000702e00000, 0x0000000703000000, 0x0000000703000000|100%| O|  |TAMS 0x0000000702e52e00, 0x0000000702e00000| Untracked 
|  24|0x0000000703000000, 0x00000007031f6000, 0x0000000703200000| 98%| O|  |TAMS 0x0000000703000000, 0x0000000703000000| Untracked 
|  25|0x0000000703200000, 0x0000000703200000, 0x0000000703400000|  0%| F|  |TAMS 0x0000000703200000, 0x0000000703200000| Untracked 
|  26|0x0000000703400000, 0x0000000703400000, 0x0000000703600000|  0%| F|  |TAMS 0x0000000703400000, 0x0000000703400000| Untracked 
|  27|0x0000000703600000, 0x0000000703600000, 0x0000000703800000|  0%| F|  |TAMS 0x0000000703600000, 0x0000000703600000| Untracked 
|  28|0x0000000703800000, 0x0000000703800000, 0x0000000703a00000|  0%| F|  |TAMS 0x0000000703800000, 0x0000000703800000| Untracked 
|  29|0x0000000703a00000, 0x0000000703a00000, 0x0000000703c00000|  0%| F|  |TAMS 0x0000000703a00000, 0x0000000703a00000| Untracked 
|  30|0x0000000703c00000, 0x0000000703c00000, 0x0000000703e00000|  0%| F|  |TAMS 0x0000000703c00000, 0x0000000703c00000| Untracked 
|  31|0x0000000703e00000, 0x0000000703e00000, 0x0000000704000000|  0%| F|  |TAMS 0x0000000703e00000, 0x0000000703e00000| Untracked 
|  32|0x0000000704000000, 0x0000000704000000, 0x0000000704200000|  0%| F|  |TAMS 0x0000000704000000, 0x0000000704000000| Untracked 
|  33|0x0000000704200000, 0x0000000704324770, 0x0000000704400000| 57%| S|CS|TAMS 0x0000000704200000, 0x0000000704200000| Complete 
|  34|0x0000000704400000, 0x0000000704400000, 0x0000000704600000|  0%| F|  |TAMS 0x0000000704400000, 0x0000000704400000| Untracked 
|  35|0x0000000704600000, 0x0000000704600000, 0x0000000704800000|  0%| F|  |TAMS 0x0000000704600000, 0x0000000704600000| Untracked 
|  36|0x0000000704800000, 0x0000000704800000, 0x0000000704a00000|  0%| F|  |TAMS 0x0000000704800000, 0x0000000704800000| Untracked 
|  37|0x0000000704a00000, 0x0000000704a00000, 0x0000000704c00000|  0%| F|  |TAMS 0x0000000704a00000, 0x0000000704a00000| Untracked 
|  38|0x0000000704c00000, 0x0000000704c00000, 0x0000000704e00000|  0%| F|  |TAMS 0x0000000704c00000, 0x0000000704c00000| Untracked 
|  39|0x0000000704e00000, 0x0000000704e00000, 0x0000000705000000|  0%| F|  |TAMS 0x0000000704e00000, 0x0000000704e00000| Untracked 
|  40|0x0000000705000000, 0x0000000705000000, 0x0000000705200000|  0%| F|  |TAMS 0x0000000705000000, 0x0000000705000000| Untracked 
|  41|0x0000000705200000, 0x0000000705200000, 0x0000000705400000|  0%| F|  |TAMS 0x0000000705200000, 0x0000000705200000| Untracked 
|  60|0x0000000707800000, 0x0000000707800000, 0x0000000707a00000|  0%| F|  |TAMS 0x0000000707800000, 0x0000000707800000| Untracked 
|  61|0x0000000707a00000, 0x0000000707a07068, 0x0000000707c00000|  1%| E|  |TAMS 0x0000000707a00000, 0x0000000707a00000| Complete 
|  62|0x0000000707c00000, 0x0000000707e00000, 0x0000000707e00000|100%| E|CS|TAMS 0x0000000707c00000, 0x0000000707c00000| Complete 

Card table byte_map: [0x000001e2e0330000,0x000001e2e0b30000] _byte_map_base: 0x000001e2dcb30000

Marking Bits (Prev, Next): (CMBitMap*) 0x000001e2c8d64b80, (CMBitMap*) 0x000001e2c8d64bc0
 Prev Bits: [0x000001e2e1330000, 0x000001e2e5330000)
 Next Bits: [0x000001e2e5330000, 0x000001e2e9330000)

Polling page: 0x000001e2c6e60000

Metaspace:

Usage:
  Non-class:     43.20 MB used.
      Class:      7.12 MB used.
       Both:     50.32 MB used.

Virtual space:
  Non-class space:       64.00 MB reserved,      43.50 MB ( 68%) committed,  1 nodes.
      Class space:        1.00 GB reserved,       7.44 MB ( <1%) committed,  1 nodes.
             Both:        1.06 GB reserved,      50.94 MB (  5%) committed. 

Chunk freelists:
   Non-Class:  4.00 MB
       Class:  8.58 MB
        Both:  12.58 MB

MaxMetaspaceSize: unlimited
CompressedClassSpaceSize: 1.00 GB
Initial GC threshold: 21.00 MB
Current GC threshold: 84.81 MB
CDS: on
MetaspaceReclaimPolicy: balanced
 - commit_granule_bytes: 65536.
 - commit_granule_words: 8192.
 - virtual_space_node_default_size: 8388608.
 - enlarge_chunks_in_place: 1.
 - new_chunks_are_fully_committed: 0.
 - uncommit_free_chunks: 1.
 - use_allocation_guard: 0.
 - handle_deallocations: 1.


Internal statistics:

num_allocs_failed_limit: 6.
num_arena_births: 710.
num_arena_deaths: 0.
num_vsnodes_births: 2.
num_vsnodes_deaths: 0.
num_space_committed: 815.
num_space_uncommitted: 0.
num_chunks_returned_to_freelist: 6.
num_chunks_taken_from_freelist: 2740.
num_chunk_merges: 6.
num_chunk_splits: 1810.
num_chunks_enlarged: 1204.
num_inconsistent_stats: 0.

CodeHeap 'non-profiled nmethods': size=120000Kb used=3032Kb max_used=3376Kb free=116967Kb
 bounds [0x000001e2d82d0000, 0x000001e2d8620000, 0x000001e2df800000]
CodeHeap 'profiled nmethods': size=120000Kb used=10017Kb max_used=11066Kb free=109982Kb
 bounds [0x000001e2d0800000, 0x000001e2d12d0000, 0x000001e2d7d30000]
CodeHeap 'non-nmethods': size=5760Kb used=2338Kb max_used=2411Kb free=3421Kb
 bounds [0x000001e2d7d30000, 0x000001e2d7fb0000, 0x000001e2d82d0000]
 total_blobs=6127 nmethods=5265 adapters=773
 compilation: enabled
              stopped_count=0, restarted_count=0
 full_count=0

Compilation events (20 events):
Event: 17.791 Thread 0x000001e2ebd8c5a0 nmethod 6105 0x000001e2d0bf2790 code [0x000001e2d0bf2960, 0x000001e2d0bf2cf8]
Event: 17.791 Thread 0x000001e2ebd8c5a0 6106       3       org.gradle.cache.internal.DefaultCrossBuildInMemoryCacheFactory$DefaultClassMap::retainValue (14 bytes)
Event: 17.792 Thread 0x000001e2ebd8c5a0 nmethod 6106 0x000001e2d0824d10 code [0x000001e2d0824f40, 0x000001e2d08259b8]
Event: 17.802 Thread 0x000001e2ebd8c5a0 6108       3       org.gradle.internal.instantiation.generator.AsmBackedClassGenerator$ClassBuilderImpl::access$5600 (4 bytes)
Event: 17.803 Thread 0x000001e2ebd8c5a0 nmethod 6108 0x000001e2d0bf2490 code [0x000001e2d0bf2620, 0x000001e2d0bf2718]
Event: 17.803 Thread 0x000001e2f2827490 nmethod 6102 0x000001e2d8324d90 code [0x000001e2d8324f60, 0x000001e2d83258d8]
Event: 17.804 Thread 0x000001e2f2827490 6107       4       java.util.TreeMap::put (8 bytes)
Event: 17.825 Thread 0x000001e2ebd8c5a0 6109       3       org.gradle.api.internal.DefaultDomainObjectCollection::getMutationGuard (10 bytes)
Event: 17.825 Thread 0x000001e2ebd8c5a0 nmethod 6109 0x000001e2d0917690 code [0x000001e2d0917840, 0x000001e2d0917a28]
Event: 17.831 Thread 0x000001e2ebd8c5a0 6110       3       org.objectweb.asm.ByteVector::put112 (80 bytes)
Event: 17.831 Thread 0x000001e2ebd8c5a0 nmethod 6110 0x000001e2d0917110 code [0x000001e2d09172c0, 0x000001e2d0917528]
Event: 17.842 Thread 0x000001e2ebd7ae80 nmethod 6031 0x000001e2d83da490 code [0x000001e2d83dac20, 0x000001e2d83e3390]
Event: 17.846 Thread 0x000001e2ebd8c5a0 6111       3       java.util.LinkedHashMap$LinkedEntrySet::size (8 bytes)
Event: 17.846 Thread 0x000001e2ebd8c5a0 nmethod 6111 0x000001e2d0824990 code [0x000001e2d0824b20, 0x000001e2d0824c38]
Event: 17.856 Thread 0x000001e2ebd8c5a0 6112       3       org.gradle.internal.instantiation.generator.DefaultInstantiatorFactory::decorateLenient (8 bytes)
Event: 17.857 Thread 0x000001e2ebd8c5a0 nmethod 6112 0x000001e2d0d9a210 code [0x000001e2d0d9a3a0, 0x000001e2d0d9a4d8]
Event: 17.863 Thread 0x000001e2ebd8c5a0 6113       3       groovy.lang.GroovySystem::getMetaClassRegistry (4 bytes)
Event: 17.863 Thread 0x000001e2ebd8c5a0 nmethod 6113 0x000001e2d120c190 code [0x000001e2d120c320, 0x000001e2d120c418]
Event: 17.872 Thread 0x000001e2ebd8c5a0 6114       3       java.security.SecureClassLoader::defineClass (16 bytes)
Event: 17.873 Thread 0x000001e2ebd8c5a0 nmethod 6114 0x000001e2d0d95b90 code [0x000001e2d0d95d40, 0x000001e2d0d95ed8]

GC Heap History (20 events):
Event: 4.647 GC heap before
{Heap before GC invocations=6 (full 0):
 garbage-first heap   total 90112K, used 69705K [0x0000000700000000, 0x0000000800000000)
  region size 2048K, 26 young (53248K), 2 survivors (4096K)
 Metaspace       used 29575K, committed 29952K, reserved 1114112K
  class space    used 4150K, committed 4288K, reserved 1048576K
}
Event: 4.654 GC heap after
{Heap after GC invocations=7 (full 0):
 garbage-first heap   total 90112K, used 26635K [0x0000000700000000, 0x0000000800000000)
  region size 2048K, 4 young (8192K), 4 survivors (8192K)
 Metaspace       used 29575K, committed 29952K, reserved 1114112K
  class space    used 4150K, committed 4288K, reserved 1048576K
}
Event: 5.301 GC heap before
{Heap before GC invocations=7 (full 0):
 garbage-first heap   total 90112K, used 69643K [0x0000000700000000, 0x0000000800000000)
  region size 2048K, 23 young (47104K), 4 survivors (8192K)
 Metaspace       used 32609K, committed 33088K, reserved 1114112K
  class space    used 4501K, committed 4736K, reserved 1048576K
}
Event: 5.310 GC heap after
{Heap after GC invocations=8 (full 0):
 garbage-first heap   total 90112K, used 29714K [0x0000000700000000, 0x0000000800000000)
  region size 2048K, 2 young (4096K), 2 survivors (4096K)
 Metaspace       used 32609K, committed 33088K, reserved 1114112K
  class space    used 4501K, committed 4736K, reserved 1048576K
}
Event: 10.409 GC heap before
{Heap before GC invocations=8 (full 0):
 garbage-first heap   total 90112K, used 64530K [0x0000000700000000, 0x0000000800000000)
  region size 2048K, 19 young (38912K), 2 survivors (4096K)
 Metaspace       used 34838K, committed 35328K, reserved 1114112K
  class space    used 4832K, committed 5056K, reserved 1048576K
}
Event: 10.415 GC heap after
{Heap after GC invocations=9 (full 0):
 garbage-first heap   total 90112K, used 32506K [0x0000000700000000, 0x0000000800000000)
  region size 2048K, 2 young (4096K), 2 survivors (4096K)
 Metaspace       used 34838K, committed 35328K, reserved 1114112K
  class space    used 4832K, committed 5056K, reserved 1048576K
}
Event: 10.542 GC heap before
{Heap before GC invocations=9 (full 0):
 garbage-first heap   total 90112K, used 42746K [0x0000000700000000, 0x0000000800000000)
  region size 2048K, 9 young (18432K), 2 survivors (4096K)
 Metaspace       used 35673K, committed 36096K, reserved 1114112K
  class space    used 4845K, committed 5056K, reserved 1048576K
}
Event: 10.545 GC heap after
{Heap after GC invocations=10 (full 0):
 garbage-first heap   total 90112K, used 33379K [0x0000000700000000, 0x0000000800000000)
  region size 2048K, 2 young (4096K), 2 survivors (4096K)
 Metaspace       used 35673K, committed 36096K, reserved 1114112K
  class space    used 4845K, committed 5056K, reserved 1048576K
}
Event: 12.006 GC heap before
{Heap before GC invocations=11 (full 0):
 garbage-first heap   total 90112K, used 66147K [0x0000000700000000, 0x0000000800000000)
  region size 2048K, 18 young (36864K), 2 survivors (4096K)
 Metaspace       used 39060K, committed 39552K, reserved 1114112K
  class space    used 5415K, committed 5632K, reserved 1048576K
}
Event: 12.013 GC heap after
{Heap after GC invocations=12 (full 0):
 garbage-first heap   total 90112K, used 34287K [0x0000000700000000, 0x0000000800000000)
  region size 2048K, 1 young (2048K), 1 survivors (2048K)
 Metaspace       used 39060K, committed 39552K, reserved 1114112K
  class space    used 5415K, committed 5632K, reserved 1048576K
}
Event: 13.502 GC heap before
{Heap before GC invocations=12 (full 0):
 garbage-first heap   total 90112K, used 67055K [0x0000000700000000, 0x0000000800000000)
  region size 2048K, 17 young (34816K), 1 survivors (2048K)
 Metaspace       used 42676K, committed 43200K, reserved 1114112K
  class space    used 5974K, committed 6208K, reserved 1048576K
}
Event: 13.508 GC heap after
{Heap after GC invocations=13 (full 0):
 garbage-first heap   total 90112K, used 36180K [0x0000000700000000, 0x0000000800000000)
  region size 2048K, 2 young (4096K), 2 survivors (4096K)
 Metaspace       used 42676K, committed 43200K, reserved 1114112K
  class space    used 5974K, committed 6208K, reserved 1048576K
}
Event: 15.391 GC heap before
{Heap before GC invocations=13 (full 0):
 garbage-first heap   total 90112K, used 68948K [0x0000000700000000, 0x0000000800000000)
  region size 2048K, 18 young (36864K), 2 survivors (4096K)
 Metaspace       used 46350K, committed 46976K, reserved 1114112K
  class space    used 6551K, committed 6848K, reserved 1048576K
}
Event: 15.399 GC heap after
{Heap after GC invocations=14 (full 0):
 garbage-first heap   total 90112K, used 38060K [0x0000000700000000, 0x0000000800000000)
  region size 2048K, 2 young (4096K), 2 survivors (4096K)
 Metaspace       used 46350K, committed 46976K, reserved 1114112K
  class space    used 6551K, committed 6848K, reserved 1048576K
}
Event: 15.787 GC heap before
{Heap before GC invocations=14 (full 0):
 garbage-first heap   total 90112K, used 48300K [0x0000000700000000, 0x0000000800000000)
  region size 2048K, 6 young (12288K), 2 survivors (4096K)
 Metaspace       used 46569K, committed 47232K, reserved 1114112K
  class space    used 6573K, committed 6848K, reserved 1048576K
}
Event: 15.793 GC heap after
{Heap after GC invocations=15 (full 0):
 garbage-first heap   total 90112K, used 43786K [0x0000000700000000, 0x0000000800000000)
  region size 2048K, 2 young (4096K), 2 survivors (4096K)
 Metaspace       used 46569K, committed 47232K, reserved 1114112K
  class space    used 6573K, committed 6848K, reserved 1048576K
}
Event: 16.897 GC heap before
{Heap before GC invocations=16 (full 0):
 garbage-first heap   total 90112K, used 72458K [0x0000000700000000, 0x0000000800000000)
  region size 2048K, 14 young (28672K), 2 survivors (4096K)
 Metaspace       used 49336K, committed 49984K, reserved 1114112K
  class space    used 6925K, committed 7232K, reserved 1048576K
}
Event: 16.903 GC heap after
{Heap after GC invocations=17 (full 0):
 garbage-first heap   total 90112K, used 49924K [0x0000000700000000, 0x0000000800000000)
  region size 2048K, 2 young (4096K), 2 survivors (4096K)
 Metaspace       used 49336K, committed 49984K, reserved 1114112K
  class space    used 6925K, committed 7232K, reserved 1048576K
}
Event: 17.832 GC heap before
{Heap before GC invocations=17 (full 0):
 garbage-first heap   total 90112K, used 70404K [0x0000000700000000, 0x0000000800000000)
  region size 2048K, 12 young (24576K), 2 survivors (4096K)
 Metaspace       used 51289K, committed 51904K, reserved 1114112K
  class space    used 7250K, committed 7552K, reserved 1048576K
}
Event: 17.838 GC heap after
{Heap after GC invocations=18 (full 0):
 garbage-first heap   total 90112K, used 51148K [0x0000000700000000, 0x0000000800000000)
  region size 2048K, 1 young (2048K), 1 survivors (2048K)
 Metaspace       used 51289K, committed 51904K, reserved 1114112K
  class space    used 7250K, committed 7552K, reserved 1048576K
}

Dll operation events (15 events):
Event: 0.010 Loaded shared library C:\Program Files\Microsoft\jdk-17.0.10.7-hotspot\bin\java.dll
Event: 0.033 Loaded shared library C:\Program Files\Microsoft\jdk-17.0.10.7-hotspot\bin\jsvml.dll
Event: 0.083 Loaded shared library C:\Program Files\Microsoft\jdk-17.0.10.7-hotspot\bin\zip.dll
Event: 0.086 Loaded shared library C:\Program Files\Microsoft\jdk-17.0.10.7-hotspot\bin\instrument.dll
Event: 0.091 Loaded shared library C:\Program Files\Microsoft\jdk-17.0.10.7-hotspot\bin\net.dll
Event: 0.094 Loaded shared library C:\Program Files\Microsoft\jdk-17.0.10.7-hotspot\bin\nio.dll
Event: 0.097 Loaded shared library C:\Program Files\Microsoft\jdk-17.0.10.7-hotspot\bin\zip.dll
Event: 0.284 Loaded shared library C:\Program Files\Microsoft\jdk-17.0.10.7-hotspot\bin\jimage.dll
Event: 0.341 Loaded shared library C:\Program Files\Microsoft\jdk-17.0.10.7-hotspot\bin\verify.dll
Event: 0.493 Loaded shared library C:\Users\Gericho Miles\.gradle\native\68d5fa5c4cc2d200863cafc0d521ce42e7d3e7ee720ec0a83991735586a16f82\windows-amd64\native-platform.dll
Event: 0.504 Loaded shared library C:\Users\Gericho Miles\.gradle\native\e376f236ea51e6404a007f0833ffe2c6e607c4080706a723a18a27aeea778392\windows-amd64\native-platform-file-events.dll
Event: 1.432 Loaded shared library C:\Program Files\Microsoft\jdk-17.0.10.7-hotspot\bin\management.dll
Event: 1.440 Loaded shared library C:\Program Files\Microsoft\jdk-17.0.10.7-hotspot\bin\management_ext.dll
Event: 1.706 Loaded shared library C:\Program Files\Microsoft\jdk-17.0.10.7-hotspot\bin\extnet.dll
Event: 1.977 Loaded shared library C:\Program Files\Microsoft\jdk-17.0.10.7-hotspot\bin\sunmscapi.dll

Deoptimization events (20 events):
Event: 16.237 Thread 0x000001e2f1f1d110 Uncommon trap: trap_request=0xffffffde fr.pc=0x000001e2d8595660 relative=0x0000000000000160
Event: 16.237 Thread 0x000001e2f1f1d110 Uncommon trap: reason=class_check action=maybe_recompile pc=0x000001e2d8595660 method=java.lang.reflect.Array.newInstance(Ljava/lang/Class;I)Ljava/lang/Object; @ 2 c2
Event: 16.237 Thread 0x000001e2f1f1d110 DEOPT PACKING pc=0x000001e2d8595660 sp=0x000000a4cd6f5590
Event: 16.237 Thread 0x000001e2f1f1d110 DEOPT UNPACKING pc=0x000001e2d7d869a3 sp=0x000000a4cd6f5528 mode 2
Event: 16.335 Thread 0x000001e2f1f1d110 Uncommon trap: trap_request=0xffffff45 fr.pc=0x000001e2d852219c relative=0x000000000000007c
Event: 16.335 Thread 0x000001e2f1f1d110 Uncommon trap: reason=unstable_if action=reinterpret pc=0x000001e2d852219c method=java.util.Spliterator.getExactSizeIfKnown()J @ 9 c2
Event: 16.335 Thread 0x000001e2f1f1d110 DEOPT PACKING pc=0x000001e2d852219c sp=0x000000a4cd6f5f50
Event: 16.335 Thread 0x000001e2f1f1d110 DEOPT UNPACKING pc=0x000001e2d7d869a3 sp=0x000000a4cd6f5ee8 mode 2
Event: 16.656 Thread 0x000001e2f1f1d110 Uncommon trap: trap_request=0xffffff45 fr.pc=0x000001e2d8582b44 relative=0x00000000000004c4
Event: 16.656 Thread 0x000001e2f1f1d110 Uncommon trap: reason=unstable_if action=reinterpret pc=0x000001e2d8582b44 method=org.gradle.internal.service.DefaultServiceRegistry$OwnServices.getService(Ljava/lang/reflect/Type;)Lorg/gradle/internal/service/Service; @ 27 c2
Event: 16.656 Thread 0x000001e2f1f1d110 DEOPT PACKING pc=0x000001e2d8582b44 sp=0x000000a4cd6f7180
Event: 16.656 Thread 0x000001e2f1f1d110 DEOPT UNPACKING pc=0x000001e2d7d869a3 sp=0x000000a4cd6f70f8 mode 2
Event: 17.451 Thread 0x000001e2f1f1d110 Uncommon trap: trap_request=0xffffff45 fr.pc=0x000001e2d85514fc relative=0x000000000000439c
Event: 17.451 Thread 0x000001e2f1f1d110 Uncommon trap: reason=unstable_if action=reinterpret pc=0x000001e2d85514fc method=java.lang.ClassLoader.defineClassSourceLocation(Ljava/security/ProtectionDomain;)Ljava/lang/String; @ 15 c2
Event: 17.451 Thread 0x000001e2f1f1d110 DEOPT PACKING pc=0x000001e2d85514fc sp=0x000000a4cd6f21e0
Event: 17.451 Thread 0x000001e2f1f1d110 DEOPT UNPACKING pc=0x000001e2d7d869a3 sp=0x000000a4cd6f2100 mode 2
Event: 17.777 Thread 0x000001e2f1f1d110 Uncommon trap: trap_request=0xffffffc6 fr.pc=0x000001e2d84cdb28 relative=0x00000000000007c8
Event: 17.777 Thread 0x000001e2f1f1d110 Uncommon trap: reason=bimorphic_or_optimized_type_check action=maybe_recompile pc=0x000001e2d84cdb28 method=java.util.regex.Pattern$Start.match(Ljava/util/regex/Matcher;ILjava/lang/CharSequence;)Z @ 44 c2
Event: 17.777 Thread 0x000001e2f1f1d110 DEOPT PACKING pc=0x000001e2d84cdb28 sp=0x000000a4cd6f5250
Event: 17.777 Thread 0x000001e2f1f1d110 DEOPT UNPACKING pc=0x000001e2d7d869a3 sp=0x000000a4cd6f51c0 mode 2

Classes unloaded (0 events):
No events

Classes redefined (0 events):
No events

Internal exceptions (20 events):
Event: 15.065 Thread 0x000001e2f1f1d110 Exception <a 'java/lang/NoSuchMethodError'{0x0000000703d74bd8}: static Lorg/gradle/api/internal/catalog/PluginModel;.<clinit>()V> (0x0000000703d74bd8) 
thrown [s\src\hotspot\share\prims\jni.cpp, line 1107]
Event: 15.066 Thread 0x000001e2f1f1d110 Exception <a 'java/lang/NoSuchMethodError'{0x0000000703d8b970}: static Lorg/gradle/api/internal/catalog/VersionModel;.<clinit>()V> (0x0000000703d8b970) 
thrown [s\src\hotspot\share\prims\jni.cpp, line 1107]
Event: 15.071 Thread 0x000001e2f1f1d110 Exception <a 'java/lang/NoSuchMethodError'{0x0000000703db14d8}: 'void java.lang.invoke.DirectMethodHandle$Holder.invokeSpecial(java.lang.Object, java.lang.Object, java.lang.Object, int)'> (0x0000000703db14d8) 
thrown [s\src\hotspot\share\interpreter\linkResolver.cpp, line 759]
Event: 15.881 Thread 0x000001e2f1f1d110 Exception <a 'java/lang/ClassNotFoundException'{0x0000000707ce42b8}: org/gradle/api/internal/project/DefaultProject_DecoratedBeanInfo> (0x0000000707ce42b8) 
thrown [s\src\hotspot\share\classfile\systemDictionary.cpp, line 256]
Event: 15.883 Thread 0x000001e2f1f1d110 Exception <a 'java/lang/ClassNotFoundException'{0x0000000707cfd928}: org/gradle/api/internal/project/DefaultProjectBeanInfo> (0x0000000707cfd928) 
thrown [s\src\hotspot\share\classfile\systemDictionary.cpp, line 256]
Event: 15.886 Thread 0x000001e2f1f1d110 Exception <a 'java/lang/ClassNotFoundException'{0x0000000707d17058}: org/gradle/api/internal/project/DefaultProjectCustomizer> (0x0000000707d17058) 
thrown [s\src\hotspot\share\classfile\systemDictionary.cpp, line 256]
Event: 15.898 Thread 0x000001e2f1f1d110 Exception <a 'java/lang/ClassNotFoundException'{0x0000000707dcd710}: org/gradle/api/internal/project/DefaultProject_DecoratedCustomizer> (0x0000000707dcd710) 
thrown [s\src\hotspot\share\classfile\systemDictionary.cpp, line 256]
Event: 15.982 Thread 0x000001e2f1f1d110 Exception <a 'java/lang/IncompatibleClassChangeError'{0x0000000707b527c0}: Found class java.lang.Object, but interface was expected> (0x0000000707b527c0) 
thrown [s\src\hotspot\share\interpreter\linkResolver.cpp, line 826]
Event: 16.070 Thread 0x000001e2f1f1d110 Exception <a 'java/lang/ClassNotFoundException'{0x0000000707930fc8}: org/gradle/api/internal/project/DefaultAntBuilderBeanInfo> (0x0000000707930fc8) 
thrown [s\src\hotspot\share\classfile\systemDictionary.cpp, line 256]
Event: 16.072 Thread 0x000001e2f1f1d110 Exception <a 'java/lang/ClassNotFoundException'{0x000000070794cc50}: org/gradle/api/internal/project/ant/BasicAntBuilderBeanInfo> (0x000000070794cc50) 
thrown [s\src\hotspot\share\classfile\systemDictionary.cpp, line 256]
Event: 16.074 Thread 0x000001e2f1f1d110 Exception <a 'java/lang/ClassNotFoundException'{0x0000000707967ff8}: org/gradle/api/AntBuilderBeanInfo> (0x0000000707967ff8) 
thrown [s\src\hotspot\share\classfile\systemDictionary.cpp, line 256]
Event: 16.077 Thread 0x000001e2f1f1d110 Exception <a 'java/lang/ClassNotFoundException'{0x0000000707985390}: groovy/ant/AntBuilderBeanInfo> (0x0000000707985390) 
thrown [s\src\hotspot\share\classfile\systemDictionary.cpp, line 256]
Event: 16.084 Thread 0x000001e2f1f1d110 Exception <a 'java/lang/ClassNotFoundException'{0x00000007079f17f8}: groovy/util/BuilderSupportBeanInfo> (0x00000007079f17f8) 
thrown [s\src\hotspot\share\classfile\systemDictionary.cpp, line 256]
Event: 16.087 Thread 0x000001e2f1f1d110 Exception <a 'java/lang/ClassNotFoundException'{0x000000070505df30}: groovy/util/BuilderSupportCustomizer> (0x000000070505df30) 
thrown [s\src\hotspot\share\classfile\systemDictionary.cpp, line 256]
Event: 16.090 Thread 0x000001e2f1f1d110 Exception <a 'java/lang/ClassNotFoundException'{0x000000070507d888}: groovy/ant/AntBuilderCustomizer> (0x000000070507d888) 
thrown [s\src\hotspot\share\classfile\systemDictionary.cpp, line 256]
Event: 16.095 Thread 0x000001e2f1f1d110 Exception <a 'java/lang/ClassNotFoundException'{0x000000070509d8b8}: org/gradle/api/AntBuilderCustomizer> (0x000000070509d8b8) 
thrown [s\src\hotspot\share\classfile\systemDictionary.cpp, line 256]
Event: 16.117 Thread 0x000001e2f1f1d110 Exception <a 'java/lang/ClassNotFoundException'{0x00000007050c4750}: org/gradle/api/internal/project/ant/BasicAntBuilderCustomizer> (0x00000007050c4750) 
thrown [s\src\hotspot\share\classfile\systemDictionary.cpp, line 256]
Event: 16.123 Thread 0x000001e2f1f1d110 Exception <a 'java/lang/ClassNotFoundException'{0x00000007050f2310}: org/gradle/api/internal/project/DefaultAntBuilderCustomizer> (0x00000007050f2310) 
thrown [s\src\hotspot\share\classfile\systemDictionary.cpp, line 256]
Event: 16.221 Thread 0x000001e2f1f1d110 Exception <a 'java/lang/IncompatibleClassChangeError'{0x0000000704b0c5e0}: Found class java.lang.Object, but interface was expected> (0x0000000704b0c5e0) 
thrown [s\src\hotspot\share\interpreter\linkResolver.cpp, line 826]
Event: 17.451 Thread 0x000001e2f1f1d110 Implicit null exception at 0x000001e2d854d7b2 to 0x000001e2d85514d4

VM Operations (20 events):
Event: 15.377 Executing VM operation: HandshakeAllThreads
Event: 15.377 Executing VM operation: HandshakeAllThreads done
Event: 15.391 Executing VM operation: G1CollectForAllocation
Event: 15.399 Executing VM operation: G1CollectForAllocation done
Event: 15.704 Executing VM operation: HandshakeAllThreads
Event: 15.705 Executing VM operation: HandshakeAllThreads done
Event: 15.787 Executing VM operation: G1TryInitiateConcMark
Event: 15.793 Executing VM operation: G1TryInitiateConcMark done
Event: 15.837 Executing VM operation: G1PauseRemark
Event: 15.840 Executing VM operation: G1PauseRemark done
Event: 15.858 Executing VM operation: G1PauseCleanup
Event: 15.858 Executing VM operation: G1PauseCleanup done
Event: 16.862 Executing VM operation: Cleanup
Event: 16.862 Executing VM operation: Cleanup done
Event: 16.897 Executing VM operation: G1CollectForAllocation
Event: 16.903 Executing VM operation: G1CollectForAllocation done
Event: 17.832 Executing VM operation: G1CollectForAllocation
Event: 17.840 Executing VM operation: G1CollectForAllocation done
Event: 17.893 Executing VM operation: G1PauseRemark
Event: 17.896 Executing VM operation: G1PauseRemark done

Events (20 events):
Event: 17.297 loading class com/sun/org/apache/xerces/internal/utils/XMLSecurityPropertyManager$Property done
Event: 17.354 loading class java/util/regex/Pattern$SliceI
Event: 17.355 loading class java/util/regex/Pattern$SliceI done
Event: 17.396 loading class javax/management/InstanceNotFoundException
Event: 17.396 loading class javax/management/InstanceNotFoundException done
Event: 17.396 loading class javax/management/ReflectionException
Event: 17.444 loading class javax/management/ReflectionException done
Event: 17.444 loading class javax/management/MalformedObjectNameException
Event: 17.444 loading class javax/management/MalformedObjectNameException done
Event: 17.444 loading class javax/management/MBeanException
Event: 17.444 loading class javax/management/MBeanException done
Event: 17.445 loading class javax/management/AttributeNotFoundException
Event: 17.445 loading class javax/management/AttributeNotFoundException done
Event: 17.445 loading class sun/reflect/misc/MethodUtil
Event: 17.448 loading class sun/reflect/misc/MethodUtil done
Event: 17.449 loading class sun/reflect/misc/MethodUtil$1
Event: 17.449 loading class sun/reflect/misc/MethodUtil$1 done
Event: 17.459 Thread 0x000001e2f0320cd0 Thread added: 0x000001e2f0320cd0
Event: 17.466 loading class java/lang/Byte$ByteCache
Event: 17.466 loading class java/lang/Byte$ByteCache done


Dynamic libraries:
0x00007ff6ac490000 - 0x00007ff6ac49e000 	C:\Program Files\Microsoft\jdk-17.0.10.7-hotspot\bin\java.exe
0x00007fff32ff0000 - 0x00007fff33206000 	C:\WINDOWS\SYSTEM32\ntdll.dll
0x00007fff31670000 - 0x00007fff31734000 	C:\WINDOWS\System32\KERNEL32.DLL
0x00007fff30970000 - 0x00007fff30d17000 	C:\WINDOWS\System32\KERNELBASE.dll
0x00007fff304e0000 - 0x00007fff305f1000 	C:\WINDOWS\System32\ucrtbase.dll
0x00007fff2def0000 - 0x00007fff2df07000 	C:\Program Files\Microsoft\jdk-17.0.10.7-hotspot\bin\jli.dll
0x00007fff2a080000 - 0x00007fff2a09b000 	C:\Program Files\Microsoft\jdk-17.0.10.7-hotspot\bin\VCRUNTIME140.dll
0x00007fff310c0000 - 0x00007fff3126e000 	C:\WINDOWS\System32\USER32.dll
0x00007fff15d20000 - 0x00007fff15fb3000 	C:\WINDOWS\WinSxS\amd64_microsoft.windows.common-controls_6595b64144ccf1df_6.0.22621.3235_none_270f74e173860f98\COMCTL32.dll
0x00007fff30600000 - 0x00007fff30626000 	C:\WINDOWS\System32\win32u.dll
0x00007fff31540000 - 0x00007fff315e7000 	C:\WINDOWS\System32\msvcrt.dll
0x00007fff32f00000 - 0x00007fff32f29000 	C:\WINDOWS\System32\GDI32.dll
0x00007fff30660000 - 0x00007fff30779000 	C:\WINDOWS\System32\gdi32full.dll
0x00007fff30310000 - 0x00007fff303aa000 	C:\WINDOWS\System32\msvcp_win.dll
0x00007fff31740000 - 0x00007fff31771000 	C:\WINDOWS\System32\IMM32.DLL
0x00007fff2dbb0000 - 0x00007fff2dbbc000 	C:\Program Files\Microsoft\jdk-17.0.10.7-hotspot\bin\vcruntime140_1.dll
0x00007fff08f90000 - 0x00007fff0901d000 	C:\Program Files\Microsoft\jdk-17.0.10.7-hotspot\bin\msvcp140.dll
0x00007ffea2800000 - 0x00007ffea3465000 	C:\Program Files\Microsoft\jdk-17.0.10.7-hotspot\bin\server\jvm.dll
0x00007fff32df0000 - 0x00007fff32ea2000 	C:\WINDOWS\System32\ADVAPI32.dll
0x00007fff323a0000 - 0x00007fff32448000 	C:\WINDOWS\System32\sechost.dll
0x00007fff30630000 - 0x00007fff30658000 	C:\WINDOWS\System32\bcrypt.dll
0x00007fff328d0000 - 0x00007fff329e5000 	C:\WINDOWS\System32\RPCRT4.dll
0x00007fff2f170000 - 0x00007fff2f1bd000 	C:\WINDOWS\SYSTEM32\POWRPROF.dll
0x00007fff0c7b0000 - 0x00007fff0c7b9000 	C:\WINDOWS\SYSTEM32\WSOCK32.dll
0x00007fff28b10000 - 0x00007fff28b44000 	C:\WINDOWS\SYSTEM32\WINMM.dll
0x00007fff329f0000 - 0x00007fff32a61000 	C:\WINDOWS\System32\WS2_32.dll
0x00007fff27120000 - 0x00007fff2712a000 	C:\WINDOWS\SYSTEM32\VERSION.dll
0x00007fff2f150000 - 0x00007fff2f163000 	C:\WINDOWS\SYSTEM32\UMPDC.dll
0x00007fff2f400000 - 0x00007fff2f418000 	C:\WINDOWS\SYSTEM32\kernel.appcore.dll
0x00007fff2db80000 - 0x00007fff2db8a000 	C:\Program Files\Microsoft\jdk-17.0.10.7-hotspot\bin\jimage.dll
0x00007fff2dc60000 - 0x00007fff2de93000 	C:\WINDOWS\SYSTEM32\DBGHELP.DLL
0x00007fff30d30000 - 0x00007fff310b8000 	C:\WINDOWS\System32\combase.dll
0x00007fff31290000 - 0x00007fff31367000 	C:\WINDOWS\System32\OLEAUT32.dll
0x00007fff243f0000 - 0x00007fff24422000 	C:\WINDOWS\SYSTEM32\dbgcore.DLL
0x00007fff308f0000 - 0x00007fff30969000 	C:\WINDOWS\System32\bcryptPrimitives.dll
0x00007fff05540000 - 0x00007fff0554e000 	C:\Program Files\Microsoft\jdk-17.0.10.7-hotspot\bin\instrument.dll
0x00007fff16050000 - 0x00007fff16075000 	C:\Program Files\Microsoft\jdk-17.0.10.7-hotspot\bin\java.dll
0x00007ffefa910000 - 0x00007ffefa9e7000 	C:\Program Files\Microsoft\jdk-17.0.10.7-hotspot\bin\jsvml.dll
0x00007fff31780000 - 0x00007fff31fdc000 	C:\WINDOWS\System32\SHELL32.dll
0x00007fff2e230000 - 0x00007fff2eb29000 	C:\WINDOWS\SYSTEM32\windows.storage.dll
0x00007fff2e0f0000 - 0x00007fff2e22e000 	C:\WINDOWS\SYSTEM32\wintypes.dll
0x00007fff32190000 - 0x00007fff32283000 	C:\WINDOWS\System32\SHCORE.dll
0x00007fff31610000 - 0x00007fff3166e000 	C:\WINDOWS\System32\shlwapi.dll
0x00007fff30240000 - 0x00007fff30261000 	C:\WINDOWS\SYSTEM32\profapi.dll
0x00007fff272f0000 - 0x00007fff27308000 	C:\Program Files\Microsoft\jdk-17.0.10.7-hotspot\bin\zip.dll
0x00007fff27370000 - 0x00007fff27389000 	C:\Program Files\Microsoft\jdk-17.0.10.7-hotspot\bin\net.dll
0x00007fff29d50000 - 0x00007fff29e86000 	C:\WINDOWS\SYSTEM32\WINHTTP.dll
0x00007fff2f870000 - 0x00007fff2f8d9000 	C:\WINDOWS\system32\mswsock.dll
0x00007fff27340000 - 0x00007fff27356000 	C:\Program Files\Microsoft\jdk-17.0.10.7-hotspot\bin\nio.dll
0x00007fff2dec0000 - 0x00007fff2ded0000 	C:\Program Files\Microsoft\jdk-17.0.10.7-hotspot\bin\verify.dll
0x00007ffedbcd0000 - 0x00007ffedbcf7000 	C:\Users\Gericho Miles\.gradle\native\68d5fa5c4cc2d200863cafc0d521ce42e7d3e7ee720ec0a83991735586a16f82\windows-amd64\native-platform.dll
0x00007ffeab620000 - 0x00007ffeab764000 	C:\Users\Gericho Miles\.gradle\native\e376f236ea51e6404a007f0833ffe2c6e607c4080706a723a18a27aeea778392\windows-amd64\native-platform-file-events.dll
0x00007fff29b70000 - 0x00007fff29b79000 	C:\Program Files\Microsoft\jdk-17.0.10.7-hotspot\bin\management.dll
0x00007fff1ff80000 - 0x00007fff1ff8b000 	C:\Program Files\Microsoft\jdk-17.0.10.7-hotspot\bin\management_ext.dll
0x00007fff30d20000 - 0x00007fff30d28000 	C:\WINDOWS\System32\PSAPI.DLL
0x00007fff2faa0000 - 0x00007fff2fabb000 	C:\WINDOWS\SYSTEM32\CRYPTSP.dll
0x00007fff2f360000 - 0x00007fff2f395000 	C:\WINDOWS\system32\rsaenh.dll
0x00007fff2f930000 - 0x00007fff2f958000 	C:\WINDOWS\SYSTEM32\USERENV.dll
0x00007fff2fac0000 - 0x00007fff2facc000 	C:\WINDOWS\SYSTEM32\CRYPTBASE.dll
0x00007fff2ee00000 - 0x00007fff2ee2d000 	C:\WINDOWS\SYSTEM32\IPHLPAPI.DLL
0x00007fff31530000 - 0x00007fff31539000 	C:\WINDOWS\System32\NSI.dll
0x00007fff2a300000 - 0x00007fff2a319000 	C:\WINDOWS\SYSTEM32\dhcpcsvc6.DLL
0x00007fff2a0f0000 - 0x00007fff2a10f000 	C:\WINDOWS\SYSTEM32\dhcpcsvc.DLL
0x00007fff2ee70000 - 0x00007fff2ef69000 	C:\WINDOWS\SYSTEM32\DNSAPI.dll
0x00007fff1bbd0000 - 0x00007fff1bbd9000 	C:\Program Files\Microsoft\jdk-17.0.10.7-hotspot\bin\extnet.dll
0x00007fff1e230000 - 0x00007fff1e23e000 	C:\Program Files\Microsoft\jdk-17.0.10.7-hotspot\bin\sunmscapi.dll
0x00007fff30780000 - 0x00007fff308e7000 	C:\WINDOWS\System32\CRYPT32.dll
0x00007fff2fcb0000 - 0x00007fff2fcde000 	C:\WINDOWS\SYSTEM32\ncrypt.dll
0x00007fff2fc70000 - 0x00007fff2fca7000 	C:\WINDOWS\SYSTEM32\NTASN1.dll
0x00007fff1e220000 - 0x00007fff1e228000 	C:\WINDOWS\system32\wshunix.dll

dbghelp: loaded successfully - version: 4.0.5 - missing functions: none
symbol engine: initialized successfully - sym options: 0x614 - pdb path: .;C:\Program Files\Microsoft\jdk-17.0.10.7-hotspot\bin;C:\WINDOWS\SYSTEM32;C:\WINDOWS\WinSxS\amd64_microsoft.windows.common-controls_6595b64144ccf1df_6.0.22621.3235_none_270f74e173860f98;C:\Program Files\Microsoft\jdk-17.0.10.7-hotspot\bin\server;C:\Users\Gericho Miles\.gradle\native\68d5fa5c4cc2d200863cafc0d521ce42e7d3e7ee720ec0a83991735586a16f82\windows-amd64;C:\Users\Gericho Miles\.gradle\native\e376f236ea51e6404a007f0833ffe2c6e607c4080706a723a18a27aeea778392\windows-amd64

VM Arguments:
jvm_args: --add-opens=java.base/java.util=ALL-UNNAMED --add-opens=java.base/java.lang=ALL-UNNAMED --add-opens=java.base/java.lang.invoke=ALL-UNNAMED --add-opens=java.prefs/java.util.prefs=ALL-UNNAMED --add-opens=java.base/java.nio.charset=ALL-UNNAMED --add-opens=java.base/java.net=ALL-UNNAMED --add-opens=java.base/java.util.concurrent.atomic=ALL-UNNAMED -Xmx4g -Dfile.encoding=windows-1252 -Duser.country=US -Duser.language=en -Duser.variant -javaagent:C:\Users\Gericho Miles\.gradle\wrapper\dists\gradle-8.3-all\6en3ugtfdg5xnpx44z4qbwgas\gradle-8.3\lib\agents\gradle-instrumentation-agent-8.3.jar 
java_command: org.gradle.launcher.daemon.bootstrap.GradleDaemon 8.3
java_class_path (initial): C:\Users\Gericho Miles\.gradle\wrapper\dists\gradle-8.3-all\6en3ugtfdg5xnpx44z4qbwgas\gradle-8.3\lib\gradle-launcher-8.3.jar
Launcher Type: SUN_STANDARD

[Global flags]
     intx CICompilerCount                          = 4                                         {product} {ergonomic}
     uint ConcGCThreads                            = 2                                         {product} {ergonomic}
     uint G1ConcRefinementThreads                  = 8                                         {product} {ergonomic}
   size_t G1HeapRegionSize                         = 2097152                                   {product} {ergonomic}
    uintx GCDrainStackTargetSize                   = 64                                        {product} {ergonomic}
   size_t InitialHeapSize                          = 132120576                                 {product} {ergonomic}
   size_t MarkStackSize                            = 4194304                                   {product} {ergonomic}
   size_t MaxHeapSize                              = 4294967296                                {product} {command line}
   size_t MaxNewSize                               = 2575302656                                {product} {ergonomic}
   size_t MinHeapDeltaBytes                        = 2097152                                   {product} {ergonomic}
   size_t MinHeapSize                              = 8388608                                   {product} {ergonomic}
    uintx NonNMethodCodeHeapSize                   = 5839372                                {pd product} {ergonomic}
    uintx NonProfiledCodeHeapSize                  = 122909434                              {pd product} {ergonomic}
    uintx ProfiledCodeHeapSize                     = 122909434                              {pd product} {ergonomic}
    uintx ReservedCodeCacheSize                    = 251658240                              {pd product} {ergonomic}
     bool SegmentedCodeCache                       = true                                      {product} {ergonomic}
   size_t SoftMaxHeapSize                          = 4294967296                             {manageable} {ergonomic}
     bool UseCompressedClassPointers               = true                           {product lp64_product} {ergonomic}
     bool UseCompressedOops                        = true                           {product lp64_product} {ergonomic}
     bool UseG1GC                                  = true                                      {product} {ergonomic}
     bool UseLargePagesIndividualAllocation        = false                                  {pd product} {ergonomic}

Logging:
Log output configuration:
 #0: stdout all=warning uptime,level,tags
 #1: stderr all=off uptime,level,tags

Environment Variables:
JAVA_HOME=C:\Program Files\Microsoft\jdk-17.0.10.7-hotspot\
CLASSPATH=C:\xampp\htdocs\MobImageProcessing\MIP\android\\gradle\wrapper\gradle-wrapper.jar
PATH=C:\xampp\htdocs\MobImageProcessing\MIP\node_modules\.bin;C:\xampp\htdocs\MobImageProcessing\MIP\node_modules\.bin;C:\xampp\htdocs\MobImageProcessing\node_modules\.bin;C:\xampp\htdocs\node_modules\.bin;C:\xampp\node_modules\.bin;C:\node_modules\.bin;C:\Program Files\nodejs\node_modules\npm\node_modules\@npmcli\run-script\lib\node-gyp-bin;C:\xampp\htdocs\MobImageProcessing\MIP\node_modules\.bin;C:\xampp\htdocs\MobImageProcessing\node_modules\.bin;C:\xampp\htdocs\node_modules\.bin;C:\xampp\node_modules\.bin;C:\node_modules\.bin;C:\Program Files\nodejs\node_modules\npm\node_modules\@npmcli\run-script\lib\node-gyp-bin;C:\Python312\Scripts\;C:\Python312\;C:\Program Files\Microsoft\jdk-17.0.10.7-hotspot\bin;C:\xampp\php;C:\Program Files\Java\jdk-19\bin;C:\Windows\System32;C:\Program Files\Git\cmd;C:\ProgramData\chocolatey\bin;C:\Users\Gericho Miles\AppData\Local\Android\Sdk\platform-tools;C:\Users\Gericho Miles\AppData\Local\Programs\Python\Python311;C:\composer;C:\Users\Gericho Miles\AppData\Local\Programs\Python\Python311\Tools\scripts;C:\Program Files\nodejs\;C:\Python312\Lib\site-packages;C:\Users\Gericho Miles\AppData\Local\Programs\Python\Python311\Scripts\;C:\Users\Gericho Miles\AppData\Local\Programs\Python\Python311\;C:\Users\Gericho Miles\Downloads\mongosh-2.1.5-win32-x64\mongosh-2.1.5-win32-x64\bin;C:\Users\Gericho Miles\AppData\Local\Programs\Python\Python311;C:\Users\Gericho Miles\AppData\Roaming\Composer\vendor\bin;C:\Users\Gericho Miles\AppData\Local\Programs\Microsoft VS Code\bin;C:\Users\Gericho Miles\AppData\Local\Programs\Python\Python311\Tools\scripts;C:\Users\Gericho Miles\AppData\Roaming\npm;C:\Python312\Lib\site-packages;C:\Python312\;C:\Python312\Scripts\;
USERNAME=Gericho Miles
OS=Windows_NT
PROCESSOR_IDENTIFIER=Intel64 Family 6 Model 165 Stepping 2, GenuineIntel
TMP=C:\Users\GERICH~1\AppData\Local\Temp
TEMP=C:\Users\GERICH~1\AppData\Local\Temp



Periodic native trim disabled


---------------  S Y S T E M  ---------------

OS:
 Windows 11 , 64 bit Build 22621 (10.0.22621.3374)
OS uptime: 16 days 13:53 hours
Hyper-V role detected

CPU: total 8 (initial active 8) (4 cores per cpu, 2 threads per core) family 6 model 165 stepping 2 microcode 0xe2, cx8, cmov, fxsr, ht, mmx, 3dnowpref, sse, sse2, sse3, ssse3, sse4.1, sse4.2, popcnt, lzcnt, tsc, tscinvbit, avx, avx2, aes, erms, clmul, bmi1, bmi2, adx, fma, vzeroupper, clflush, clflushopt, hv
Processor Information for all 8 processors :
  Max Mhz: 2496, Current Mhz: 2496, Mhz Limit: 2496

Memory: 4k page, system-wide physical 8023M (435M free)
TotalPageFile size 32599M (AvailPageFile size 5M)
current process WorkingSet (physical memory assigned to process): 263M, peak: 269M
current process commit charge ("private bytes"): 306M, peak: 310M

vm_info: OpenJDK 64-Bit Server VM (17.0.10+7-LTS) for windows-amd64 JRE (17.0.10+7-LTS), built on Jan 10 2024 19:47:12 by "MicrosoftCorporation" with MS VC++ 16.10 / 16.11 (VS2019)

END.
