#
# There is insufficient memory for the Java Runtime Environment to continue.
# Native memory allocation (malloc) failed to allocate 1285296 bytes for Chunk::new
# Possible reasons:
#   The system is out of physical RAM or swap space
#   The process is running with CompressedOops enabled, and the Java Heap may be blocking the growth of the native heap
# Possible solutions:
#   Reduce memory load on the system
#   Increase physical memory or swap space
#   Check if swap backing store is full
#   Decrease Java heap size (-Xmx/-Xms)
#   Decrease number of Java threads
#   Decrease Java thread stack sizes (-Xss)
#   Set larger code cache with -XX:ReservedCodeCacheSize=
#   JVM is running with Zero Based Compressed Oops mode in which the Java heap is
#     placed in the first 32GB address space. The Java Heap base address is the
#     maximum limit for the native heap growth. Please use -XX:HeapBaseMinAddress
#     to set the Java Heap base and to place the Java Heap above 32GB virtual address.
# This output file may be truncated or incomplete.
#
#  Out of Memory Error (arena.cpp:191), pid=14960, tid=35308
#
# JRE version: OpenJDK Runtime Environment Microsoft-8902769 (17.0.10+7) (build 17.0.10+7-LTS)
# Java VM: OpenJDK 64-Bit Server VM Microsoft-8902769 (17.0.10+7-LTS, mixed mode, sharing, tiered, compressed oops, compressed class ptrs, g1 gc, windows-amd64)
# No core dump will be written. Minidumps are not enabled by default on client versions of Windows
#

---------------  S U M M A R Y ------------

Command Line: --add-opens=java.base/java.util=ALL-UNNAMED --add-opens=java.base/java.lang=ALL-UNNAMED --add-opens=java.base/java.lang.invoke=ALL-UNNAMED --add-opens=java.prefs/java.util.prefs=ALL-UNNAMED --add-opens=java.base/java.nio.charset=ALL-UNNAMED --add-opens=java.base/java.net=ALL-UNNAMED --add-opens=java.base/java.util.concurrent.atomic=ALL-UNNAMED -Xmx4g -Dfile.encoding=windows-1252 -Duser.country=US -Duser.language=en -Duser.variant -javaagent:C:\Users\Gericho Miles\.gradle\wrapper\dists\gradle-8.3-all\6en3ugtfdg5xnpx44z4qbwgas\gradle-8.3\lib\agents\gradle-instrumentation-agent-8.3.jar org.gradle.launcher.daemon.bootstrap.GradleDaemon 8.3

Host: Intel(R) Core(TM) i5-10300H CPU @ 2.50GHz, 8 cores, 7G,  Windows 11 , 64 bit Build 22621 (10.0.22621.3374)
Time: Mon Apr 29 17:25:39 2024 Malay Peninsula Standard Time elapsed time: 6.823860 seconds (0d 0h 0m 6s)

---------------  T H R E A D  ---------------

Current thread (0x00000207262371b0):  JavaThread "C2 CompilerThread0" daemon [_thread_in_native, id=35308, stack(0x000000f148c00000,0x000000f148d00000)]


Current CompileTask:
C2:   6823 2351   !   4       java.net.URLClassLoader::findClass (47 bytes)

Stack: [0x000000f148c00000,0x000000f148d00000]
Native frames: (J=compiled Java code, j=interpreted, Vv=VM code, C=native code)
V  [jvm.dll+0x67f829]
V  [jvm.dll+0x83750a]
V  [jvm.dll+0x838fce]
V  [jvm.dll+0x839633]
V  [jvm.dll+0x247cbf]
V  [jvm.dll+0xac524]
V  [jvm.dll+0xacb6c]
V  [jvm.dll+0x368ca2]
V  [jvm.dll+0x1bcfd6]
V  [jvm.dll+0x21a559]
V  [jvm.dll+0x219821]
V  [jvm.dll+0x1a5176]
V  [jvm.dll+0x22957e]
V  [jvm.dll+0x22774c]
V  [jvm.dll+0x7ec5d7]
V  [jvm.dll+0x7e69da]
V  [jvm.dll+0x67e715]
C  [ucrtbase.dll+0x29333]
C  [KERNEL32.DLL+0x1257d]
C  [ntdll.dll+0x5aa48]


---------------  P R O C E S S  ---------------

Threads class SMR info:
_java_thread_list=0x000002076c215b70, length=26, elements={
0x0000020701202680, 0x000002072621a040, 0x000002072621add0, 0x0000020726231410,
0x0000020726232f50, 0x0000020726235c30, 0x0000020726236500, 0x00000207262371b0,
0x000002072626e220, 0x000002072626e740, 0x0000020726206480, 0x0000020726566a20,
0x000002076c8dd3f0, 0x000002076c800900, 0x000002076c7a1dc0, 0x000002076cd49800,
0x000002076cc148c0, 0x000002076dab4840, 0x000002076d3e5cb0, 0x000002076c0fa580,
0x000002076c855880, 0x000002076c857bf0, 0x000002076c855d90, 0x000002076c856cc0,
0x000002076c858610, 0x000002076c5d39f0
}

Java Threads: ( => current thread )
  0x0000020701202680 JavaThread "main" [_thread_blocked, id=19548, stack(0x000000f147f00000,0x000000f148000000)]
  0x000002072621a040 JavaThread "Reference Handler" daemon [_thread_blocked, id=15836, stack(0x000000f148600000,0x000000f148700000)]
  0x000002072621add0 JavaThread "Finalizer" daemon [_thread_blocked, id=32912, stack(0x000000f148700000,0x000000f148800000)]
  0x0000020726231410 JavaThread "Signal Dispatcher" daemon [_thread_blocked, id=38560, stack(0x000000f148800000,0x000000f148900000)]
  0x0000020726232f50 JavaThread "Attach Listener" daemon [_thread_blocked, id=34276, stack(0x000000f148900000,0x000000f148a00000)]
  0x0000020726235c30 JavaThread "Service Thread" daemon [_thread_blocked, id=1576, stack(0x000000f148a00000,0x000000f148b00000)]
  0x0000020726236500 JavaThread "Monitor Deflation Thread" daemon [_thread_blocked, id=30596, stack(0x000000f148b00000,0x000000f148c00000)]
=>0x00000207262371b0 JavaThread "C2 CompilerThread0" daemon [_thread_in_native, id=35308, stack(0x000000f148c00000,0x000000f148d00000)]
  0x000002072626e220 JavaThread "C1 CompilerThread0" daemon [_thread_in_vm, id=24136, stack(0x000000f148d00000,0x000000f148e00000)]
  0x000002072626e740 JavaThread "Sweeper thread" daemon [_thread_blocked, id=11732, stack(0x000000f148e00000,0x000000f148f00000)]
  0x0000020726206480 JavaThread "Common-Cleaner" daemon [_thread_blocked, id=17596, stack(0x000000f148f00000,0x000000f149000000)]
  0x0000020726566a20 JavaThread "Notification Thread" daemon [_thread_blocked, id=21508, stack(0x000000f149000000,0x000000f149100000)]
  0x000002076c8dd3f0 JavaThread "Daemon health stats" [_thread_blocked, id=8116, stack(0x000000f149700000,0x000000f149800000)]
  0x000002076c800900 JavaThread "Incoming local TCP Connector on port 49217" [_thread_in_native, id=34968, stack(0x000000f149600000,0x000000f149700000)]
  0x000002076c7a1dc0 JavaThread "Daemon periodic checks" [_thread_blocked, id=29948, stack(0x000000f149800000,0x000000f149900000)]
  0x000002076cd49800 JavaThread "Daemon" [_thread_blocked, id=23836, stack(0x000000f149900000,0x000000f149a00000)]
  0x000002076cc148c0 JavaThread "Handler for socket connection from /127.0.0.1:49217 to /127.0.0.1:49218" [_thread_in_native, id=28248, stack(0x000000f149a00000,0x000000f149b00000)]
  0x000002076dab4840 JavaThread "Cancel handler" [_thread_blocked, id=23568, stack(0x000000f149b00000,0x000000f149c00000)]
  0x000002076d3e5cb0 JavaThread "Daemon worker" [_thread_in_native, id=29348, stack(0x000000f149c00000,0x000000f149d00000)]
  0x000002076c0fa580 JavaThread "Asynchronous log dispatcher for DefaultDaemonConnection: socket connection from /127.0.0.1:49217 to /127.0.0.1:49218" [_thread_blocked, id=13852, stack(0x000000f149d00000,0x000000f149e00000)]
  0x000002076c855880 JavaThread "Stdin handler" [_thread_blocked, id=23176, stack(0x000000f149e00000,0x000000f149f00000)]
  0x000002076c857bf0 JavaThread "Daemon client event forwarder" [_thread_blocked, id=4592, stack(0x000000f149f00000,0x000000f14a000000)]
  0x000002076c855d90 JavaThread "Cache worker for journal cache (C:\Users\Gericho Miles\.gradle\caches\journal-1)" [_thread_blocked, id=3636, stack(0x000000f14a000000,0x000000f14a100000)]
  0x000002076c856cc0 JavaThread "File lock request listener" [_thread_in_native, id=27812, stack(0x000000f14a100000,0x000000f14a200000)]
  0x000002076c858610 JavaThread "Cache worker for file hash cache (C:\Users\Gericho Miles\.gradle\caches\8.3\fileHashes)" [_thread_blocked, id=30252, stack(0x000000f14a500000,0x000000f14a600000)]
  0x000002076c5d39f0 JavaThread "C2 CompilerThread1" daemon [_thread_in_native, id=7296, stack(0x000000f14a600000,0x000000f14a700000)]

Other Threads:
  0x00000207262131d0 VMThread "VM Thread" [stack: 0x000000f148500000,0x000000f148600000] [id=2852]
  0x0000020726537740 WatcherThread [stack: 0x000000f149100000,0x000000f149200000] [id=23896]
  0x000002070126f4d0 GCTaskThread "GC Thread#0" [stack: 0x000000f148000000,0x000000f148100000] [id=28728]
  0x0000020726ef0130 GCTaskThread "GC Thread#1" [stack: 0x000000f149300000,0x000000f149400000] [id=13864]
  0x0000020726efe500 GCTaskThread "GC Thread#2" [stack: 0x000000f149400000,0x000000f149500000] [id=31344]
  0x000002076c172180 GCTaskThread "GC Thread#3" [stack: 0x000000f149500000,0x000000f149600000] [id=34408]
  0x0000020726f25600 GCTaskThread "GC Thread#4" [stack: 0x000000f149200000,0x000000f149300000] [id=38476]
  0x000002076d05a9e0 GCTaskThread "GC Thread#5" [stack: 0x000000f14a200000,0x000000f14a300000] [id=16324]
  0x000002076d05a460 GCTaskThread "GC Thread#6" [stack: 0x000000f14a300000,0x000000f14a400000] [id=30000]
  0x000002076d05b7a0 GCTaskThread "GC Thread#7" [stack: 0x000000f14a400000,0x000000f14a500000] [id=16356]
  0x0000020701280330 ConcurrentGCThread "G1 Main Marker" [stack: 0x000000f148100000,0x000000f148200000] [id=22716]
  0x0000020701280c60 ConcurrentGCThread "G1 Conc#0" [stack: 0x000000f148200000,0x000000f148300000] [id=33104]
  0x00000207012aebe0 ConcurrentGCThread "G1 Refine#0" [stack: 0x000000f148300000,0x000000f148400000] [id=14112]
  0x00000207260d1600 ConcurrentGCThread "G1 Service" [stack: 0x000000f148400000,0x000000f148500000] [id=21020]

Threads with active compile tasks:
C2 CompilerThread0     6841 2351   !   4       java.net.URLClassLoader::findClass (47 bytes)
C1 CompilerThread0     6841 2486       3       org.gradle.internal.service.DefaultServiceRegistry$OwnServices::instanceRealized (233 bytes)
C2 CompilerThread1     6841 2465       4       java.net.URLClassLoader$1::run (5 bytes)

VM state: not at safepoint (normal execution)

VM Mutex/Monitor currently owned by a thread: None

Heap address: 0x0000000700000000, size: 4096 MB, Compressed Oops mode: Zero based, Oop shift amount: 3

CDS archive(s) mapped at: [0x0000020727000000-0x0000020727bb0000-0x0000020727bb0000), size 12255232, SharedBaseAddress: 0x0000020727000000, ArchiveRelocationMode: 1.
Compressed class space mapped at: 0x0000020728000000-0x0000020768000000, reserved size: 1073741824
Narrow klass base: 0x0000020727000000, Narrow klass shift: 0, Narrow klass range: 0x100000000

GC Precious Log:
 CPUs: 8 total, 8 available
 Memory: 8023M
 Large Page Support: Disabled
 NUMA Support: Disabled
 Compressed Oops: Enabled (Zero based)
 Heap Region Size: 2M
 Heap Min Capacity: 8M
 Heap Initial Capacity: 126M
 Heap Max Capacity: 4G
 Pre-touch: Disabled
 Parallel Workers: 8
 Concurrent Workers: 2
 Concurrent Refinement Workers: 8
 Periodic GC: Disabled

Heap:
 garbage-first heap   total 129024K, used 48551K [0x0000000700000000, 0x0000000800000000)
  region size 2048K, 20 young (40960K), 5 survivors (10240K)
 Metaspace       used 17711K, committed 18048K, reserved 1114112K
  class space    used 2572K, committed 2752K, reserved 1048576K

Heap Regions: E=young(eden), S=young(survivor), O=old, HS=humongous(starts), HC=humongous(continues), CS=collection set, F=free, OA=open archive, CA=closed archive, TAMS=top-at-mark-start (previous, next)
|   0|0x0000000700000000, 0x0000000700200000, 0x0000000700200000|100%|HS|  |TAMS 0x0000000700000000, 0x0000000700000000| Complete 
|   1|0x0000000700200000, 0x0000000700400000, 0x0000000700400000|100%|HC|  |TAMS 0x0000000700200000, 0x0000000700200000| Complete 
|   2|0x0000000700400000, 0x0000000700600000, 0x0000000700600000|100%| O|  |TAMS 0x0000000700400000, 0x0000000700400000| Untracked 
|   3|0x0000000700600000, 0x0000000700800000, 0x0000000700800000|100%| O|  |TAMS 0x0000000700600000, 0x0000000700600000| Untracked 
|   4|0x0000000700800000, 0x0000000700a00000, 0x0000000700a00000|100%| O|  |TAMS 0x0000000700800000, 0x0000000700800000| Untracked 
|   5|0x0000000700a00000, 0x0000000700a5b800, 0x0000000700c00000| 17%| O|  |TAMS 0x0000000700a00000, 0x0000000700a00000| Untracked 
|   6|0x0000000700c00000, 0x0000000700c00000, 0x0000000700e00000|  0%| F|  |TAMS 0x0000000700c00000, 0x0000000700c00000| Untracked 
|   7|0x0000000700e00000, 0x0000000700e00000, 0x0000000701000000|  0%| F|  |TAMS 0x0000000700e00000, 0x0000000700e00000| Untracked 
|   8|0x0000000701000000, 0x0000000701000000, 0x0000000701200000|  0%| F|  |TAMS 0x0000000701000000, 0x0000000701000000| Untracked 
|   9|0x0000000701200000, 0x0000000701200000, 0x0000000701400000|  0%| F|  |TAMS 0x0000000701200000, 0x0000000701200000| Untracked 
|  10|0x0000000701400000, 0x0000000701400000, 0x0000000701600000|  0%| F|  |TAMS 0x0000000701400000, 0x0000000701400000| Untracked 
|  11|0x0000000701600000, 0x0000000701600000, 0x0000000701800000|  0%| F|  |TAMS 0x0000000701600000, 0x0000000701600000| Untracked 
|  12|0x0000000701800000, 0x0000000701800000, 0x0000000701a00000|  0%| F|  |TAMS 0x0000000701800000, 0x0000000701800000| Untracked 
|  13|0x0000000701a00000, 0x0000000701a00000, 0x0000000701c00000|  0%| F|  |TAMS 0x0000000701a00000, 0x0000000701a00000| Untracked 
|  14|0x0000000701c00000, 0x0000000701c00000, 0x0000000701e00000|  0%| F|  |TAMS 0x0000000701c00000, 0x0000000701c00000| Untracked 
|  15|0x0000000701e00000, 0x0000000701e00000, 0x0000000702000000|  0%| F|  |TAMS 0x0000000701e00000, 0x0000000701e00000| Untracked 
|  16|0x0000000702000000, 0x0000000702000000, 0x0000000702200000|  0%| F|  |TAMS 0x0000000702000000, 0x0000000702000000| Untracked 
|  17|0x0000000702200000, 0x0000000702200000, 0x0000000702400000|  0%| F|  |TAMS 0x0000000702200000, 0x0000000702200000| Untracked 
|  18|0x0000000702400000, 0x0000000702400000, 0x0000000702600000|  0%| F|  |TAMS 0x0000000702400000, 0x0000000702400000| Untracked 
|  19|0x0000000702600000, 0x0000000702600000, 0x0000000702800000|  0%| F|  |TAMS 0x0000000702600000, 0x0000000702600000| Untracked 
|  20|0x0000000702800000, 0x0000000702800000, 0x0000000702a00000|  0%| F|  |TAMS 0x0000000702800000, 0x0000000702800000| Untracked 
|  21|0x0000000702a00000, 0x0000000702a00000, 0x0000000702c00000|  0%| F|  |TAMS 0x0000000702a00000, 0x0000000702a00000| Untracked 
|  22|0x0000000702c00000, 0x0000000702c00000, 0x0000000702e00000|  0%| F|  |TAMS 0x0000000702c00000, 0x0000000702c00000| Untracked 
|  23|0x0000000702e00000, 0x0000000702e00000, 0x0000000703000000|  0%| F|  |TAMS 0x0000000702e00000, 0x0000000702e00000| Untracked 
|  24|0x0000000703000000, 0x0000000703000000, 0x0000000703200000|  0%| F|  |TAMS 0x0000000703000000, 0x0000000703000000| Untracked 
|  25|0x0000000703200000, 0x000000070330e518, 0x0000000703400000| 52%| S|CS|TAMS 0x0000000703200000, 0x0000000703200000| Complete 
|  26|0x0000000703400000, 0x0000000703600000, 0x0000000703600000|100%| S|CS|TAMS 0x0000000703400000, 0x0000000703400000| Complete 
|  27|0x0000000703600000, 0x0000000703800000, 0x0000000703800000|100%| S|CS|TAMS 0x0000000703600000, 0x0000000703600000| Complete 
|  28|0x0000000703800000, 0x0000000703a00000, 0x0000000703a00000|100%| S|CS|TAMS 0x0000000703800000, 0x0000000703800000| Complete 
|  29|0x0000000703a00000, 0x0000000703c00000, 0x0000000703c00000|100%| S|CS|TAMS 0x0000000703a00000, 0x0000000703a00000| Complete 
|  30|0x0000000703c00000, 0x0000000703c00000, 0x0000000703e00000|  0%| F|  |TAMS 0x0000000703c00000, 0x0000000703c00000| Untracked 
|  31|0x0000000703e00000, 0x0000000703e00000, 0x0000000704000000|  0%| F|  |TAMS 0x0000000703e00000, 0x0000000703e00000| Untracked 
|  32|0x0000000704000000, 0x0000000704000000, 0x0000000704200000|  0%| F|  |TAMS 0x0000000704000000, 0x0000000704000000| Untracked 
|  33|0x0000000704200000, 0x0000000704200000, 0x0000000704400000|  0%| F|  |TAMS 0x0000000704200000, 0x0000000704200000| Untracked 
|  34|0x0000000704400000, 0x0000000704400000, 0x0000000704600000|  0%| F|  |TAMS 0x0000000704400000, 0x0000000704400000| Untracked 
|  35|0x0000000704600000, 0x0000000704600000, 0x0000000704800000|  0%| F|  |TAMS 0x0000000704600000, 0x0000000704600000| Untracked 
|  36|0x0000000704800000, 0x0000000704800000, 0x0000000704a00000|  0%| F|  |TAMS 0x0000000704800000, 0x0000000704800000| Untracked 
|  37|0x0000000704a00000, 0x0000000704a00000, 0x0000000704c00000|  0%| F|  |TAMS 0x0000000704a00000, 0x0000000704a00000| Untracked 
|  38|0x0000000704c00000, 0x0000000704c00000, 0x0000000704e00000|  0%| F|  |TAMS 0x0000000704c00000, 0x0000000704c00000| Untracked 
|  39|0x0000000704e00000, 0x0000000704e00000, 0x0000000705000000|  0%| F|  |TAMS 0x0000000704e00000, 0x0000000704e00000| Untracked 
|  40|0x0000000705000000, 0x0000000705000000, 0x0000000705200000|  0%| F|  |TAMS 0x0000000705000000, 0x0000000705000000| Untracked 
|  41|0x0000000705200000, 0x0000000705200000, 0x0000000705400000|  0%| F|  |TAMS 0x0000000705200000, 0x0000000705200000| Untracked 
|  42|0x0000000705400000, 0x0000000705400000, 0x0000000705600000|  0%| F|  |TAMS 0x0000000705400000, 0x0000000705400000| Untracked 
|  43|0x0000000705600000, 0x0000000705600000, 0x0000000705800000|  0%| F|  |TAMS 0x0000000705600000, 0x0000000705600000| Untracked 
|  44|0x0000000705800000, 0x0000000705800000, 0x0000000705a00000|  0%| F|  |TAMS 0x0000000705800000, 0x0000000705800000| Untracked 
|  45|0x0000000705a00000, 0x0000000705a00000, 0x0000000705c00000|  0%| F|  |TAMS 0x0000000705a00000, 0x0000000705a00000| Untracked 
|  46|0x0000000705c00000, 0x0000000705c00000, 0x0000000705e00000|  0%| F|  |TAMS 0x0000000705c00000, 0x0000000705c00000| Untracked 
|  47|0x0000000705e00000, 0x0000000705e00000, 0x0000000706000000|  0%| F|  |TAMS 0x0000000705e00000, 0x0000000705e00000| Untracked 
|  48|0x0000000706000000, 0x000000070616b188, 0x0000000706200000| 70%| E|  |TAMS 0x0000000706000000, 0x0000000706000000| Complete 
|  49|0x0000000706200000, 0x0000000706400000, 0x0000000706400000|100%| E|CS|TAMS 0x0000000706200000, 0x0000000706200000| Complete 
|  50|0x0000000706400000, 0x0000000706600000, 0x0000000706600000|100%| E|CS|TAMS 0x0000000706400000, 0x0000000706400000| Complete 
|  51|0x0000000706600000, 0x0000000706800000, 0x0000000706800000|100%| E|CS|TAMS 0x0000000706600000, 0x0000000706600000| Complete 
|  52|0x0000000706800000, 0x0000000706a00000, 0x0000000706a00000|100%| E|CS|TAMS 0x0000000706800000, 0x0000000706800000| Complete 
|  53|0x0000000706a00000, 0x0000000706c00000, 0x0000000706c00000|100%| E|CS|TAMS 0x0000000706a00000, 0x0000000706a00000| Complete 
|  54|0x0000000706c00000, 0x0000000706e00000, 0x0000000706e00000|100%| E|CS|TAMS 0x0000000706c00000, 0x0000000706c00000| Complete 
|  55|0x0000000706e00000, 0x0000000707000000, 0x0000000707000000|100%| E|CS|TAMS 0x0000000706e00000, 0x0000000706e00000| Complete 
|  56|0x0000000707000000, 0x0000000707200000, 0x0000000707200000|100%| E|CS|TAMS 0x0000000707000000, 0x0000000707000000| Complete 
|  57|0x0000000707200000, 0x0000000707400000, 0x0000000707400000|100%| E|CS|TAMS 0x0000000707200000, 0x0000000707200000| Complete 
|  58|0x0000000707400000, 0x0000000707600000, 0x0000000707600000|100%| E|CS|TAMS 0x0000000707400000, 0x0000000707400000| Complete 
|  59|0x0000000707600000, 0x0000000707800000, 0x0000000707800000|100%| E|CS|TAMS 0x0000000707600000, 0x0000000707600000| Complete 
|  60|0x0000000707800000, 0x0000000707a00000, 0x0000000707a00000|100%| E|CS|TAMS 0x0000000707800000, 0x0000000707800000| Complete 
|  61|0x0000000707a00000, 0x0000000707c00000, 0x0000000707c00000|100%| E|CS|TAMS 0x0000000707a00000, 0x0000000707a00000| Complete 
|  62|0x0000000707c00000, 0x0000000707e00000, 0x0000000707e00000|100%| E|CS|TAMS 0x0000000707c00000, 0x0000000707c00000| Complete 

Card table byte_map: [0x000002071a750000,0x000002071af50000] _byte_map_base: 0x0000020716f50000

Marking Bits (Prev, Next): (CMBitMap*) 0x000002070126fa00, (CMBitMap*) 0x000002070126fa40
 Prev Bits: [0x000002071b750000, 0x000002071f750000)
 Next Bits: [0x000002071f750000, 0x0000020723750000)

Polling page: 0x00000207012b0000

Metaspace:

Usage:
  Non-class:     14.79 MB used.
      Class:      2.51 MB used.
       Both:     17.30 MB used.

Virtual space:
  Non-class space:       64.00 MB reserved,      14.94 MB ( 23%) committed,  1 nodes.
      Class space:        1.00 GB reserved,       2.69 MB ( <1%) committed,  1 nodes.
             Both:        1.06 GB reserved,      17.62 MB (  2%) committed. 

Chunk freelists:
   Non-Class:  544.00 KB
       Class:  13.34 MB
        Both:  13.88 MB

MaxMetaspaceSize: unlimited
CompressedClassSpaceSize: 1.00 GB
Initial GC threshold: 21.00 MB
Current GC threshold: 21.00 MB
CDS: on
MetaspaceReclaimPolicy: balanced
 - commit_granule_bytes: 65536.
 - commit_granule_words: 8192.
 - virtual_space_node_default_size: 8388608.
 - enlarge_chunks_in_place: 1.
 - new_chunks_are_fully_committed: 0.
 - uncommit_free_chunks: 1.
 - use_allocation_guard: 0.
 - handle_deallocations: 1.


Internal statistics:

num_allocs_failed_limit: 0.
num_arena_births: 218.
num_arena_deaths: 0.
num_vsnodes_births: 2.
num_vsnodes_deaths: 0.
num_space_committed: 282.
num_space_uncommitted: 0.
num_chunks_returned_to_freelist: 0.
num_chunks_taken_from_freelist: 813.
num_chunk_merges: 0.
num_chunk_splits: 540.
num_chunks_enlarged: 404.
num_inconsistent_stats: 0.

CodeHeap 'non-profiled nmethods': size=120000Kb used=1336Kb max_used=1336Kb free=118663Kb
 bounds [0x0000020711fb0000, 0x0000020712220000, 0x00000207194e0000]
CodeHeap 'profiled nmethods': size=120000Kb used=5103Kb max_used=5103Kb free=114896Kb
 bounds [0x000002070a4e0000, 0x000002070a9e0000, 0x0000020711a10000]
CodeHeap 'non-nmethods': size=5760Kb used=1230Kb max_used=1284Kb free=4529Kb
 bounds [0x0000020711a10000, 0x0000020711c80000, 0x0000020711fb0000]
 total_blobs=3017 nmethods=2481 adapters=448
 compilation: enabled
              stopped_count=0, restarted_count=0
 full_count=0

Compilation events (20 events):
Event: 6.664 Thread 0x000002072626e220 2473       3       sun.security.provider.MD5::II (31 bytes)
Event: 6.664 Thread 0x000002072626e220 nmethod 2473 0x000002070a9d0e90 code [0x000002070a9d1020, 0x000002070a9d1138]
Event: 6.664 Thread 0x000002072626e220 2470       3       sun.security.provider.MD5::FF (33 bytes)
Event: 6.664 Thread 0x000002072626e220 nmethod 2470 0x000002070a9d1210 code [0x000002070a9d13a0, 0x000002070a9d14b8]
Event: 6.664 Thread 0x000002072626e220 2471       3       sun.security.provider.MD5::GG (33 bytes)
Event: 6.665 Thread 0x000002072626e220 nmethod 2471 0x000002070a9d1590 code [0x000002070a9d1720, 0x000002070a9d1838]
Event: 6.665 Thread 0x000002072626e220 2474       3       java.lang.reflect.Method::setMethodAccessor (21 bytes)
Event: 6.665 Thread 0x000002072626e220 nmethod 2474 0x000002070a9d1910 code [0x000002070a9d1ac0, 0x000002070a9d1dc8]
Event: 6.790 Thread 0x000002072626e220 2477       3       java.lang.invoke.MethodHandles$Lookup::findBoundCallerLookup (30 bytes)
Event: 6.790 Thread 0x000002072626e220 nmethod 2477 0x000002070a9d1f10 code [0x000002070a9d2120, 0x000002070a9d28d8]
Event: 6.790 Thread 0x000002072626e220 2478       3       java.lang.invoke.MethodHandles$Lookup::getDirectMethodCommon (280 bytes)
Event: 6.793 Thread 0x000002072626e220 nmethod 2478 0x000002070a9d2b90 code [0x000002070a9d2ea0, 0x000002070a9d3f58]
Event: 6.793 Thread 0x000002072626e220 2479       3       java.lang.invoke.MethodHandles$Lookup::checkMethod (87 bytes)
Event: 6.794 Thread 0x000002072626e220 nmethod 2479 0x000002070a9d4510 code [0x000002070a9d4720, 0x000002070a9d4e98]
Event: 6.812 Thread 0x000002072626e220 2480       3       org.gradle.internal.service.DefaultServiceRegistry::access$1400 (4 bytes)
Event: 6.812 Thread 0x000002072626e220 nmethod 2480 0x000002070a9d5110 code [0x000002070a9d52a0, 0x000002070a9d5398]
Event: 6.819 Thread 0x000002072626e220 2481       3       java.util.LinkedHashMap$LinkedValues::iterator (12 bytes)
Event: 6.820 Thread 0x000002072626e220 nmethod 2481 0x000002070a9d5410 code [0x000002070a9d55c0, 0x000002070a9d5998]
Event: 6.820 Thread 0x000002072626e220 2482       3       java.util.LinkedHashMap$LinkedValueIterator::<init> (11 bytes)
Event: 6.820 Thread 0x000002072626e220 nmethod 2482 0x000002070a9d5b10 code [0x000002070a9d5cc0, 0x000002070a9d5ff8]

GC Heap History (6 events):
Event: 1.381 GC heap before
{Heap before GC invocations=0 (full 0):
 garbage-first heap   total 129024K, used 24576K [0x0000000700000000, 0x0000000800000000)
  region size 2048K, 11 young (22528K), 0 survivors (0K)
 Metaspace       used 2803K, committed 2880K, reserved 1114112K
  class space    used 343K, committed 384K, reserved 1048576K
}
Event: 1.400 GC heap after
{Heap after GC invocations=1 (full 0):
 garbage-first heap   total 129024K, used 10453K [0x0000000700000000, 0x0000000800000000)
  region size 2048K, 2 young (4096K), 2 survivors (4096K)
 Metaspace       used 2803K, committed 2880K, reserved 1114112K
  class space    used 343K, committed 384K, reserved 1048576K
}
Event: 2.380 GC heap before
{Heap before GC invocations=1 (full 0):
 garbage-first heap   total 129024K, used 35029K [0x0000000700000000, 0x0000000800000000)
  region size 2048K, 14 young (28672K), 2 survivors (4096K)
 Metaspace       used 4017K, committed 4224K, reserved 1114112K
  class space    used 490K, committed 576K, reserved 1048576K
}
Event: 2.386 GC heap after
{Heap after GC invocations=2 (full 0):
 garbage-first heap   total 129024K, used 11548K [0x0000000700000000, 0x0000000800000000)
  region size 2048K, 1 young (2048K), 1 survivors (2048K)
 Metaspace       used 4017K, committed 4224K, reserved 1114112K
  class space    used 490K, committed 576K, reserved 1048576K
}
Event: 5.562 GC heap before
{Heap before GC invocations=2 (full 0):
 garbage-first heap   total 129024K, used 75036K [0x0000000700000000, 0x0000000800000000)
  region size 2048K, 33 young (67584K), 1 survivors (2048K)
 Metaspace       used 13944K, committed 14208K, reserved 1114112K
  class space    used 1936K, committed 2048K, reserved 1048576K
}
Event: 5.577 GC heap after
{Heap after GC invocations=3 (full 0):
 garbage-first heap   total 129024K, used 19879K [0x0000000700000000, 0x0000000800000000)
  region size 2048K, 5 young (10240K), 5 survivors (10240K)
 Metaspace       used 13944K, committed 14208K, reserved 1114112K
  class space    used 1936K, committed 2048K, reserved 1048576K
}

Dll operation events (15 events):
Event: 0.020 Loaded shared library C:\Program Files\Microsoft\jdk-17.0.10.7-hotspot\bin\java.dll
Event: 0.060 Loaded shared library C:\Program Files\Microsoft\jdk-17.0.10.7-hotspot\bin\jsvml.dll
Event: 0.149 Loaded shared library C:\Program Files\Microsoft\jdk-17.0.10.7-hotspot\bin\zip.dll
Event: 0.155 Loaded shared library C:\Program Files\Microsoft\jdk-17.0.10.7-hotspot\bin\instrument.dll
Event: 0.163 Loaded shared library C:\Program Files\Microsoft\jdk-17.0.10.7-hotspot\bin\net.dll
Event: 0.165 Loaded shared library C:\Program Files\Microsoft\jdk-17.0.10.7-hotspot\bin\nio.dll
Event: 0.172 Loaded shared library C:\Program Files\Microsoft\jdk-17.0.10.7-hotspot\bin\zip.dll
Event: 0.608 Loaded shared library C:\Program Files\Microsoft\jdk-17.0.10.7-hotspot\bin\jimage.dll
Event: 0.815 Loaded shared library C:\Program Files\Microsoft\jdk-17.0.10.7-hotspot\bin\verify.dll
Event: 1.190 Loaded shared library C:\Users\Gericho Miles\.gradle\native\68d5fa5c4cc2d200863cafc0d521ce42e7d3e7ee720ec0a83991735586a16f82\windows-amd64\native-platform.dll
Event: 1.204 Loaded shared library C:\Users\Gericho Miles\.gradle\native\e376f236ea51e6404a007f0833ffe2c6e607c4080706a723a18a27aeea778392\windows-amd64\native-platform-file-events.dll
Event: 3.078 Loaded shared library C:\Program Files\Microsoft\jdk-17.0.10.7-hotspot\bin\management.dll
Event: 3.086 Loaded shared library C:\Program Files\Microsoft\jdk-17.0.10.7-hotspot\bin\management_ext.dll
Event: 3.643 Loaded shared library C:\Program Files\Microsoft\jdk-17.0.10.7-hotspot\bin\extnet.dll
Event: 4.313 Loaded shared library C:\Program Files\Microsoft\jdk-17.0.10.7-hotspot\bin\sunmscapi.dll

Deoptimization events (20 events):
Event: 5.517 Thread 0x000002076d3e5cb0 Uncommon trap: trap_request=0xffffff45 fr.pc=0x0000020711fd4154 relative=0x0000000000000b54
Event: 5.517 Thread 0x000002076d3e5cb0 Uncommon trap: reason=unstable_if action=reinterpret pc=0x0000020711fd4154 method=java.io.WinNTFileSystem.resolve(Ljava/lang/String;Ljava/lang/String;)Ljava/lang/String; @ 19 c2
Event: 5.517 Thread 0x000002076d3e5cb0 DEOPT PACKING pc=0x0000020711fd4154 sp=0x000000f149cfd000
Event: 5.517 Thread 0x000002076d3e5cb0 DEOPT UNPACKING pc=0x0000020711a669a3 sp=0x000000f149cfcfa8 mode 2
Event: 5.519 Thread 0x000002076d3e5cb0 Uncommon trap: trap_request=0xffffff45 fr.pc=0x00000207120324dc relative=0x000000000000061c
Event: 5.519 Thread 0x000002076d3e5cb0 Uncommon trap: reason=unstable_if action=reinterpret pc=0x00000207120324dc method=java.io.File.getName()Ljava/lang/String; @ 16 c2
Event: 5.519 Thread 0x000002076d3e5cb0 DEOPT PACKING pc=0x00000207120324dc sp=0x000000f149cfcfa0
Event: 5.519 Thread 0x000002076d3e5cb0 DEOPT UNPACKING pc=0x0000020711a669a3 sp=0x000000f149cfcf70 mode 2
Event: 6.405 Thread 0x000002076d3e5cb0 Uncommon trap: trap_request=0xffffff45 fr.pc=0x00000207120e3d60 relative=0x0000000000000420
Event: 6.405 Thread 0x000002076d3e5cb0 Uncommon trap: reason=unstable_if action=reinterpret pc=0x00000207120e3d60 method=java.util.HashMap.getNode(Ljava/lang/Object;)Ljava/util/HashMap$Node; @ 131 c2
Event: 6.406 Thread 0x000002076d3e5cb0 DEOPT PACKING pc=0x00000207120e3d60 sp=0x000000f149cfafa0
Event: 6.406 Thread 0x000002076d3e5cb0 DEOPT UNPACKING pc=0x0000020711a669a3 sp=0x000000f149cfaec0 mode 2
Event: 6.406 Thread 0x000002076d3e5cb0 Uncommon trap: trap_request=0xffffff45 fr.pc=0x00000207120e9b9c relative=0x000000000000083c
Event: 6.406 Thread 0x000002076d3e5cb0 Uncommon trap: reason=unstable_if action=reinterpret pc=0x00000207120e9b9c method=java.util.HashMap.putVal(ILjava/lang/Object;Ljava/lang/Object;ZZ)Ljava/lang/Object; @ 206 c2
Event: 6.406 Thread 0x000002076d3e5cb0 DEOPT PACKING pc=0x00000207120e9b9c sp=0x000000f149cfaf20
Event: 6.406 Thread 0x000002076d3e5cb0 DEOPT UNPACKING pc=0x0000020711a669a3 sp=0x000000f149cfaeb8 mode 2
Event: 6.669 Thread 0x000002076d3e5cb0 Uncommon trap: trap_request=0xffffff45 fr.pc=0x0000020711fd8584 relative=0x00000000000000e4
Event: 6.669 Thread 0x000002076d3e5cb0 Uncommon trap: reason=unstable_if action=reinterpret pc=0x0000020711fd8584 method=java.util.HashMap.hash(Ljava/lang/Object;)I @ 1 c2
Event: 6.669 Thread 0x000002076d3e5cb0 DEOPT PACKING pc=0x0000020711fd8584 sp=0x000000f149cf9ed0
Event: 6.669 Thread 0x000002076d3e5cb0 DEOPT UNPACKING pc=0x0000020711a669a3 sp=0x000000f149cf9e10 mode 2

Classes unloaded (0 events):
No events

Classes redefined (0 events):
No events

Internal exceptions (20 events):
Event: 4.920 Thread 0x000002076d3e5cb0 Exception <a 'java/lang/NoSuchMethodError'{0x0000000704bf88f0}: 'void java.lang.invoke.DirectMethodHandle$Holder.invokeSpecial(java.lang.Object, java.lang.Object, java.lang.Object, java.lang.Object, java.lang.Object)'> (0x0000000704bf88f0) 
thrown [s\src\hotspot\share\interpreter\linkResolver.cpp, line 759]
Event: 4.922 Thread 0x000002076d3e5cb0 Exception <a 'java/lang/NoSuchMethodError'{0x000000070480cc38}: 'void java.lang.invoke.DirectMethodHandle$Holder.invokeStaticInit(java.lang.Object, java.lang.Object)'> (0x000000070480cc38) 
thrown [s\src\hotspot\share\interpreter\linkResolver.cpp, line 759]
Event: 5.049 Thread 0x000002076d3e5cb0 Exception <a 'java/lang/NoSuchMethodError'{0x00000007046d9e40}: 'void java.lang.invoke.DelegatingMethodHandle$Holder.reinvoke_L(java.lang.Object, java.lang.Object, java.lang.Object, java.lang.Object, java.lang.Object, java.lang.Object, java.lang.Object, java.lang.Object, java.lang.Object, java.lang.Object)'> (0x00000007046d9e40) 
thrown [s\src\hotspot\share\interpreter\linkResolver.cpp, line 759]
Event: 5.050 Thread 0x000002076d3e5cb0 Exception <a 'java/lang/NoSuchMethodError'{0x00000007046e22b0}: 'java.lang.Object java.lang.invoke.DirectMethodHandle$Holder.invokeSpecial(java.lang.Object, java.lang.Object, java.lang.Object, java.lang.Object, java.lang.Object, java.lang.Object, java.lang.Object, java.lang.Object, java.lang.Object, java.lang.Object)'> (0x00000007046e22b0) 
thrown [s\src\hotspot\share\interpreter\linkResolver.cpp, line 759]
Event: 5.051 Thread 0x000002076d3e5cb0 Exception <a 'java/lang/NoSuchMethodError'{0x00000007046e6b80}: 'java.lang.Object java.lang.invoke.Invokers$Holder.invoker(java.lang.Object, java.lang.Object, java.lang.Object, java.lang.Object, java.lang.Object, java.lang.Object, java.lang.Object, java.lang.Object, java.lang.Object, java.lang.Object)'> (0x00000007046e6b80) 
thrown [s\src\hotspot\share\interpreter\linkResolver.cpp, line 759]
Event: 5.051 Thread 0x000002076d3e5cb0 Exception <a 'java/lang/NoSuchMethodError'{0x00000007046ec708}: 'java.lang.Object java.lang.invoke.DirectMethodHandle$Holder.invokeSpecial(java.lang.Object, java.lang.Object, java.lang.Object, java.lang.Object, java.lang.Object, java.lang.Object, java.lang.Object, java.lang.Object, java.lang.Object, java.lang.Object, java.lang.Object)'> (0x00000007046ec708) 
thrown [s\src\hotspot\share\interpreter\linkResolver.cpp, line 759]
Event: 5.341 Thread 0x000002076d3e5cb0 Exception <a 'java/lang/NoSuchMethodError'{0x00000007040ce078}: 'void java.lang.invoke.DirectMethodHandle$Holder.invokeStaticInit(java.lang.Object)'> (0x00000007040ce078) 
thrown [s\src\hotspot\share\interpreter\linkResolver.cpp, line 759]
Event: 5.366 Thread 0x000002076d3e5cb0 Exception <a 'java/lang/NoSuchMethodError'{0x000000070417e938}: 'java.lang.Object java.lang.invoke.DirectMethodHandle$Holder.newInvokeSpecial(java.lang.Object, java.lang.Object, java.lang.Object, int)'> (0x000000070417e938) 
thrown [s\src\hotspot\share\interpreter\linkResolver.cpp, line 759]
Event: 5.367 Thread 0x000002076d3e5cb0 Exception <a 'java/lang/NoSuchMethodError'{0x0000000704183268}: 'java.lang.Object java.lang.invoke.DirectMethodHandle$Holder.invokeSpecial(java.lang.Object, java.lang.Object, java.lang.Object, java.lang.Object, int)'> (0x0000000704183268) 
thrown [s\src\hotspot\share\interpreter\linkResolver.cpp, line 759]
Event: 5.367 Thread 0x000002076d3e5cb0 Exception <a 'java/lang/NoSuchMethodError'{0x0000000704187380}: 'java.lang.Object java.lang.invoke.Invokers$Holder.linkToTargetMethod(java.lang.Object, java.lang.Object, int, java.lang.Object)'> (0x0000000704187380) 
thrown [s\src\hotspot\share\interpreter\linkResolver.cpp, line 759]
Event: 5.920 Thread 0x000002076d3e5cb0 Exception <a 'java/lang/NoSuchMethodError'{0x000000070724aa08}: 'int java.lang.invoke.DirectMethodHandle$Holder.invokeSpecialIFC(java.lang.Object, java.lang.Object, java.lang.Object, java.lang.Object)'> (0x000000070724aa08) 
thrown [s\src\hotspot\share\interpreter\linkResolver.cpp, line 759]
Event: 5.924 Thread 0x000002076d3e5cb0 Exception <a 'java/lang/NoSuchMethodError'{0x00000007072599e0}: 'java.lang.Object java.lang.invoke.DirectMethodHandle$Holder.invokeInterface(java.lang.Object, java.lang.Object, java.lang.Object)'> (0x00000007072599e0) 
thrown [s\src\hotspot\share\interpreter\linkResolver.cpp, line 759]
Event: 5.924 Thread 0x000002076d3e5cb0 Exception <a 'java/lang/IncompatibleClassChangeError'{0x000000070725d5f8}: Found class java.lang.Object, but interface was expected> (0x000000070725d5f8) 
thrown [s\src\hotspot\share\interpreter\linkResolver.cpp, line 826]
Event: 5.971 Thread 0x000002076d3e5cb0 Exception <a 'java/lang/NoSuchMethodError'{0x000000070735a708}: 'int java.lang.invoke.DirectMethodHandle$Holder.invokeStatic(java.lang.Object, java.lang.Object, java.lang.Object, java.lang.Object)'> (0x000000070735a708) 
thrown [s\src\hotspot\share\interpreter\linkResolver.cpp, line 759]
Event: 5.971 Thread 0x000002076d3e5cb0 Exception <a 'java/lang/NoSuchMethodError'{0x000000070735e330}: 'java.lang.Object java.lang.invoke.Invokers$Holder.invokeExact_MT(java.lang.Object, java.lang.Object, java.lang.Object, java.lang.Object, java.lang.Object, java.lang.Object)'> (0x000000070735e330) 
thrown [s\src\hotspot\share\interpreter\linkResolver.cpp, line 759]
Event: 6.157 Thread 0x000002076d3e5cb0 Exception <a 'java/lang/NoSuchMethodError'{0x0000000706f55818}: 'java.lang.Object java.lang.invoke.DirectMethodHandle$Holder.invokeSpecial(java.lang.Object, java.lang.Object, java.lang.Object, java.lang.Object, java.lang.Object, java.lang.Object, java.lang.Object, java.lang.Object, java.lang.Object)'> (0x0000000706f55818) 
thrown [s\src\hotspot\share\interpreter\linkResolver.cpp, line 759]
Event: 6.374 Thread 0x000002076d3e5cb0 Exception <a 'java/lang/NoSuchMethodError'{0x00000007068a1288}: 'java.lang.Object java.lang.invoke.DirectMethodHandle$Holder.invokeVirtual(java.lang.Object, java.lang.Object, java.lang.Object, java.lang.Object)'> (0x00000007068a1288) 
thrown [s\src\hotspot\share\interpreter\linkResolver.cpp, line 759]
Event: 6.441 Thread 0x000002076d3e5cb0 Exception <a 'java/lang/NoSuchMethodError'{0x00000007069f7610}: 'java.lang.Object java.lang.invoke.DirectMethodHandle$Holder.newInvokeSpecial(java.lang.Object, java.lang.Object, java.lang.Object, java.lang.Object, java.lang.Object, java.lang.Object, java.lang.Object)'> (0x00000007069f7610) 
thrown [s\src\hotspot\share\interpreter\linkResolver.cpp, line 759]
Event: 6.442 Thread 0x000002076d3e5cb0 Exception <a 'java/lang/NoSuchMethodError'{0x00000007069fc2e0}: 'java.lang.Object java.lang.invoke.Invokers$Holder.linkToTargetMethod(java.lang.Object, java.lang.Object, java.lang.Object, java.lang.Object, java.lang.Object, java.lang.Object, java.lang.Object)'> (0x00000007069fc2e0) 
thrown [s\src\hotspot\share\interpreter\linkResolver.cpp, line 759]
Event: 6.669 Thread 0x000002076d3e5cb0 Implicit null exception at 0x0000020711fd84e0 to 0x0000020711fd857a

VM Operations (20 events):
Event: 4.162 Executing VM operation: HandshakeAllThreads
Event: 4.162 Executing VM operation: HandshakeAllThreads done
Event: 4.292 Executing VM operation: HandshakeAllThreads
Event: 4.292 Executing VM operation: HandshakeAllThreads done
Event: 4.993 Executing VM operation: HandshakeAllThreads
Event: 4.993 Executing VM operation: HandshakeAllThreads done
Event: 4.993 Executing VM operation: Cleanup
Event: 4.993 Executing VM operation: Cleanup done
Event: 5.535 Executing VM operation: HandshakeAllThreads
Event: 5.535 Executing VM operation: HandshakeAllThreads done
Event: 5.535 Executing VM operation: HandshakeAllThreads
Event: 5.535 Executing VM operation: HandshakeAllThreads done
Event: 5.562 Executing VM operation: G1CollectForAllocation
Event: 5.578 Executing VM operation: G1CollectForAllocation done
Event: 5.622 Executing VM operation: HandshakeAllThreads
Event: 5.622 Executing VM operation: HandshakeAllThreads done
Event: 5.623 Executing VM operation: HandshakeAllThreads
Event: 5.623 Executing VM operation: HandshakeAllThreads done
Event: 6.627 Executing VM operation: Cleanup
Event: 6.628 Executing VM operation: Cleanup done

Events (20 events):
Event: 5.948 loading class java/io/ObjectStreamConstants
Event: 5.948 loading class java/io/ObjectStreamConstants done
Event: 5.948 loading class java/io/ObjectInputStream done
Event: 5.950 loading class java/io/ObjectOutputStream
Event: 5.951 loading class java/io/ObjectOutput
Event: 5.951 loading class java/io/ObjectOutput done
Event: 5.951 loading class java/io/ObjectOutputStream done
Event: 6.316 loading class javax/xml/parsers/ParserConfigurationException
Event: 6.316 loading class javax/xml/parsers/ParserConfigurationException done
Event: 6.316 loading class org/xml/sax/SAXException
Event: 6.316 loading class org/xml/sax/SAXException done
Event: 6.316 loading class javax/xml/xpath/XPathExpressionException
Event: 6.316 loading class javax/xml/xpath/XPathException
Event: 6.316 loading class javax/xml/xpath/XPathException done
Event: 6.316 loading class javax/xml/xpath/XPathExpressionException done
Event: 6.316 loading class org/xml/sax/ErrorHandler
Event: 6.316 loading class org/xml/sax/ErrorHandler done
Event: 6.457 Thread 0x000002076c5d36a0 Thread added: 0x000002076c5d36a0
Event: 6.578 Thread 0x000002076c5d36a0 Thread exited: 0x000002076c5d36a0
Event: 6.664 Thread 0x000002076c5d39f0 Thread added: 0x000002076c5d39f0


Dynamic libraries:
0x00007ff6ac490000 - 0x00007ff6ac49e000 	C:\Program Files\Microsoft\jdk-17.0.10.7-hotspot\bin\java.exe
0x00007fff32ff0000 - 0x00007fff33206000 	C:\WINDOWS\SYSTEM32\ntdll.dll
0x00007fff31670000 - 0x00007fff31734000 	C:\WINDOWS\System32\KERNEL32.DLL
0x00007fff30970000 - 0x00007fff30d17000 	C:\WINDOWS\System32\KERNELBASE.dll
0x00007fff304e0000 - 0x00007fff305f1000 	C:\WINDOWS\System32\ucrtbase.dll
0x00007fff2def0000 - 0x00007fff2df07000 	C:\Program Files\Microsoft\jdk-17.0.10.7-hotspot\bin\jli.dll
0x00007fff2a080000 - 0x00007fff2a09b000 	C:\Program Files\Microsoft\jdk-17.0.10.7-hotspot\bin\VCRUNTIME140.dll
0x00007fff310c0000 - 0x00007fff3126e000 	C:\WINDOWS\System32\USER32.dll
0x00007fff30600000 - 0x00007fff30626000 	C:\WINDOWS\System32\win32u.dll
0x00007fff32f00000 - 0x00007fff32f29000 	C:\WINDOWS\System32\GDI32.dll
0x00007fff30660000 - 0x00007fff30779000 	C:\WINDOWS\System32\gdi32full.dll
0x00007fff30310000 - 0x00007fff303aa000 	C:\WINDOWS\System32\msvcp_win.dll
0x00007fff15d20000 - 0x00007fff15fb3000 	C:\WINDOWS\WinSxS\amd64_microsoft.windows.common-controls_6595b64144ccf1df_6.0.22621.3235_none_270f74e173860f98\COMCTL32.dll
0x00007fff31540000 - 0x00007fff315e7000 	C:\WINDOWS\System32\msvcrt.dll
0x00007fff31740000 - 0x00007fff31771000 	C:\WINDOWS\System32\IMM32.DLL
0x00007fff2dbb0000 - 0x00007fff2dbbc000 	C:\Program Files\Microsoft\jdk-17.0.10.7-hotspot\bin\vcruntime140_1.dll
0x00007fff08f90000 - 0x00007fff0901d000 	C:\Program Files\Microsoft\jdk-17.0.10.7-hotspot\bin\msvcp140.dll
0x00007ffea2800000 - 0x00007ffea3465000 	C:\Program Files\Microsoft\jdk-17.0.10.7-hotspot\bin\server\jvm.dll
0x00007fff32df0000 - 0x00007fff32ea2000 	C:\WINDOWS\System32\ADVAPI32.dll
0x00007fff323a0000 - 0x00007fff32448000 	C:\WINDOWS\System32\sechost.dll
0x00007fff30630000 - 0x00007fff30658000 	C:\WINDOWS\System32\bcrypt.dll
0x00007fff328d0000 - 0x00007fff329e5000 	C:\WINDOWS\System32\RPCRT4.dll
0x00007fff2f170000 - 0x00007fff2f1bd000 	C:\WINDOWS\SYSTEM32\POWRPROF.dll
0x00007fff28b10000 - 0x00007fff28b44000 	C:\WINDOWS\SYSTEM32\WINMM.dll
0x00007fff27120000 - 0x00007fff2712a000 	C:\WINDOWS\SYSTEM32\VERSION.dll
0x00007fff0c7b0000 - 0x00007fff0c7b9000 	C:\WINDOWS\SYSTEM32\WSOCK32.dll
0x00007fff329f0000 - 0x00007fff32a61000 	C:\WINDOWS\System32\WS2_32.dll
0x00007fff2f150000 - 0x00007fff2f163000 	C:\WINDOWS\SYSTEM32\UMPDC.dll
0x00007fff2f400000 - 0x00007fff2f418000 	C:\WINDOWS\SYSTEM32\kernel.appcore.dll
0x00007fff2db80000 - 0x00007fff2db8a000 	C:\Program Files\Microsoft\jdk-17.0.10.7-hotspot\bin\jimage.dll
0x00007fff2dc60000 - 0x00007fff2de93000 	C:\WINDOWS\SYSTEM32\DBGHELP.DLL
0x00007fff30d30000 - 0x00007fff310b8000 	C:\WINDOWS\System32\combase.dll
0x00007fff31290000 - 0x00007fff31367000 	C:\WINDOWS\System32\OLEAUT32.dll
0x00007fff243f0000 - 0x00007fff24422000 	C:\WINDOWS\SYSTEM32\dbgcore.DLL
0x00007fff308f0000 - 0x00007fff30969000 	C:\WINDOWS\System32\bcryptPrimitives.dll
0x00007fff05540000 - 0x00007fff0554e000 	C:\Program Files\Microsoft\jdk-17.0.10.7-hotspot\bin\instrument.dll
0x00007fff16050000 - 0x00007fff16075000 	C:\Program Files\Microsoft\jdk-17.0.10.7-hotspot\bin\java.dll
0x00007ffefa910000 - 0x00007ffefa9e7000 	C:\Program Files\Microsoft\jdk-17.0.10.7-hotspot\bin\jsvml.dll
0x00007fff31780000 - 0x00007fff31fdc000 	C:\WINDOWS\System32\SHELL32.dll
0x00007fff2e230000 - 0x00007fff2eb29000 	C:\WINDOWS\SYSTEM32\windows.storage.dll
0x00007fff2e0f0000 - 0x00007fff2e22e000 	C:\WINDOWS\SYSTEM32\wintypes.dll
0x00007fff32190000 - 0x00007fff32283000 	C:\WINDOWS\System32\SHCORE.dll
0x00007fff31610000 - 0x00007fff3166e000 	C:\WINDOWS\System32\shlwapi.dll
0x00007fff30240000 - 0x00007fff30261000 	C:\WINDOWS\SYSTEM32\profapi.dll
0x00007fff272f0000 - 0x00007fff27308000 	C:\Program Files\Microsoft\jdk-17.0.10.7-hotspot\bin\zip.dll
0x00007fff27370000 - 0x00007fff27389000 	C:\Program Files\Microsoft\jdk-17.0.10.7-hotspot\bin\net.dll
0x00007fff29d50000 - 0x00007fff29e86000 	C:\WINDOWS\SYSTEM32\WINHTTP.dll
0x00007fff2f870000 - 0x00007fff2f8d9000 	C:\WINDOWS\system32\mswsock.dll
0x00007fff27340000 - 0x00007fff27356000 	C:\Program Files\Microsoft\jdk-17.0.10.7-hotspot\bin\nio.dll
0x00007fff2dec0000 - 0x00007fff2ded0000 	C:\Program Files\Microsoft\jdk-17.0.10.7-hotspot\bin\verify.dll
0x00007ffedbcd0000 - 0x00007ffedbcf7000 	C:\Users\Gericho Miles\.gradle\native\68d5fa5c4cc2d200863cafc0d521ce42e7d3e7ee720ec0a83991735586a16f82\windows-amd64\native-platform.dll
0x00007ffeab620000 - 0x00007ffeab764000 	C:\Users\Gericho Miles\.gradle\native\e376f236ea51e6404a007f0833ffe2c6e607c4080706a723a18a27aeea778392\windows-amd64\native-platform-file-events.dll
0x00007fff29b70000 - 0x00007fff29b79000 	C:\Program Files\Microsoft\jdk-17.0.10.7-hotspot\bin\management.dll
0x00007fff1ff80000 - 0x00007fff1ff8b000 	C:\Program Files\Microsoft\jdk-17.0.10.7-hotspot\bin\management_ext.dll
0x00007fff30d20000 - 0x00007fff30d28000 	C:\WINDOWS\System32\PSAPI.DLL
0x00007fff2faa0000 - 0x00007fff2fabb000 	C:\WINDOWS\SYSTEM32\CRYPTSP.dll
0x00007fff2f360000 - 0x00007fff2f395000 	C:\WINDOWS\system32\rsaenh.dll
0x00007fff2f930000 - 0x00007fff2f958000 	C:\WINDOWS\SYSTEM32\USERENV.dll
0x00007fff2fac0000 - 0x00007fff2facc000 	C:\WINDOWS\SYSTEM32\CRYPTBASE.dll
0x00007fff2ee00000 - 0x00007fff2ee2d000 	C:\WINDOWS\SYSTEM32\IPHLPAPI.DLL
0x00007fff31530000 - 0x00007fff31539000 	C:\WINDOWS\System32\NSI.dll
0x00007fff2a300000 - 0x00007fff2a319000 	C:\WINDOWS\SYSTEM32\dhcpcsvc6.DLL
0x00007fff2a0f0000 - 0x00007fff2a10f000 	C:\WINDOWS\SYSTEM32\dhcpcsvc.DLL
0x00007fff2ee70000 - 0x00007fff2ef69000 	C:\WINDOWS\SYSTEM32\DNSAPI.dll
0x00007fff1bbd0000 - 0x00007fff1bbd9000 	C:\Program Files\Microsoft\jdk-17.0.10.7-hotspot\bin\extnet.dll
0x00007fff1e230000 - 0x00007fff1e23e000 	C:\Program Files\Microsoft\jdk-17.0.10.7-hotspot\bin\sunmscapi.dll
0x00007fff30780000 - 0x00007fff308e7000 	C:\WINDOWS\System32\CRYPT32.dll
0x00007fff2fcb0000 - 0x00007fff2fcde000 	C:\WINDOWS\SYSTEM32\ncrypt.dll
0x00007fff2fc70000 - 0x00007fff2fca7000 	C:\WINDOWS\SYSTEM32\NTASN1.dll
0x00007fff1e220000 - 0x00007fff1e228000 	C:\WINDOWS\system32\wshunix.dll

dbghelp: loaded successfully - version: 4.0.5 - missing functions: none
symbol engine: initialized successfully - sym options: 0x614 - pdb path: .;C:\Program Files\Microsoft\jdk-17.0.10.7-hotspot\bin;C:\WINDOWS\SYSTEM32;C:\WINDOWS\WinSxS\amd64_microsoft.windows.common-controls_6595b64144ccf1df_6.0.22621.3235_none_270f74e173860f98;C:\Program Files\Microsoft\jdk-17.0.10.7-hotspot\bin\server;C:\Users\Gericho Miles\.gradle\native\68d5fa5c4cc2d200863cafc0d521ce42e7d3e7ee720ec0a83991735586a16f82\windows-amd64;C:\Users\Gericho Miles\.gradle\native\e376f236ea51e6404a007f0833ffe2c6e607c4080706a723a18a27aeea778392\windows-amd64

VM Arguments:
jvm_args: --add-opens=java.base/java.util=ALL-UNNAMED --add-opens=java.base/java.lang=ALL-UNNAMED --add-opens=java.base/java.lang.invoke=ALL-UNNAMED --add-opens=java.prefs/java.util.prefs=ALL-UNNAMED --add-opens=java.base/java.nio.charset=ALL-UNNAMED --add-opens=java.base/java.net=ALL-UNNAMED --add-opens=java.base/java.util.concurrent.atomic=ALL-UNNAMED -Xmx4g -Dfile.encoding=windows-1252 -Duser.country=US -Duser.language=en -Duser.variant -javaagent:C:\Users\Gericho Miles\.gradle\wrapper\dists\gradle-8.3-all\6en3ugtfdg5xnpx44z4qbwgas\gradle-8.3\lib\agents\gradle-instrumentation-agent-8.3.jar 
java_command: org.gradle.launcher.daemon.bootstrap.GradleDaemon 8.3
java_class_path (initial): C:\Users\Gericho Miles\.gradle\wrapper\dists\gradle-8.3-all\6en3ugtfdg5xnpx44z4qbwgas\gradle-8.3\lib\gradle-launcher-8.3.jar
Launcher Type: SUN_STANDARD

[Global flags]
     intx CICompilerCount                          = 4                                         {product} {ergonomic}
     uint ConcGCThreads                            = 2                                         {product} {ergonomic}
     uint G1ConcRefinementThreads                  = 8                                         {product} {ergonomic}
   size_t G1HeapRegionSize                         = 2097152                                   {product} {ergonomic}
    uintx GCDrainStackTargetSize                   = 64                                        {product} {ergonomic}
   size_t InitialHeapSize                          = 132120576                                 {product} {ergonomic}
   size_t MarkStackSize                            = 4194304                                   {product} {ergonomic}
   size_t MaxHeapSize                              = 4294967296                                {product} {command line}
   size_t MaxNewSize                               = 2575302656                                {product} {ergonomic}
   size_t MinHeapDeltaBytes                        = 2097152                                   {product} {ergonomic}
   size_t MinHeapSize                              = 8388608                                   {product} {ergonomic}
    uintx NonNMethodCodeHeapSize                   = 5839372                                {pd product} {ergonomic}
    uintx NonProfiledCodeHeapSize                  = 122909434                              {pd product} {ergonomic}
    uintx ProfiledCodeHeapSize                     = 122909434                              {pd product} {ergonomic}
    uintx ReservedCodeCacheSize                    = 251658240                              {pd product} {ergonomic}
     bool SegmentedCodeCache                       = true                                      {product} {ergonomic}
   size_t SoftMaxHeapSize                          = 4294967296                             {manageable} {ergonomic}
     bool UseCompressedClassPointers               = true                           {product lp64_product} {ergonomic}
     bool UseCompressedOops                        = true                           {product lp64_product} {ergonomic}
     bool UseG1GC                                  = true                                      {product} {ergonomic}
     bool UseLargePagesIndividualAllocation        = false                                  {pd product} {ergonomic}

Logging:
Log output configuration:
 #0: stdout all=warning uptime,level,tags
 #1: stderr all=off uptime,level,tags

Environment Variables:
JAVA_HOME=C:\Program Files\Microsoft\jdk-17.0.10.7-hotspot\
CLASSPATH=C:\xampp\htdocs\MobImageProcessing\MIP\android\\gradle\wrapper\gradle-wrapper.jar
PATH=C:\xampp\htdocs\MobImageProcessing\MIP\node_modules\.bin;C:\xampp\htdocs\MobImageProcessing\node_modules\.bin;C:\xampp\htdocs\node_modules\.bin;C:\xampp\node_modules\.bin;C:\node_modules\.bin;C:\Program Files\nodejs\node_modules\npm\node_modules\@npmcli\run-script\lib\node-gyp-bin;C:\Python312\Scripts\;C:\Python312\;C:\Program Files\Microsoft\jdk-17.0.10.7-hotspot\bin;C:\xampp\php;C:\Program Files\Java\jdk-19\bin;C:\Windows\System32;C:\Program Files\Git\cmd;C:\ProgramData\chocolatey\bin;C:\Users\Gericho Miles\AppData\Local\Android\Sdk\platform-tools;C:\Users\Gericho Miles\AppData\Local\Programs\Python\Python311;C:\composer;C:\Users\Gericho Miles\AppData\Local\Programs\Python\Python311\Tools\scripts;C:\Program Files\nodejs\;C:\Python312\Lib\site-packages;C:\Users\Gericho Miles\AppData\Local\Programs\Python\Python311\Scripts\;C:\Users\Gericho Miles\AppData\Local\Programs\Python\Python311\;C:\Users\Gericho Miles\Downloads\mongosh-2.1.5-win32-x64\mongosh-2.1.5-win32-x64\bin;C:\Users\Gericho Miles\AppData\Local\Programs\Python\Python311;C:\Users\Gericho Miles\AppData\Roaming\Composer\vendor\bin;C:\Users\Gericho Miles\AppData\Local\Programs\Microsoft VS Code\bin;C:\Users\Gericho Miles\AppData\Local\Programs\Python\Python311\Tools\scripts;C:\Users\Gericho Miles\AppData\Roaming\npm;C:\Python312\Lib\site-packages;C:\Python312\;C:\Python312\Scripts\;
USERNAME=Gericho Miles
OS=Windows_NT
PROCESSOR_IDENTIFIER=Intel64 Family 6 Model 165 Stepping 2, GenuineIntel
TMP=C:\Users\GERICH~1\AppData\Local\Temp
TEMP=C:\Users\GERICH~1\AppData\Local\Temp



Periodic native trim disabled


---------------  S Y S T E M  ---------------

OS:
 Windows 11 , 64 bit Build 22621 (10.0.22621.3374)
OS uptime: 16 days 13:53 hours
Hyper-V role detected

CPU: total 8 (initial active 8) (4 cores per cpu, 2 threads per core) family 6 model 165 stepping 2 microcode 0xe2, cx8, cmov, fxsr, ht, mmx, 3dnowpref, sse, sse2, sse3, ssse3, sse4.1, sse4.2, popcnt, lzcnt, tsc, tscinvbit, avx, avx2, aes, erms, clmul, bmi1, bmi2, adx, fma, vzeroupper, clflush, clflushopt, hv
Processor Information for all 8 processors :
  Max Mhz: 2496, Current Mhz: 2496, Mhz Limit: 2496

Memory: 4k page, system-wide physical 8023M (451M free)
TotalPageFile size 32599M (AvailPageFile size 31M)
current process WorkingSet (physical memory assigned to process): 193M, peak: 193M
current process commit charge ("private bytes"): 283M, peak: 284M

vm_info: OpenJDK 64-Bit Server VM (17.0.10+7-LTS) for windows-amd64 JRE (17.0.10+7-LTS), built on Jan 10 2024 19:47:12 by "MicrosoftCorporation" with MS VC++ 16.10 / 16.11 (VS2019)

END.
