#
# There is insufficient memory for the Java Runtime Environment to continue.
# Native memory allocation (mmap) failed to map 270532608 bytes for G1 virtual space
# Possible reasons:
#   The system is out of physical RAM or swap space
#   The process is running with CompressedOops enabled, and the Java Heap may be blocking the growth of the native heap
# Possible solutions:
#   Reduce memory load on the system
#   Increase physical memory or swap space
#   Check if swap backing store is full
#   Decrease Java heap size (-Xmx/-Xms)
#   Decrease number of Java threads
#   Decrease Java thread stack sizes (-Xss)
#   Set larger code cache with -XX:ReservedCodeCacheSize=
#   JVM is running with Zero Based Compressed Oops mode in which the Java heap is
#     placed in the first 32GB address space. The Java Heap base address is the
#     maximum limit for the native heap growth. Please use -XX:HeapBaseMinAddress
#     to set the Java Heap base and to place the Java Heap above 32GB virtual address.
# This output file may be truncated or incomplete.
#
#  Out of Memory Error (os_windows.cpp:3613), pid=19152, tid=6200
#
# JRE version: OpenJDK Runtime Environment Microsoft-8902769 (17.0.10+7) (build 17.0.10+7-LTS)
# Java VM: OpenJDK 64-Bit Server VM Microsoft-8902769 (17.0.10+7-LTS, mixed mode, sharing, tiered, compressed oops, compressed class ptrs, g1 gc, windows-amd64)
# No core dump will be written. Minidumps are not enabled by default on client versions of Windows
#

---------------  S U M M A R Y ------------

Command Line: --add-opens=java.base/java.util=ALL-UNNAMED --add-opens=java.base/java.lang=ALL-UNNAMED --add-opens=java.base/java.lang.invoke=ALL-UNNAMED --add-opens=java.prefs/java.util.prefs=ALL-UNNAMED --add-opens=java.base/java.nio.charset=ALL-UNNAMED --add-opens=java.base/java.net=ALL-UNNAMED --add-opens=java.base/java.util.concurrent.atomic=ALL-UNNAMED -Xmx4g -Dfile.encoding=windows-1252 -Duser.country=US -Duser.language=en -Duser.variant -javaagent:C:\Users\Gericho Miles\.gradle\wrapper\dists\gradle-8.3-all\6en3ugtfdg5xnpx44z4qbwgas\gradle-8.3\lib\agents\gradle-instrumentation-agent-8.3.jar org.gradle.launcher.daemon.bootstrap.GradleDaemon 8.3

Host: Intel(R) Core(TM) i5-10300H CPU @ 2.50GHz, 8 cores, 7G,  Windows 11 , 64 bit Build 22621 (10.0.22621.3374)
Time: Mon Apr 29 17:34:51 2024 Malay Peninsula Standard Time elapsed time: 34.982214 seconds (0d 0h 0m 34s)

---------------  T H R E A D  ---------------

Current thread (0x00000298d64d6ff0):  VMThread "VM Thread" [stack: 0x000000f56f100000,0x000000f56f200000] [id=6200]

Stack: [0x000000f56f100000,0x000000f56f200000]
Native frames: (J=compiled Java code, j=interpreted, Vv=VM code, C=native code)
V  [jvm.dll+0x67f829]
V  [jvm.dll+0x83750a]
V  [jvm.dll+0x838fce]
V  [jvm.dll+0x839633]
V  [jvm.dll+0x247cbf]
V  [jvm.dll+0x67c669]
V  [jvm.dll+0x6710da]
V  [jvm.dll+0x309b8b]
V  [jvm.dll+0x311036]
V  [jvm.dll+0x360d5e]
V  [jvm.dll+0x360f8f]
V  [jvm.dll+0x2e0798]
V  [jvm.dll+0x2de974]
V  [jvm.dll+0x2ddf7c]
V  [jvm.dll+0x322331]
V  [jvm.dll+0x83db2b]
V  [jvm.dll+0x83e871]
V  [jvm.dll+0x83ed8d]
V  [jvm.dll+0x83f164]
V  [jvm.dll+0x83f230]
V  [jvm.dll+0x7e69da]
V  [jvm.dll+0x67e715]
C  [ucrtbase.dll+0x29333]
C  [KERNEL32.DLL+0x1257d]
C  [ntdll.dll+0x5aa48]

VM_Operation (0x000000f5757f92d0): G1TryInitiateConcMark, mode: safepoint, requested by thread 0x0000029921825620


---------------  P R O C E S S  ---------------

Threads class SMR info:
_java_thread_list=0x000002991e869de0, length=114, elements={
0x00000298b34523c0, 0x00000298d64dd7c0, 0x00000298d64de640, 0x00000298d64f3f50,
0x00000298d64f5f90, 0x00000298d64f8a60, 0x00000298d64f9420, 0x00000298d64ff6d0,
0x00000298d650a1a0, 0x00000298d6640080, 0x00000298d6733160, 0x00000298d681ddd0,
0x000002991dbb2bf0, 0x000002991cf39290, 0x000002991ce2a130, 0x000002991e069b00,
0x000002991d428ab0, 0x000002991d236fc0, 0x000002991d4c89c0, 0x000002991d7a69b0,
0x000002991d7a5a80, 0x000002991d7a8300, 0x000002991d7a73d0, 0x000002991d7a8810,
0x000002991d7a5060, 0x000002991d7a64a0, 0x000002991d7a78e0, 0x000002991d7a7df0,
0x00000299201e4460, 0x00000299201e3f50, 0x00000299201e58a0, 0x00000299201e4970,
0x00000299201e4e80, 0x00000298d67f9130, 0x00000298d67f77e0, 0x00000298d67f8710,
0x00000298d67f9640, 0x00000298d67f21d0, 0x00000298d67f9b50, 0x00000298d67f3610,
0x00000298d67f8c20, 0x00000298d67f4f60, 0x00000298d67f26e0, 0x00000298d67f2bf0,
0x00000298d67f4a50, 0x00000298d67f3100, 0x00000298d67f4030, 0x00000298d67f63a0,
0x00000298d67f5470, 0x00000298d67f5e90, 0x000002991d7a5f90, 0x000002991da6b3f0,
0x000002991da6a9d0, 0x000002991da69590, 0x000002991da69aa0, 0x000002991da6d760,
0x000002991da6e180, 0x000002991da69fb0, 0x000002991da6dc70, 0x000002991da6a4c0,
0x000002991da6f5c0, 0x000002991da68b70, 0x000002991da6e690, 0x000002991da6aee0,
0x000002991da704f0, 0x000002991da69080, 0x000002991da6eba0, 0x000002991da6b900,
0x000002991da6be10, 0x000002991da6c320, 0x000002991da6cd40, 0x000002992074fe60,
0x000002992074ea20, 0x000002992074a340, 0x0000029920750370, 0x00000299207517b0,
0x000002992074f950, 0x000002992074e510, 0x000002992074ad60, 0x000002992074a850,
0x000002992074b270, 0x0000029920750880, 0x000002992074b780, 0x000002992074e000,
0x000002992074daf0, 0x0000029920751cc0, 0x000002992074c1a0, 0x000002992074ef30,
0x000002992074bc90, 0x000002992074c6b0, 0x0000029921825b30, 0x0000029921825620,
0x000002991da6c830, 0x000002991da6fad0, 0x00000299201e6ce0, 0x000002992074d5e0,
0x000002991e877f50, 0x000002991e87e490, 0x000002991e87a7d0, 0x000002991e87c120,
0x000002991e87e9a0, 0x000002991e87c630, 0x000002991e879db0, 0x000002991e878460,
0x000002991e87bc10, 0x000002991e87d050, 0x000002991e87cb40, 0x000002991e879390,
0x000002991e878970, 0x000002991e87d560, 0x000002991e87eeb0, 0x000002991e87df80,
0x000002991e87a2c0, 0x000002991e87f3c0
}

Java Threads: ( => current thread )
  0x00000298b34523c0 JavaThread "main" [_thread_blocked, id=26860, stack(0x000000f56eb00000,0x000000f56ec00000)]
  0x00000298d64dd7c0 JavaThread "Reference Handler" daemon [_thread_blocked, id=35852, stack(0x000000f56f200000,0x000000f56f300000)]
  0x00000298d64de640 JavaThread "Finalizer" daemon [_thread_blocked, id=20992, stack(0x000000f56f300000,0x000000f56f400000)]
  0x00000298d64f3f50 JavaThread "Signal Dispatcher" daemon [_thread_blocked, id=32656, stack(0x000000f56f400000,0x000000f56f500000)]
  0x00000298d64f5f90 JavaThread "Attach Listener" daemon [_thread_blocked, id=33668, stack(0x000000f56f500000,0x000000f56f600000)]
  0x00000298d64f8a60 JavaThread "Service Thread" daemon [_thread_blocked, id=21680, stack(0x000000f56f600000,0x000000f56f700000)]
  0x00000298d64f9420 JavaThread "Monitor Deflation Thread" daemon [_thread_blocked, id=24884, stack(0x000000f56f700000,0x000000f56f800000)]
  0x00000298d64ff6d0 JavaThread "C2 CompilerThread0" daemon [_thread_blocked, id=35156, stack(0x000000f56f800000,0x000000f56f900000)]
  0x00000298d650a1a0 JavaThread "C1 CompilerThread0" daemon [_thread_blocked, id=11976, stack(0x000000f56f900000,0x000000f56fa00000)]
  0x00000298d6640080 JavaThread "Sweeper thread" daemon [_thread_blocked, id=38648, stack(0x000000f56fa00000,0x000000f56fb00000)]
  0x00000298d6733160 JavaThread "Common-Cleaner" daemon [_thread_blocked, id=22884, stack(0x000000f56fb00000,0x000000f56fc00000)]
  0x00000298d681ddd0 JavaThread "Notification Thread" daemon [_thread_blocked, id=19868, stack(0x000000f56fc00000,0x000000f56fd00000)]
  0x000002991dbb2bf0 JavaThread "Daemon health stats" [_thread_blocked, id=35036, stack(0x000000f570300000,0x000000f570400000)]
  0x000002991cf39290 JavaThread "Incoming local TCP Connector on port 49944" [_thread_in_native, id=29972, stack(0x000000f570400000,0x000000f570500000)]
  0x000002991ce2a130 JavaThread "Daemon periodic checks" [_thread_blocked, id=12704, stack(0x000000f570500000,0x000000f570600000)]
  0x000002991e069b00 JavaThread "Daemon" [_thread_blocked, id=9184, stack(0x000000f56fe00000,0x000000f56ff00000)]
  0x000002991d428ab0 JavaThread "Handler for socket connection from /127.0.0.1:49944 to /127.0.0.1:49946" [_thread_in_native, id=8768, stack(0x000000f570600000,0x000000f570700000)]
  0x000002991d236fc0 JavaThread "Cancel handler" [_thread_blocked, id=38580, stack(0x000000f570700000,0x000000f570800000)]
  0x000002991d4c89c0 JavaThread "Daemon worker" [_thread_blocked, id=10752, stack(0x000000f570800000,0x000000f570900000)]
  0x000002991d7a69b0 JavaThread "Asynchronous log dispatcher for DefaultDaemonConnection: socket connection from /127.0.0.1:49944 to /127.0.0.1:49946" [_thread_blocked, id=20976, stack(0x000000f570900000,0x000000f570a00000)]
  0x000002991d7a5a80 JavaThread "Stdin handler" [_thread_blocked, id=35772, stack(0x000000f570a00000,0x000000f570b00000)]
  0x000002991d7a8300 JavaThread "Daemon client event forwarder" [_thread_blocked, id=22292, stack(0x000000f570b00000,0x000000f570c00000)]
  0x000002991d7a73d0 JavaThread "Cache worker for journal cache (C:\Users\Gericho Miles\.gradle\caches\journal-1)" [_thread_blocked, id=3008, stack(0x000000f570c00000,0x000000f570d00000)]
  0x000002991d7a8810 JavaThread "File lock request listener" [_thread_in_native, id=31616, stack(0x000000f570d00000,0x000000f570e00000)]
  0x000002991d7a5060 JavaThread "Cache worker for file hash cache (C:\Users\Gericho Miles\.gradle\caches\8.3\fileHashes)" [_thread_blocked, id=432, stack(0x000000f571200000,0x000000f571300000)]
  0x000002991d7a64a0 JavaThread "File watcher server" daemon [_thread_blocked, id=36916, stack(0x000000f571300000,0x000000f571400000)]
  0x000002991d7a78e0 JavaThread "File watcher consumer" daemon [_thread_blocked, id=31428, stack(0x000000f571400000,0x000000f571500000)]
  0x000002991d7a7df0 JavaThread "Cache worker for checksums cache (C:\xampp\htdocs\MobImageProcessing\MIP\android\.gradle\8.3\checksums)" [_thread_blocked, id=26344, stack(0x000000f571500000,0x000000f571600000)]
  0x00000299201e4460 JavaThread "Cache worker for file hash cache (C:\xampp\htdocs\MobImageProcessing\MIP\android\.gradle\8.3\fileHashes)" [_thread_blocked, id=38584, stack(0x000000f571600000,0x000000f571700000)]
  0x00000299201e3f50 JavaThread "Cache worker for cache directory md-supplier (C:\Users\Gericho Miles\.gradle\caches\8.3\md-supplier)" [_thread_blocked, id=14900, stack(0x000000f571700000,0x000000f571800000)]
  0x00000299201e58a0 JavaThread "Cache worker for file content cache (C:\Users\Gericho Miles\.gradle\caches\8.3\fileContent)" [_thread_blocked, id=31916, stack(0x000000f571800000,0x000000f571900000)]
  0x00000299201e4970 JavaThread "Cache worker for cache directory md-rule (C:\Users\Gericho Miles\.gradle\caches\8.3\md-rule)" [_thread_blocked, id=38328, stack(0x000000f571a00000,0x000000f571b00000)]
  0x00000299201e4e80 JavaThread "Cache worker for execution history cache (C:\Users\Gericho Miles\.gradle\caches\8.3\executionHistory)" [_thread_blocked, id=22856, stack(0x000000f571b00000,0x000000f571c00000)]
  0x00000298d67f9130 JavaThread "jar transforms" [_thread_blocked, id=36484, stack(0x000000f571c00000,0x000000f571d00000)]
  0x00000298d67f77e0 JavaThread "jar transforms Thread 2" [_thread_blocked, id=12740, stack(0x000000f571d00000,0x000000f571e00000)]
  0x00000298d67f8710 JavaThread "jar transforms Thread 3" [_thread_blocked, id=38456, stack(0x000000f571e00000,0x000000f571f00000)]
  0x00000298d67f9640 JavaThread "jar transforms Thread 4" [_thread_blocked, id=20868, stack(0x000000f571f00000,0x000000f572000000)]
  0x00000298d67f21d0 JavaThread "Cache worker for kotlin-dsl (C:\Users\Gericho Miles\.gradle\caches\8.3\kotlin-dsl)" [_thread_blocked, id=4440, stack(0x000000f572000000,0x000000f572100000)]
  0x00000298d67f9b50 JavaThread "jar transforms Thread 5" [_thread_blocked, id=9276, stack(0x000000f572100000,0x000000f572200000)]
  0x00000298d67f3610 JavaThread "jar transforms Thread 6" [_thread_blocked, id=34984, stack(0x000000f572200000,0x000000f572300000)]
  0x00000298d67f8c20 JavaThread "Unconstrained build operations" [_thread_blocked, id=10024, stack(0x000000f572300000,0x000000f572400000)]
  0x00000298d67f4f60 JavaThread "Unconstrained build operations Thread 2" [_thread_blocked, id=9792, stack(0x000000f572400000,0x000000f572500000)]
  0x00000298d67f26e0 JavaThread "jar transforms Thread 7" [_thread_blocked, id=712, stack(0x000000f572500000,0x000000f572600000)]
  0x00000298d67f2bf0 JavaThread "jar transforms Thread 8" [_thread_blocked, id=29072, stack(0x000000f572600000,0x000000f572700000)]
  0x00000298d67f4a50 JavaThread "Cache worker for dependencies-accessors (C:\xampp\htdocs\MobImageProcessing\MIP\android\.gradle\8.3\dependencies-accessors)" [_thread_blocked, id=15308, stack(0x000000f572700000,0x000000f572800000)]
  0x00000298d67f3100 JavaThread "Cache worker for Build Output Cleanup Cache (C:\xampp\htdocs\MobImageProcessing\MIP\node_modules\@react-native\gradle-plugin\.gradle\buildOutputCleanup)" [_thread_blocked, id=24096, stack(0x000000f572800000,0x000000f572900000)]
  0x00000298d67f4030 JavaThread "Unconstrained build operations Thread 3" [_thread_blocked, id=20220, stack(0x000000f572900000,0x000000f572a00000)]
  0x00000298d67f63a0 JavaThread "Unconstrained build operations Thread 4" [_thread_blocked, id=29888, stack(0x000000f572a00000,0x000000f572b00000)]
  0x00000298d67f5470 JavaThread "Unconstrained build operations Thread 5" [_thread_blocked, id=17120, stack(0x000000f572b00000,0x000000f572c00000)]
  0x00000298d67f5e90 JavaThread "Unconstrained build operations Thread 6" [_thread_blocked, id=2184, stack(0x000000f572c00000,0x000000f572d00000)]
  0x000002991d7a5f90 JavaThread "Unconstrained build operations Thread 7" [_thread_blocked, id=21252, stack(0x000000f572d00000,0x000000f572e00000)]
  0x000002991da6b3f0 JavaThread "Unconstrained build operations Thread 8" [_thread_blocked, id=26412, stack(0x000000f572e00000,0x000000f572f00000)]
  0x000002991da6a9d0 JavaThread "Unconstrained build operations Thread 9" [_thread_blocked, id=26204, stack(0x000000f572f00000,0x000000f573000000)]
  0x000002991da69590 JavaThread "Memory manager" [_thread_blocked, id=36664, stack(0x000000f573100000,0x000000f573200000)]
  0x000002991da69aa0 JavaThread "Cache worker for Build Output Cleanup Cache (C:\xampp\htdocs\MobImageProcessing\MIP\android\.gradle\buildOutputCleanup)" [_thread_blocked, id=35468, stack(0x000000f571100000,0x000000f571200000)]
  0x000002991da6d760 JavaThread "ForkJoinPool.commonPool-worker-1" daemon [_thread_blocked, id=28600, stack(0x000000f573300000,0x000000f573400000)]
  0x000002991da6e180 JavaThread "ForkJoinPool.commonPool-worker-2" daemon [_thread_blocked, id=16556, stack(0x000000f573400000,0x000000f573500000)]
  0x000002991da69fb0 JavaThread "ForkJoinPool.commonPool-worker-3" daemon [_thread_blocked, id=18548, stack(0x000000f573500000,0x000000f573600000)]
  0x000002991da6dc70 JavaThread "ForkJoinPool.commonPool-worker-4" daemon [_thread_blocked, id=29684, stack(0x000000f573600000,0x000000f573700000)]
  0x000002991da6a4c0 JavaThread "ForkJoinPool.commonPool-worker-5" daemon [_thread_blocked, id=13712, stack(0x000000f573700000,0x000000f573800000)]
  0x000002991da6f5c0 JavaThread "ForkJoinPool.commonPool-worker-6" daemon [_thread_blocked, id=21316, stack(0x000000f573800000,0x000000f573900000)]
  0x000002991da68b70 JavaThread "ForkJoinPool.commonPool-worker-7" daemon [_thread_blocked, id=33116, stack(0x000000f573900000,0x000000f573a00000)]
  0x000002991da6e690 JavaThread "Exec process" [_thread_blocked, id=26084, stack(0x000000f573a00000,0x000000f573b00000)]
  0x000002991da6aee0 JavaThread "Exec process Thread 2" [_thread_blocked, id=15828, stack(0x000000f573b00000,0x000000f573c00000)]
  0x000002991da704f0 JavaThread "Exec process Thread 3" [_thread_blocked, id=20012, stack(0x000000f573c00000,0x000000f573d00000)]
  0x000002991da69080 JavaThread "included builds" [_thread_blocked, id=38476, stack(0x000000f573d00000,0x000000f573e00000)]
  0x000002991da6eba0 JavaThread "Execution worker" [_thread_blocked, id=19548, stack(0x000000f573e00000,0x000000f573f00000)]
  0x000002991da6b900 JavaThread "Execution worker Thread 2" [_thread_blocked, id=9340, stack(0x000000f573f00000,0x000000f574000000)]
  0x000002991da6be10 JavaThread "Execution worker Thread 3" [_thread_blocked, id=3268, stack(0x000000f574000000,0x000000f574100000)]
  0x000002991da6c320 JavaThread "Execution worker Thread 4" [_thread_blocked, id=7816, stack(0x000000f574100000,0x000000f574200000)]
  0x000002991da6cd40 JavaThread "Execution worker Thread 5" [_thread_blocked, id=9384, stack(0x000000f574200000,0x000000f574300000)]
  0x000002992074fe60 JavaThread "Execution worker Thread 6" [_thread_blocked, id=25784, stack(0x000000f574300000,0x000000f574400000)]
  0x000002992074ea20 JavaThread "Execution worker Thread 7" [_thread_blocked, id=28376, stack(0x000000f574400000,0x000000f574500000)]
  0x000002992074a340 JavaThread "Cache worker for execution history cache (C:\xampp\htdocs\MobImageProcessing\MIP\node_modules\@react-native\gradle-plugin\.gradle\8.3\executionHistory)" [_thread_blocked, id=9280, stack(0x000000f574500000,0x000000f574600000)]
  0x0000029920750370 JavaThread "Unconstrained build operations Thread 10" [_thread_blocked, id=27352, stack(0x000000f574600000,0x000000f574700000)]
  0x00000299207517b0 JavaThread "Unconstrained build operations Thread 11" [_thread_blocked, id=30604, stack(0x000000f574700000,0x000000f574800000)]
  0x000002992074f950 JavaThread "Unconstrained build operations Thread 12" [_thread_blocked, id=32792, stack(0x000000f574800000,0x000000f574900000)]
  0x000002992074e510 JavaThread "Unconstrained build operations Thread 13" [_thread_blocked, id=13044, stack(0x000000f574900000,0x000000f574a00000)]
  0x000002992074ad60 JavaThread "Unconstrained build operations Thread 14" [_thread_blocked, id=18396, stack(0x000000f574a00000,0x000000f574b00000)]
  0x000002992074a850 JavaThread "Unconstrained build operations Thread 15" [_thread_blocked, id=15432, stack(0x000000f574b00000,0x000000f574c00000)]
  0x000002992074b270 JavaThread "Unconstrained build operations Thread 16" [_thread_blocked, id=26976, stack(0x000000f574c00000,0x000000f574d00000)]
  0x0000029920750880 JavaThread "Unconstrained build operations Thread 17" [_thread_blocked, id=28364, stack(0x000000f574d00000,0x000000f574e00000)]
  0x000002992074b780 JavaThread "Unconstrained build operations Thread 18" [_thread_blocked, id=25772, stack(0x000000f574e00000,0x000000f574f00000)]
  0x000002992074e000 JavaThread "Unconstrained build operations Thread 19" [_thread_blocked, id=27316, stack(0x000000f574f00000,0x000000f575000000)]
  0x000002992074daf0 JavaThread "Unconstrained build operations Thread 20" [_thread_blocked, id=22728, stack(0x000000f575000000,0x000000f575100000)]
  0x0000029920751cc0 JavaThread "Unconstrained build operations Thread 21" [_thread_blocked, id=19488, stack(0x000000f575100000,0x000000f575200000)]
  0x000002992074c1a0 JavaThread "Unconstrained build operations Thread 22" [_thread_blocked, id=18816, stack(0x000000f575200000,0x000000f575300000)]
  0x000002992074ef30 JavaThread "Unconstrained build operations Thread 23" [_thread_blocked, id=25580, stack(0x000000f575300000,0x000000f575400000)]
  0x000002992074bc90 JavaThread "Unconstrained build operations Thread 24" [_thread_blocked, id=22128, stack(0x000000f575400000,0x000000f575500000)]
  0x000002992074c6b0 JavaThread "Unconstrained build operations Thread 25" [_thread_blocked, id=9284, stack(0x000000f575500000,0x000000f575600000)]
  0x0000029921825b30 JavaThread "File lock release action executor" [_thread_blocked, id=38044, stack(0x000000f575600000,0x000000f575700000)]
  0x0000029921825620 JavaThread "Unconstrained build operations Thread 26" [_thread_blocked, id=22080, stack(0x000000f575700000,0x000000f575800000)]
  0x000002991da6c830 JavaThread "Unconstrained build operations Thread 27" [_thread_blocked, id=32216, stack(0x000000f575800000,0x000000f575900000)]
  0x000002991da6fad0 JavaThread "Unconstrained build operations Thread 28" [_thread_blocked, id=38192, stack(0x000000f575900000,0x000000f575a00000)]
  0x00000299201e6ce0 JavaThread "Unconstrained build operations Thread 29" [_thread_blocked, id=38276, stack(0x000000f575a00000,0x000000f575b00000)]
  0x000002992074d5e0 JavaThread "Unconstrained build operations Thread 30" [_thread_blocked, id=32672, stack(0x000000f575b00000,0x000000f575c00000)]
  0x000002991e877f50 JavaThread "Unconstrained build operations Thread 31" [_thread_blocked, id=30936, stack(0x000000f575c00000,0x000000f575d00000)]
  0x000002991e87e490 JavaThread "Unconstrained build operations Thread 32" [_thread_blocked, id=16960, stack(0x000000f575d00000,0x000000f575e00000)]
  0x000002991e87a7d0 JavaThread "Unconstrained build operations Thread 33" [_thread_blocked, id=30888, stack(0x000000f573200000,0x000000f573300000)]
  0x000002991e87c120 JavaThread "Unconstrained build operations Thread 34" [_thread_blocked, id=26956, stack(0x000000f576000000,0x000000f576100000)]
  0x000002991e87e9a0 JavaThread "Unconstrained build operations Thread 35" [_thread_blocked, id=38008, stack(0x000000f576100000,0x000000f576200000)]
  0x000002991e87c630 JavaThread "Unconstrained build operations Thread 36" [_thread_blocked, id=38616, stack(0x000000f576300000,0x000000f576400000)]
  0x000002991e879db0 JavaThread "Unconstrained build operations Thread 37" [_thread_blocked, id=1180, stack(0x000000f576400000,0x000000f576500000)]
  0x000002991e878460 JavaThread "Unconstrained build operations Thread 38" [_thread_blocked, id=2836, stack(0x000000f576500000,0x000000f576600000)]
  0x000002991e87bc10 JavaThread "Unconstrained build operations Thread 39" [_thread_blocked, id=34448, stack(0x000000f576600000,0x000000f576700000)]
  0x000002991e87d050 JavaThread "Unconstrained build operations Thread 40" [_thread_blocked, id=26812, stack(0x000000f576700000,0x000000f576800000)]
  0x000002991e87cb40 JavaThread "Unconstrained build operations Thread 41" [_thread_blocked, id=33816, stack(0x000000f576800000,0x000000f576900000)]
  0x000002991e879390 JavaThread "Unconstrained build operations Thread 42" [_thread_blocked, id=37140, stack(0x000000f576900000,0x000000f576a00000)]
  0x000002991e878970 JavaThread "Unconstrained build operations Thread 43" [_thread_blocked, id=8452, stack(0x000000f576a00000,0x000000f576b00000)]
  0x000002991e87d560 JavaThread "Unconstrained build operations Thread 44" [_thread_blocked, id=13656, stack(0x000000f576b00000,0x000000f576c00000)]
  0x000002991e87eeb0 JavaThread "Unconstrained build operations Thread 45" [_thread_blocked, id=10044, stack(0x000000f576c00000,0x000000f576d00000)]
  0x000002991e87df80 JavaThread "Unconstrained build operations Thread 46" [_thread_blocked, id=25920, stack(0x000000f576d00000,0x000000f576e00000)]
  0x000002991e87a2c0 JavaThread "Unconstrained build operations Thread 47" [_thread_blocked, id=25924, stack(0x000000f576e00000,0x000000f576f00000)]
  0x000002991e87f3c0 JavaThread "Unconstrained build operations Thread 48" [_thread_blocked, id=6840, stack(0x000000f576f00000,0x000000f577000000)]

Other Threads:
=>0x00000298d64d6ff0 VMThread "VM Thread" [stack: 0x000000f56f100000,0x000000f56f200000] [id=6200]
  0x00000298d67f1ee0 WatcherThread [stack: 0x000000f56fd00000,0x000000f56fe00000] [id=3060]
  0x00000298b34c0300 GCTaskThread "GC Thread#0" [stack: 0x000000f56ec00000,0x000000f56ed00000] [id=13296]
  0x000002991cba41f0 GCTaskThread "GC Thread#1" [stack: 0x000000f56ff00000,0x000000f570000000] [id=21264]
  0x000002991c211680 GCTaskThread "GC Thread#2" [stack: 0x000000f570000000,0x000000f570100000] [id=34020]
  0x000002991cc11740 GCTaskThread "GC Thread#3" [stack: 0x000000f570100000,0x000000f570200000] [id=14636]
  0x000002991c8ef060 GCTaskThread "GC Thread#4" [stack: 0x000000f570200000,0x000000f570300000] [id=12352]
  0x000002991db82ee0 GCTaskThread "GC Thread#5" [stack: 0x000000f570e00000,0x000000f570f00000] [id=16180]
  0x000002991d91a5b0 GCTaskThread "GC Thread#6" [stack: 0x000000f570f00000,0x000000f571000000] [id=33776]
  0x000002991d507440 GCTaskThread "GC Thread#7" [stack: 0x000000f571000000,0x000000f571100000] [id=27764]
  0x00000298b34d1250 ConcurrentGCThread "G1 Main Marker" [stack: 0x000000f56ed00000,0x000000f56ee00000] [id=17400]
  0x00000298b34d2410 ConcurrentGCThread "G1 Conc#0" [stack: 0x000000f56ee00000,0x000000f56ef00000] [id=16168]
  0x000002991e239dd0 ConcurrentGCThread "G1 Conc#1" [stack: 0x000000f571900000,0x000000f571a00000] [id=38256]
  0x00000298d6371820 ConcurrentGCThread "G1 Refine#0" [stack: 0x000000f56ef00000,0x000000f56f000000] [id=32376]
  0x000002991ca9e200 ConcurrentGCThread "G1 Refine#1" [stack: 0x000000f573000000,0x000000f573100000] [id=18464]
  0x00000298d6372250 ConcurrentGCThread "G1 Service" [stack: 0x000000f56f000000,0x000000f56f100000] [id=25084]

Threads with active compile tasks:

VM state: at safepoint (normal execution)

VM Mutex/Monitor currently owned by a thread:  ([mutex/lock_event])
[0x00000298b344c870] Threads_lock - owner thread: 0x00000298d64d6ff0
[0x00000298b344d4d0] Heap_lock - owner thread: 0x0000029921825620

Heap address: 0x0000000700000000, size: 4096 MB, Compressed Oops mode: Zero based, Oop shift amount: 3

CDS archive(s) mapped at: [0x00000298d7000000-0x00000298d7bb0000-0x00000298d7bb0000), size 12255232, SharedBaseAddress: 0x00000298d7000000, ArchiveRelocationMode: 1.
Compressed class space mapped at: 0x00000298d8000000-0x0000029918000000, reserved size: 1073741824
Narrow klass base: 0x00000298d7000000, Narrow klass shift: 0, Narrow klass range: 0x100000000

GC Precious Log:
 CPUs: 8 total, 8 available
 Memory: 8023M
 Large Page Support: Disabled
 NUMA Support: Disabled
 Compressed Oops: Enabled (Zero based)
 Heap Region Size: 2M
 Heap Min Capacity: 8M
 Heap Initial Capacity: 126M
 Heap Max Capacity: 4G
 Pre-touch: Disabled
 Parallel Workers: 8
 Concurrent Workers: 2
 Concurrent Refinement Workers: 8
 Periodic GC: Disabled

Heap:
 garbage-first heap   total 411648K, used 224535K [0x0000000700000000, 0x0000000800000000)
  region size 2048K, 8 young (16384K), 8 survivors (16384K)
 Metaspace       used 96294K, committed 97152K, reserved 1179648K
  class space    used 13557K, committed 13952K, reserved 1048576K

Heap Regions: E=young(eden), S=young(survivor), O=old, HS=humongous(starts), HC=humongous(continues), CS=collection set, F=free, OA=open archive, CA=closed archive, TAMS=top-at-mark-start (previous, next)
|   0|0x0000000700000000, 0x0000000700200000, 0x0000000700200000|100%|HS|  |TAMS 0x0000000700200000, 0x0000000700200000| Complete 
|   1|0x0000000700200000, 0x0000000700400000, 0x0000000700400000|100%|HC|  |TAMS 0x0000000700400000, 0x0000000700400000| Complete 
|   2|0x0000000700400000, 0x0000000700600000, 0x0000000700600000|100%| O|  |TAMS 0x0000000700600000, 0x0000000700600000| Untracked 
|   3|0x0000000700600000, 0x0000000700800000, 0x0000000700800000|100%| O|  |TAMS 0x0000000700800000, 0x0000000700800000| Untracked 
|   4|0x0000000700800000, 0x0000000700a00000, 0x0000000700a00000|100%| O|  |TAMS 0x0000000700a00000, 0x0000000700a00000| Untracked 
|   5|0x0000000700a00000, 0x0000000700c00000, 0x0000000700c00000|100%| O|  |TAMS 0x0000000700c00000, 0x0000000700c00000| Untracked 
|   6|0x0000000700c00000, 0x0000000700e00000, 0x0000000700e00000|100%| O|  |TAMS 0x0000000700e00000, 0x0000000700e00000| Untracked 
|   7|0x0000000700e00000, 0x0000000701000000, 0x0000000701000000|100%| O|  |TAMS 0x0000000701000000, 0x0000000701000000| Untracked 
|   8|0x0000000701000000, 0x0000000701200000, 0x0000000701200000|100%| O|  |TAMS 0x0000000701200000, 0x0000000701200000| Untracked 
|   9|0x0000000701200000, 0x0000000701400000, 0x0000000701400000|100%| O|  |TAMS 0x0000000701400000, 0x0000000701400000| Untracked 
|  10|0x0000000701400000, 0x0000000701600000, 0x0000000701600000|100%| O|  |TAMS 0x0000000701600000, 0x0000000701600000| Untracked 
|  11|0x0000000701600000, 0x0000000701800000, 0x0000000701800000|100%| O|  |TAMS 0x0000000701800000, 0x0000000701800000| Untracked 
|  12|0x0000000701800000, 0x0000000701a00000, 0x0000000701a00000|100%| O|  |TAMS 0x0000000701a00000, 0x0000000701a00000| Untracked 
|  13|0x0000000701a00000, 0x0000000701c00000, 0x0000000701c00000|100%| O|  |TAMS 0x0000000701c00000, 0x0000000701c00000| Untracked 
|  14|0x0000000701c00000, 0x0000000701e00000, 0x0000000701e00000|100%| O|  |TAMS 0x0000000701c00000, 0x0000000701e00000| Untracked 
|  15|0x0000000701e00000, 0x0000000702000000, 0x0000000702000000|100%|HS|  |TAMS 0x0000000702000000, 0x0000000702000000| Complete 
|  16|0x0000000702000000, 0x0000000702200000, 0x0000000702200000|100%|HS|  |TAMS 0x0000000702200000, 0x0000000702200000| Complete 
|  17|0x0000000702200000, 0x0000000702400000, 0x0000000702400000|100%|HS|  |TAMS 0x0000000702400000, 0x0000000702400000| Complete 
|  18|0x0000000702400000, 0x0000000702600000, 0x0000000702600000|100%|HC|  |TAMS 0x0000000702600000, 0x0000000702600000| Complete 
|  19|0x0000000702600000, 0x0000000702800000, 0x0000000702800000|100%| O|  |TAMS 0x0000000702800000, 0x0000000702800000| Untracked 
|  20|0x0000000702800000, 0x0000000702a00000, 0x0000000702a00000|100%|HS|  |TAMS 0x0000000702a00000, 0x0000000702a00000| Complete 
|  21|0x0000000702a00000, 0x0000000702c00000, 0x0000000702c00000|100%|HC|  |TAMS 0x0000000702c00000, 0x0000000702c00000| Complete 
|  22|0x0000000702c00000, 0x0000000702e00000, 0x0000000702e00000|100%| O|  |TAMS 0x0000000702e00000, 0x0000000702e00000| Untracked 
|  23|0x0000000702e00000, 0x0000000703000000, 0x0000000703000000|100%| O|  |TAMS 0x0000000703000000, 0x0000000703000000| Untracked 
|  24|0x0000000703000000, 0x0000000703200000, 0x0000000703200000|100%| O|  |TAMS 0x0000000703200000, 0x0000000703200000| Untracked 
|  25|0x0000000703200000, 0x0000000703400000, 0x0000000703400000|100%| O|  |TAMS 0x0000000703400000, 0x0000000703400000| Untracked 
|  26|0x0000000703400000, 0x0000000703600000, 0x0000000703600000|100%| O|  |TAMS 0x0000000703600000, 0x0000000703600000| Untracked 
|  27|0x0000000703600000, 0x0000000703800000, 0x0000000703800000|100%| O|  |TAMS 0x0000000703800000, 0x0000000703800000| Untracked 
|  28|0x0000000703800000, 0x0000000703a00000, 0x0000000703a00000|100%|HS|  |TAMS 0x0000000703800000, 0x0000000703a00000| Complete 
|  29|0x0000000703a00000, 0x0000000703c00000, 0x0000000703c00000|100%| O|  |TAMS 0x0000000703c00000, 0x0000000703c00000| Untracked 
|  30|0x0000000703c00000, 0x0000000703e00000, 0x0000000703e00000|100%| O|  |TAMS 0x0000000703e00000, 0x0000000703e00000| Untracked 
|  31|0x0000000703e00000, 0x0000000704000000, 0x0000000704000000|100%| O|  |TAMS 0x0000000704000000, 0x0000000704000000| Untracked 
|  32|0x0000000704000000, 0x0000000704200000, 0x0000000704200000|100%| O|  |TAMS 0x0000000704200000, 0x0000000704200000| Untracked 
|  33|0x0000000704200000, 0x0000000704400000, 0x0000000704400000|100%| O|  |TAMS 0x0000000704400000, 0x0000000704400000| Untracked 
|  34|0x0000000704400000, 0x0000000704600000, 0x0000000704600000|100%| O|  |TAMS 0x0000000704600000, 0x0000000704600000| Untracked 
|  35|0x0000000704600000, 0x0000000704800000, 0x0000000704800000|100%| O|  |TAMS 0x0000000704800000, 0x0000000704800000| Untracked 
|  36|0x0000000704800000, 0x0000000704a00000, 0x0000000704a00000|100%| O|  |TAMS 0x0000000704a00000, 0x0000000704a00000| Untracked 
|  37|0x0000000704a00000, 0x0000000704c00000, 0x0000000704c00000|100%| O|  |TAMS 0x0000000704c00000, 0x0000000704c00000| Untracked 
|  38|0x0000000704c00000, 0x0000000704e00000, 0x0000000704e00000|100%| O|  |TAMS 0x0000000704e00000, 0x0000000704e00000| Untracked 
|  39|0x0000000704e00000, 0x0000000705000000, 0x0000000705000000|100%| O|  |TAMS 0x0000000705000000, 0x0000000705000000| Untracked 
|  40|0x0000000705000000, 0x0000000705200000, 0x0000000705200000|100%| O|  |TAMS 0x0000000705200000, 0x0000000705200000| Untracked 
|  41|0x0000000705200000, 0x0000000705400000, 0x0000000705400000|100%| O|  |TAMS 0x0000000705400000, 0x0000000705400000| Untracked 
|  42|0x0000000705400000, 0x0000000705600000, 0x0000000705600000|100%| O|  |TAMS 0x0000000705600000, 0x0000000705600000| Untracked 
|  43|0x0000000705600000, 0x0000000705800000, 0x0000000705800000|100%| O|  |TAMS 0x0000000705800000, 0x0000000705800000| Untracked 
|  44|0x0000000705800000, 0x0000000705a00000, 0x0000000705a00000|100%| O|  |TAMS 0x0000000705a00000, 0x0000000705a00000| Untracked 
|  45|0x0000000705a00000, 0x0000000705c00000, 0x0000000705c00000|100%| O|  |TAMS 0x0000000705c00000, 0x0000000705c00000| Untracked 
|  46|0x0000000705c00000, 0x0000000705e00000, 0x0000000705e00000|100%| O|  |TAMS 0x0000000705e00000, 0x0000000705e00000| Untracked 
|  47|0x0000000705e00000, 0x0000000706000000, 0x0000000706000000|100%| O|  |TAMS 0x0000000706000000, 0x0000000706000000| Untracked 
|  48|0x0000000706000000, 0x0000000706200000, 0x0000000706200000|100%| O|  |TAMS 0x0000000706200000, 0x0000000706200000| Untracked 
|  49|0x0000000706200000, 0x0000000706400000, 0x0000000706400000|100%| O|  |TAMS 0x0000000706400000, 0x0000000706400000| Untracked 
|  50|0x0000000706400000, 0x0000000706600000, 0x0000000706600000|100%| O|  |TAMS 0x000000070650e000, 0x0000000706600000| Untracked 
|  51|0x0000000706600000, 0x0000000706800000, 0x0000000706800000|100%| O|  |TAMS 0x0000000706600000, 0x0000000706800000| Untracked 
|  52|0x0000000706800000, 0x0000000706a00000, 0x0000000706a00000|100%| O|  |TAMS 0x0000000706800000, 0x0000000706a00000| Untracked 
|  53|0x0000000706a00000, 0x0000000706c00000, 0x0000000706c00000|100%| O|  |TAMS 0x0000000706a00000, 0x0000000706c00000| Untracked 
|  54|0x0000000706c00000, 0x0000000706e00000, 0x0000000706e00000|100%| O|  |TAMS 0x0000000706c00000, 0x0000000706e00000| Untracked 
|  55|0x0000000706e00000, 0x0000000707000000, 0x0000000707000000|100%| O|  |TAMS 0x0000000706e00000, 0x0000000707000000| Untracked 
|  56|0x0000000707000000, 0x0000000707200000, 0x0000000707200000|100%| O|  |TAMS 0x0000000707000000, 0x0000000707200000| Untracked 
|  57|0x0000000707200000, 0x0000000707200000, 0x0000000707400000|  0%| F|  |TAMS 0x0000000707200000, 0x0000000707200000| Untracked 
|  58|0x0000000707400000, 0x0000000707400000, 0x0000000707600000|  0%| F|  |TAMS 0x0000000707400000, 0x0000000707400000| Untracked 
|  59|0x0000000707600000, 0x0000000707800000, 0x0000000707800000|100%|HS|  |TAMS 0x0000000707600000, 0x0000000707800000| Complete 
|  60|0x0000000707800000, 0x0000000707a00000, 0x0000000707a00000|100%|HS|  |TAMS 0x0000000707800000, 0x0000000707a00000| Complete 
|  61|0x0000000707a00000, 0x0000000707a00000, 0x0000000707c00000|  0%| F|  |TAMS 0x0000000707a00000, 0x0000000707a00000| Untracked 
|  62|0x0000000707c00000, 0x0000000707c00000, 0x0000000707e00000|  0%| F|  |TAMS 0x0000000707c00000, 0x0000000707c00000| Untracked 
|  63|0x0000000707e00000, 0x0000000707e00000, 0x0000000708000000|  0%| F|  |TAMS 0x0000000707e00000, 0x0000000707e00000| Untracked 
|  64|0x0000000708000000, 0x0000000708000000, 0x0000000708200000|  0%| F|  |TAMS 0x0000000708000000, 0x0000000708000000| Untracked 
|  65|0x0000000708200000, 0x0000000708200000, 0x0000000708400000|  0%| F|  |TAMS 0x0000000708200000, 0x0000000708200000| Untracked 
|  66|0x0000000708400000, 0x0000000708400000, 0x0000000708600000|  0%| F|  |TAMS 0x0000000708400000, 0x0000000708400000| Untracked 
|  67|0x0000000708600000, 0x0000000708600000, 0x0000000708800000|  0%| F|  |TAMS 0x0000000708600000, 0x0000000708600000| Untracked 
|  68|0x0000000708800000, 0x0000000708a00000, 0x0000000708a00000|100%|HS|  |TAMS 0x0000000708800000, 0x0000000708a00000| Complete 
|  69|0x0000000708a00000, 0x0000000708c00000, 0x0000000708c00000|100%|HC|  |TAMS 0x0000000708a00000, 0x0000000708c00000| Complete 
|  70|0x0000000708c00000, 0x0000000708e00000, 0x0000000708e00000|100%|HC|  |TAMS 0x0000000708c00000, 0x0000000708e00000| Complete 
|  71|0x0000000708e00000, 0x0000000709000000, 0x0000000709000000|100%|HS|  |TAMS 0x0000000708e00000, 0x0000000709000000| Complete 
|  72|0x0000000709000000, 0x0000000709000000, 0x0000000709200000|  0%| F|  |TAMS 0x0000000709000000, 0x0000000709000000| Untracked 
|  73|0x0000000709200000, 0x0000000709400000, 0x0000000709400000|100%|HS|  |TAMS 0x0000000709200000, 0x0000000709400000| Complete 
|  74|0x0000000709400000, 0x0000000709600000, 0x0000000709600000|100%|HS|  |TAMS 0x0000000709400000, 0x0000000709600000| Complete 
|  75|0x0000000709600000, 0x0000000709800000, 0x0000000709800000|100%|HC|  |TAMS 0x0000000709600000, 0x0000000709800000| Complete 
|  76|0x0000000709800000, 0x0000000709a00000, 0x0000000709a00000|100%|HC|  |TAMS 0x0000000709800000, 0x0000000709a00000| Complete 
|  77|0x0000000709a00000, 0x0000000709c00000, 0x0000000709c00000|100%|HS|  |TAMS 0x0000000709a00000, 0x0000000709c00000| Complete 
|  78|0x0000000709c00000, 0x0000000709e00000, 0x0000000709e00000|100%|HC|  |TAMS 0x0000000709c00000, 0x0000000709e00000| Complete 
|  79|0x0000000709e00000, 0x0000000709e00000, 0x000000070a000000|  0%| F|  |TAMS 0x0000000709e00000, 0x0000000709e00000| Untracked 
|  80|0x000000070a000000, 0x000000070a000000, 0x000000070a200000|  0%| F|  |TAMS 0x000000070a000000, 0x000000070a000000| Untracked 
|  81|0x000000070a200000, 0x000000070a400000, 0x000000070a400000|100%|HS|  |TAMS 0x000000070a200000, 0x000000070a400000| Complete 
|  82|0x000000070a400000, 0x000000070a600000, 0x000000070a600000|100%|HC|  |TAMS 0x000000070a400000, 0x000000070a600000| Complete 
|  83|0x000000070a600000, 0x000000070a800000, 0x000000070a800000|100%|HS|  |TAMS 0x000000070a600000, 0x000000070a800000| Complete 
|  84|0x000000070a800000, 0x000000070a800000, 0x000000070aa00000|  0%| F|  |TAMS 0x000000070a800000, 0x000000070a800000| Untracked 
|  85|0x000000070aa00000, 0x000000070ac00000, 0x000000070ac00000|100%|HS|  |TAMS 0x000000070aa00000, 0x000000070ac00000| Complete 
|  86|0x000000070ac00000, 0x000000070ae00000, 0x000000070ae00000|100%|HC|  |TAMS 0x000000070ac00000, 0x000000070ae00000| Complete 
|  87|0x000000070ae00000, 0x000000070b000000, 0x000000070b000000|100%| O|  |TAMS 0x000000070ae00000, 0x000000070ae00000| Untracked 
|  88|0x000000070b000000, 0x000000070b200000, 0x000000070b200000|100%| O|  |TAMS 0x000000070b000000, 0x000000070b000000| Untracked 
|  89|0x000000070b200000, 0x000000070b400000, 0x000000070b400000|100%|HS|  |TAMS 0x000000070b200000, 0x000000070b400000| Complete 
|  90|0x000000070b400000, 0x000000070b600000, 0x000000070b600000|100%|HC|  |TAMS 0x000000070b400000, 0x000000070b600000| Complete 
|  91|0x000000070b600000, 0x000000070b800000, 0x000000070b800000|100%| O|  |TAMS 0x000000070b600000, 0x000000070b600000| Untracked 
|  92|0x000000070b800000, 0x000000070b8fbc00, 0x000000070ba00000| 49%| O|  |TAMS 0x000000070b800000, 0x000000070b800000| Untracked 
|  93|0x000000070ba00000, 0x000000070bc00000, 0x000000070bc00000|100%|HS|  |TAMS 0x000000070ba00000, 0x000000070bc00000| Complete 
|  94|0x000000070bc00000, 0x000000070be00000, 0x000000070be00000|100%| O|  |TAMS 0x000000070bc00000, 0x000000070be00000| Untracked 
|  95|0x000000070be00000, 0x000000070c000000, 0x000000070c000000|100%| O|  |TAMS 0x000000070be00000, 0x000000070c000000| Untracked 
|  96|0x000000070c000000, 0x000000070c200000, 0x000000070c200000|100%| O|  |TAMS 0x000000070c000000, 0x000000070c200000| Untracked 
|  97|0x000000070c200000, 0x000000070c400000, 0x000000070c400000|100%| O|  |TAMS 0x000000070c200000, 0x000000070c400000| Untracked 
|  98|0x000000070c400000, 0x000000070c600000, 0x000000070c600000|100%| O|  |TAMS 0x000000070c400000, 0x000000070c600000| Untracked 
|  99|0x000000070c600000, 0x000000070c800000, 0x000000070c800000|100%| O|  |TAMS 0x000000070c600000, 0x000000070c800000| Untracked 
| 100|0x000000070c800000, 0x000000070ca00000, 0x000000070ca00000|100%|HS|  |TAMS 0x000000070c800000, 0x000000070ca00000| Complete 
| 101|0x000000070ca00000, 0x000000070cc00000, 0x000000070cc00000|100%|HC|  |TAMS 0x000000070ca00000, 0x000000070cc00000| Complete 
| 102|0x000000070cc00000, 0x000000070ce00000, 0x000000070ce00000|100%| O|  |TAMS 0x000000070cc00000, 0x000000070ce00000| Untracked 
| 103|0x000000070ce00000, 0x000000070d000000, 0x000000070d000000|100%| O|  |TAMS 0x000000070ce00000, 0x000000070d000000| Untracked 
| 104|0x000000070d000000, 0x000000070d200000, 0x000000070d200000|100%| O|  |TAMS 0x000000070d000000, 0x000000070d200000| Untracked 
| 105|0x000000070d200000, 0x000000070d400000, 0x000000070d400000|100%|HS|  |TAMS 0x000000070d200000, 0x000000070d400000| Complete 
| 106|0x000000070d400000, 0x000000070d600000, 0x000000070d600000|100%| O|  |TAMS 0x000000070d400000, 0x000000070d600000| Untracked 
| 107|0x000000070d600000, 0x000000070d800000, 0x000000070d800000|100%| O|  |TAMS 0x000000070d600000, 0x000000070d67a400| Untracked 
| 108|0x000000070d800000, 0x000000070d800000, 0x000000070da00000|  0%| F|  |TAMS 0x000000070d800000, 0x000000070d800000| Untracked 
| 109|0x000000070da00000, 0x000000070da00000, 0x000000070dc00000|  0%| F|  |TAMS 0x000000070da00000, 0x000000070da00000| Untracked 
| 110|0x000000070dc00000, 0x000000070dc00000, 0x000000070de00000|  0%| F|  |TAMS 0x000000070dc00000, 0x000000070dc00000| Untracked 
| 111|0x000000070de00000, 0x000000070de00000, 0x000000070e000000|  0%| F|  |TAMS 0x000000070de00000, 0x000000070de00000| Untracked 
| 112|0x000000070e000000, 0x000000070e000000, 0x000000070e200000|  0%| F|  |TAMS 0x000000070e000000, 0x000000070e000000| Untracked 
| 113|0x000000070e200000, 0x000000070e400000, 0x000000070e400000|100%|HS|  |TAMS 0x000000070e200000, 0x000000070e400000| Complete 
| 114|0x000000070e400000, 0x000000070e400000, 0x000000070e600000|  0%| F|  |TAMS 0x000000070e400000, 0x000000070e400000| Untracked 
| 115|0x000000070e600000, 0x000000070e600000, 0x000000070e800000|  0%| F|  |TAMS 0x000000070e600000, 0x000000070e600000| Untracked 
| 116|0x000000070e800000, 0x000000070e800000, 0x000000070ea00000|  0%| F|  |TAMS 0x000000070e800000, 0x000000070e800000| Untracked 
| 117|0x000000070ea00000, 0x000000070ea00000, 0x000000070ec00000|  0%| F|  |TAMS 0x000000070ea00000, 0x000000070ea00000| Untracked 
| 118|0x000000070ec00000, 0x000000070ec00000, 0x000000070ee00000|  0%| F|  |TAMS 0x000000070ec00000, 0x000000070ec00000| Untracked 
| 119|0x000000070ee00000, 0x000000070ee00000, 0x000000070f000000|  0%| F|  |TAMS 0x000000070ee00000, 0x000000070ee00000| Untracked 
| 120|0x000000070f000000, 0x000000070f000000, 0x000000070f200000|  0%| F|  |TAMS 0x000000070f000000, 0x000000070f000000| Untracked 
| 121|0x000000070f200000, 0x000000070f200000, 0x000000070f400000|  0%| F|  |TAMS 0x000000070f200000, 0x000000070f200000| Untracked 
| 122|0x000000070f400000, 0x000000070f600000, 0x000000070f600000|100%|HS|  |TAMS 0x000000070f400000, 0x000000070f600000| Complete 
| 123|0x000000070f600000, 0x000000070f800000, 0x000000070f800000|100%|HC|  |TAMS 0x000000070f600000, 0x000000070f800000| Complete 
| 124|0x000000070f800000, 0x000000070f800000, 0x000000070fa00000|  0%| F|  |TAMS 0x000000070f800000, 0x000000070f800000| Untracked 
| 125|0x000000070fa00000, 0x000000070fa00000, 0x000000070fc00000|  0%| F|  |TAMS 0x000000070fa00000, 0x000000070fa00000| Untracked 
| 126|0x000000070fc00000, 0x000000070fc00000, 0x000000070fe00000|  0%| F|  |TAMS 0x000000070fc00000, 0x000000070fc00000| Untracked 
| 127|0x000000070fe00000, 0x0000000710000000, 0x0000000710000000|100%|HS|  |TAMS 0x000000070fe00000, 0x0000000710000000| Complete 
| 128|0x0000000710000000, 0x0000000710000000, 0x0000000710200000|  0%| F|  |TAMS 0x0000000710000000, 0x0000000710000000| Untracked 
| 129|0x0000000710200000, 0x0000000710200000, 0x0000000710400000|  0%| F|  |TAMS 0x0000000710200000, 0x0000000710200000| Untracked 
| 130|0x0000000710400000, 0x0000000710400000, 0x0000000710600000|  0%| F|  |TAMS 0x0000000710400000, 0x0000000710400000| Untracked 
| 131|0x0000000710600000, 0x0000000710600000, 0x0000000710800000|  0%| F|  |TAMS 0x0000000710600000, 0x0000000710600000| Untracked 
| 132|0x0000000710800000, 0x0000000710800000, 0x0000000710a00000|  0%| F|  |TAMS 0x0000000710800000, 0x0000000710800000| Untracked 
| 133|0x0000000710a00000, 0x0000000710a00000, 0x0000000710c00000|  0%| F|  |TAMS 0x0000000710a00000, 0x0000000710a00000| Untracked 
| 134|0x0000000710c00000, 0x0000000710c00000, 0x0000000710e00000|  0%| F|  |TAMS 0x0000000710c00000, 0x0000000710c00000| Untracked 
| 135|0x0000000710e00000, 0x0000000710e00000, 0x0000000711000000|  0%| F|  |TAMS 0x0000000710e00000, 0x0000000710e00000| Untracked 
| 136|0x0000000711000000, 0x0000000711000000, 0x0000000711200000|  0%| F|  |TAMS 0x0000000711000000, 0x0000000711000000| Untracked 
| 137|0x0000000711200000, 0x0000000711200000, 0x0000000711400000|  0%| F|  |TAMS 0x0000000711200000, 0x0000000711200000| Untracked 
| 138|0x0000000711400000, 0x0000000711400000, 0x0000000711600000|  0%| F|  |TAMS 0x0000000711400000, 0x0000000711400000| Untracked 
| 139|0x0000000711600000, 0x0000000711600000, 0x0000000711800000|  0%| F|  |TAMS 0x0000000711600000, 0x0000000711600000| Untracked 
| 140|0x0000000711800000, 0x0000000711800000, 0x0000000711a00000|  0%| F|  |TAMS 0x0000000711800000, 0x0000000711800000| Untracked 
| 141|0x0000000711a00000, 0x0000000711a00000, 0x0000000711c00000|  0%| F|  |TAMS 0x0000000711a00000, 0x0000000711a00000| Untracked 
| 142|0x0000000711c00000, 0x0000000711c00000, 0x0000000711e00000|  0%| F|  |TAMS 0x0000000711c00000, 0x0000000711c00000| Untracked 
| 143|0x0000000711e00000, 0x0000000711e00000, 0x0000000712000000|  0%| F|  |TAMS 0x0000000711e00000, 0x0000000711e00000| Untracked 
| 144|0x0000000712000000, 0x0000000712000000, 0x0000000712200000|  0%| F|  |TAMS 0x0000000712000000, 0x0000000712000000| Untracked 
| 145|0x0000000712200000, 0x0000000712200000, 0x0000000712400000|  0%| F|  |TAMS 0x0000000712200000, 0x0000000712200000| Untracked 
| 146|0x0000000712400000, 0x0000000712400000, 0x0000000712600000|  0%| F|  |TAMS 0x0000000712400000, 0x0000000712400000| Untracked 
| 147|0x0000000712600000, 0x0000000712600000, 0x0000000712800000|  0%| F|  |TAMS 0x0000000712600000, 0x0000000712600000| Untracked 
| 148|0x0000000712800000, 0x0000000712800000, 0x0000000712a00000|  0%| F|  |TAMS 0x0000000712800000, 0x0000000712800000| Untracked 
| 149|0x0000000712a00000, 0x0000000712a00000, 0x0000000712c00000|  0%| F|  |TAMS 0x0000000712a00000, 0x0000000712a00000| Untracked 
| 150|0x0000000712c00000, 0x0000000712c00000, 0x0000000712e00000|  0%| F|  |TAMS 0x0000000712c00000, 0x0000000712c00000| Untracked 
| 151|0x0000000712e00000, 0x0000000712e00000, 0x0000000713000000|  0%| F|  |TAMS 0x0000000712e00000, 0x0000000712e00000| Untracked 
| 152|0x0000000713000000, 0x0000000713000000, 0x0000000713200000|  0%| F|  |TAMS 0x0000000713000000, 0x0000000713000000| Untracked 
| 153|0x0000000713200000, 0x0000000713200000, 0x0000000713400000|  0%| F|  |TAMS 0x0000000713200000, 0x0000000713200000| Untracked 
| 154|0x0000000713400000, 0x0000000713400000, 0x0000000713600000|  0%| F|  |TAMS 0x0000000713400000, 0x0000000713400000| Untracked 
| 155|0x0000000713600000, 0x0000000713600000, 0x0000000713800000|  0%| F|  |TAMS 0x0000000713600000, 0x0000000713600000| Untracked 
| 156|0x0000000713800000, 0x0000000713800000, 0x0000000713a00000|  0%| F|  |TAMS 0x0000000713800000, 0x0000000713800000| Untracked 
| 157|0x0000000713a00000, 0x0000000713a00000, 0x0000000713c00000|  0%| F|  |TAMS 0x0000000713a00000, 0x0000000713a00000| Untracked 
| 158|0x0000000713c00000, 0x0000000713c00000, 0x0000000713e00000|  0%| F|  |TAMS 0x0000000713c00000, 0x0000000713c00000| Untracked 
| 159|0x0000000713e00000, 0x0000000713e00000, 0x0000000714000000|  0%| F|  |TAMS 0x0000000713e00000, 0x0000000713e00000| Untracked 
| 160|0x0000000714000000, 0x0000000714000000, 0x0000000714200000|  0%| F|  |TAMS 0x0000000714000000, 0x0000000714000000| Untracked 
| 161|0x0000000714200000, 0x0000000714200000, 0x0000000714400000|  0%| F|  |TAMS 0x0000000714200000, 0x0000000714200000| Untracked 
| 162|0x0000000714400000, 0x0000000714400000, 0x0000000714600000|  0%| F|  |TAMS 0x0000000714400000, 0x0000000714400000| Untracked 
| 163|0x0000000714600000, 0x0000000714600000, 0x0000000714800000|  0%| F|  |TAMS 0x0000000714600000, 0x0000000714600000| Untracked 
| 164|0x0000000714800000, 0x0000000714800000, 0x0000000714a00000|  0%| F|  |TAMS 0x0000000714800000, 0x0000000714800000| Untracked 
| 165|0x0000000714a00000, 0x0000000714a00000, 0x0000000714c00000|  0%| F|  |TAMS 0x0000000714a00000, 0x0000000714a00000| Untracked 
| 166|0x0000000714c00000, 0x0000000714c00000, 0x0000000714e00000|  0%| F|  |TAMS 0x0000000714c00000, 0x0000000714c00000| Untracked 
| 167|0x0000000714e00000, 0x0000000714e00000, 0x0000000715000000|  0%| F|  |TAMS 0x0000000714e00000, 0x0000000714e00000| Untracked 
| 168|0x0000000715000000, 0x0000000715000000, 0x0000000715200000|  0%| F|  |TAMS 0x0000000715000000, 0x0000000715000000| Untracked 
| 169|0x0000000715200000, 0x0000000715200000, 0x0000000715400000|  0%| F|  |TAMS 0x0000000715200000, 0x0000000715200000| Untracked 
| 170|0x0000000715400000, 0x0000000715400000, 0x0000000715600000|  0%| F|  |TAMS 0x0000000715400000, 0x0000000715400000| Untracked 
| 171|0x0000000715600000, 0x0000000715600000, 0x0000000715800000|  0%| F|  |TAMS 0x0000000715600000, 0x0000000715600000| Untracked 
| 172|0x0000000715800000, 0x000000071584a3a8, 0x0000000715a00000| 14%| S|CS|TAMS 0x0000000715800000, 0x0000000715800000| Complete 
| 173|0x0000000715a00000, 0x0000000715a00000, 0x0000000715c00000|  0%| F|  |TAMS 0x0000000715a00000, 0x0000000715a00000| Untracked 
| 174|0x0000000715c00000, 0x0000000715c00000, 0x0000000715e00000|  0%| F|  |TAMS 0x0000000715c00000, 0x0000000715c00000| Untracked 
| 175|0x0000000715e00000, 0x0000000715e00000, 0x0000000716000000|  0%| F|  |TAMS 0x0000000715e00000, 0x0000000715e00000| Untracked 
| 176|0x0000000716000000, 0x0000000716000000, 0x0000000716200000|  0%| F|  |TAMS 0x0000000716000000, 0x0000000716000000| Untracked 
| 177|0x0000000716200000, 0x0000000716400000, 0x0000000716400000|100%| S|CS|TAMS 0x0000000716200000, 0x0000000716200000| Complete 
| 178|0x0000000716400000, 0x0000000716600000, 0x0000000716600000|100%| S|CS|TAMS 0x0000000716400000, 0x0000000716400000| Complete 
| 179|0x0000000716600000, 0x0000000716800000, 0x0000000716800000|100%| S|CS|TAMS 0x0000000716600000, 0x0000000716600000| Complete 
| 180|0x0000000716800000, 0x0000000716a00000, 0x0000000716a00000|100%| S|CS|TAMS 0x0000000716800000, 0x0000000716800000| Complete 
| 181|0x0000000716a00000, 0x0000000716c00000, 0x0000000716c00000|100%| S|CS|TAMS 0x0000000716a00000, 0x0000000716a00000| Complete 
| 182|0x0000000716c00000, 0x0000000716c00000, 0x0000000716e00000|  0%| F|  |TAMS 0x0000000716c00000, 0x0000000716c00000| Untracked 
| 183|0x0000000716e00000, 0x0000000716e00000, 0x0000000717000000|  0%| F|  |TAMS 0x0000000716e00000, 0x0000000716e00000| Untracked 
| 184|0x0000000717000000, 0x0000000717000000, 0x0000000717200000|  0%| F|  |TAMS 0x0000000717000000, 0x0000000717000000| Untracked 
| 185|0x0000000717200000, 0x0000000717200000, 0x0000000717400000|  0%| F|  |TAMS 0x0000000717200000, 0x0000000717200000| Untracked 
| 186|0x0000000717400000, 0x0000000717600000, 0x0000000717600000|100%| S|CS|TAMS 0x0000000717400000, 0x0000000717400000| Complete 
| 187|0x0000000717600000, 0x0000000717800000, 0x0000000717800000|100%| S|CS|TAMS 0x0000000717600000, 0x0000000717600000| Complete 
| 188|0x0000000717800000, 0x0000000717800000, 0x0000000717a00000|  0%| F|  |TAMS 0x0000000717800000, 0x0000000717800000| Untracked 
| 189|0x0000000717a00000, 0x0000000717a00000, 0x0000000717c00000|  0%| F|  |TAMS 0x0000000717a00000, 0x0000000717a00000| Untracked 
| 190|0x0000000717c00000, 0x0000000717c00000, 0x0000000717e00000|  0%| F|  |TAMS 0x0000000717c00000, 0x0000000717c00000| Untracked 
| 191|0x0000000717e00000, 0x0000000717e00000, 0x0000000718000000|  0%| F|  |TAMS 0x0000000717e00000, 0x0000000717e00000| Untracked 
| 192|0x0000000718000000, 0x0000000718000000, 0x0000000718200000|  0%| F|  |TAMS 0x0000000718000000, 0x0000000718000000| Untracked 
| 193|0x0000000718200000, 0x0000000718200000, 0x0000000718400000|  0%| F|  |TAMS 0x0000000718200000, 0x0000000718200000| Untracked 
| 194|0x0000000718400000, 0x0000000718400000, 0x0000000718600000|  0%| F|  |TAMS 0x0000000718400000, 0x0000000718400000| Untracked 
| 195|0x0000000718600000, 0x0000000718600000, 0x0000000718800000|  0%| F|  |TAMS 0x0000000718600000, 0x0000000718600000| Untracked 
| 196|0x0000000718800000, 0x0000000718800000, 0x0000000718a00000|  0%| F|  |TAMS 0x0000000718800000, 0x0000000718800000| Untracked 
|2044|0x00000007ff800000, 0x00000007ffa00000, 0x00000007ffa00000|100%| O|  |TAMS 0x00000007ff800000, 0x00000007ffa00000| Untracked 
|2045|0x00000007ffa00000, 0x00000007ffc00000, 0x00000007ffc00000|100%| O|  |TAMS 0x00000007ffa00000, 0x00000007ffc00000| Untracked 
|2046|0x00000007ffc00000, 0x00000007ffe00000, 0x00000007ffe00000|100%| O|  |TAMS 0x00000007ffc00000, 0x00000007ffe00000| Untracked 
|2047|0x00000007ffe00000, 0x0000000800000000, 0x0000000800000000|100%| O|  |TAMS 0x00000007ffe00000, 0x0000000800000000| Untracked 

Card table byte_map: [0x00000298caa90000,0x00000298cb290000] _byte_map_base: 0x00000298c7290000

Marking Bits (Prev, Next): (CMBitMap*) 0x00000298b34c0920, (CMBitMap*) 0x00000298b34c0960
 Prev Bits: [0x00000298cba90000, 0x00000298cfa90000)
 Next Bits: [0x00000298cfa90000, 0x00000298d3a90000)

Polling page: 0x00000298b2c00000

Metaspace:

Usage:
  Non-class:     80.80 MB used.
      Class:     13.24 MB used.
       Both:     94.04 MB used.

Virtual space:
  Non-class space:      128.00 MB reserved,      81.25 MB ( 63%) committed,  2 nodes.
      Class space:        1.00 GB reserved,      13.62 MB (  1%) committed,  1 nodes.
             Both:        1.12 GB reserved,      94.88 MB (  8%) committed. 

Chunk freelists:
   Non-Class:  14.56 MB
       Class:  2.42 MB
        Both:  16.98 MB

MaxMetaspaceSize: unlimited
CompressedClassSpaceSize: 1.00 GB
Initial GC threshold: 21.00 MB
Current GC threshold: 155.00 MB
CDS: on
MetaspaceReclaimPolicy: balanced
 - commit_granule_bytes: 65536.
 - commit_granule_words: 8192.
 - virtual_space_node_default_size: 8388608.
 - enlarge_chunks_in_place: 1.
 - new_chunks_are_fully_committed: 0.
 - uncommit_free_chunks: 1.
 - use_allocation_guard: 0.
 - handle_deallocations: 1.


Internal statistics:

num_allocs_failed_limit: 9.
num_arena_births: 1078.
num_arena_deaths: 0.
num_vsnodes_births: 3.
num_vsnodes_deaths: 0.
num_space_committed: 1518.
num_space_uncommitted: 0.
num_chunks_returned_to_freelist: 9.
num_chunks_taken_from_freelist: 5175.
num_chunk_merges: 9.
num_chunk_splits: 3387.
num_chunks_enlarged: 2251.
num_inconsistent_stats: 0.

CodeHeap 'non-profiled nmethods': size=120000Kb used=7248Kb max_used=7248Kb free=112751Kb
 bounds [0x00000298c2a30000, 0x00000298c3150000, 0x00000298c9f60000]
CodeHeap 'profiled nmethods': size=120000Kb used=22632Kb max_used=22632Kb free=97367Kb
 bounds [0x00000298baf60000, 0x00000298bc580000, 0x00000298c2490000]
CodeHeap 'non-nmethods': size=5760Kb used=2395Kb max_used=2521Kb free=3364Kb
 bounds [0x00000298c2490000, 0x00000298c2720000, 0x00000298c2a30000]
 total_blobs=12261 nmethods=11333 adapters=840
 compilation: enabled
              stopped_count=0, restarted_count=0
 full_count=0

Compilation events (20 events):
Event: 34.103 Thread 0x000002991e270b40 nmethod 12745 0x00000298c313ee10 code [0x00000298c313ef80, 0x00000298c313eff8]
Event: 34.103 Thread 0x000002991e270b40 12645       4       java.io.FileDescriptor$1::getAppend (5 bytes)
Event: 34.103 Thread 0x000002991e270b40 nmethod 12645 0x00000298c313f110 code [0x00000298c313f280, 0x00000298c313f318]
Event: 34.104 Thread 0x00000298d64ff6d0 nmethod 12584 0x00000298c313f410 code [0x00000298c313f5a0, 0x00000298c313f6b8]
Event: 34.111 Thread 0x000002991e270b40 12764       4       java.io.FilterInputStream::read (9 bytes)
Event: 34.111 Thread 0x000002991e270b40 nmethod 12764 0x00000298c313f790 code [0x00000298c313f900, 0x00000298c313f9b8]
Event: 34.120 Thread 0x00000298d64ff6d0 12765       4       java.io.FileInputStream::read (8 bytes)
Event: 34.120 Thread 0x00000298d64ff6d0 nmethod 12765 0x00000298c313fa90 code [0x00000298c313fc20, 0x00000298c313fcc8]
Event: 34.285 Thread 0x00000298d64ff6d0 12766       4       java.nio.file.attribute.FileTime::from (18 bytes)
Event: 34.286 Thread 0x00000298d64ff6d0 nmethod 12766 0x00000298c313fd90 code [0x00000298c313ff20, 0x00000298c313fff8]
Event: 34.301 Thread 0x00000298d64ff6d0 12767       4       kotlin.io.ByteStreamsKt::copyTo (60 bytes)
Event: 34.323 Thread 0x00000298d64ff6d0 nmethod 12767 0x00000298c3140110 code [0x00000298c3140300, 0x00000298c3141570]
Event: 34.375 Thread 0x00000298d64ff6d0 12768       4       java.time.LocalDateTime::compareTo (9 bytes)
Event: 34.377 Thread 0x00000298d64ff6d0 nmethod 12768 0x00000298c3142090 code [0x00000298c3142220, 0x00000298c3142378]
Event: 34.377 Thread 0x00000298d64ff6d0 12769       4       java.time.LocalDate::compareTo0 (40 bytes)
Event: 34.377 Thread 0x00000298d64ff6d0 nmethod 12769 0x00000298c3142510 code [0x00000298c3142680, 0x00000298c3142738]
Event: 34.380 Thread 0x00000298d64ff6d0 12770       4       java.lang.String::regionMatches (150 bytes)
Event: 34.396 Thread 0x00000298d64ff6d0 nmethod 12770 0x00000298c3142810 code [0x00000298c31429e0, 0x00000298c3143418]
Event: 34.508 Thread 0x00000298d64ff6d0 12772       4       java.util.zip.ZipUtils::get32 (23 bytes)
Event: 34.510 Thread 0x00000298d64ff6d0 nmethod 12772 0x00000298c3143f10 code [0x00000298c3144080, 0x00000298c3144178]

GC Heap History (20 events):
Event: 27.427 GC heap after
{Heap after GC invocations=35 (full 0):
 garbage-first heap   total 182272K, used 94748K [0x0000000700000000, 0x0000000800000000)
  region size 2048K, 1 young (2048K), 1 survivors (2048K)
 Metaspace       used 83677K, committed 84480K, reserved 1179648K
  class space    used 11821K, committed 12224K, reserved 1048576K
}
Event: 28.525 GC heap before
{Heap before GC invocations=35 (full 0):
 garbage-first heap   total 182272K, used 147996K [0x0000000700000000, 0x0000000800000000)
  region size 2048K, 28 young (57344K), 1 survivors (2048K)
 Metaspace       used 86845K, committed 87680K, reserved 1179648K
  class space    used 12292K, committed 12672K, reserved 1048576K
}
Event: 28.533 GC heap after
{Heap after GC invocations=36 (full 0):
 garbage-first heap   total 182272K, used 99429K [0x0000000700000000, 0x0000000800000000)
  region size 2048K, 3 young (6144K), 3 survivors (6144K)
 Metaspace       used 86845K, committed 87680K, reserved 1179648K
  class space    used 12292K, committed 12672K, reserved 1048576K
}
Event: 29.423 GC heap before
{Heap before GC invocations=37 (full 0):
 garbage-first heap   total 184320K, used 148581K [0x0000000700000000, 0x0000000800000000)
  region size 2048K, 27 young (55296K), 3 survivors (6144K)
 Metaspace       used 90414K, committed 91264K, reserved 1179648K
  class space    used 12839K, committed 13248K, reserved 1048576K
}
Event: 29.432 GC heap after
{Heap after GC invocations=38 (full 0):
 garbage-first heap   total 184320K, used 102278K [0x0000000700000000, 0x0000000800000000)
  region size 2048K, 2 young (4096K), 2 survivors (4096K)
 Metaspace       used 90414K, committed 91264K, reserved 1179648K
  class space    used 12839K, committed 13248K, reserved 1048576K
}
Event: 29.540 GC heap before
{Heap before GC invocations=38 (full 0):
 garbage-first heap   total 184320K, used 104326K [0x0000000700000000, 0x0000000800000000)
  region size 2048K, 4 young (8192K), 2 survivors (4096K)
 Metaspace       used 91638K, committed 92416K, reserved 1179648K
  class space    used 12969K, committed 13312K, reserved 1048576K
}
Event: 29.543 GC heap after
{Heap after GC invocations=39 (full 0):
 garbage-first heap   total 184320K, used 102129K [0x0000000700000000, 0x0000000800000000)
  region size 2048K, 1 young (2048K), 1 survivors (2048K)
 Metaspace       used 91638K, committed 92416K, reserved 1179648K
  class space    used 12969K, committed 13312K, reserved 1048576K
}
Event: 31.041 GC heap before
{Heap before GC invocations=39 (full 0):
 garbage-first heap   total 184320K, used 151281K [0x0000000700000000, 0x0000000800000000)
  region size 2048K, 25 young (51200K), 1 survivors (2048K)
 Metaspace       used 94228K, committed 95040K, reserved 1179648K
  class space    used 13289K, committed 13632K, reserved 1048576K
}
Event: 31.050 GC heap after
{Heap after GC invocations=40 (full 0):
 garbage-first heap   total 239616K, used 105248K [0x0000000700000000, 0x0000000800000000)
  region size 2048K, 2 young (4096K), 2 survivors (4096K)
 Metaspace       used 94228K, committed 95040K, reserved 1179648K
  class space    used 13289K, committed 13632K, reserved 1048576K
}
Event: 33.843 GC heap before
{Heap before GC invocations=41 (full 0):
 garbage-first heap   total 403456K, used 359200K [0x0000000700000000, 0x0000000800000000)
  region size 2048K, 47 young (96256K), 2 survivors (4096K)
 Metaspace       used 96262K, committed 97088K, reserved 1179648K
  class space    used 13557K, committed 13952K, reserved 1048576K
}
Event: 33.867 GC heap after
{Heap after GC invocations=42 (full 0):
 garbage-first heap   total 403456K, used 115033K [0x0000000700000000, 0x0000000800000000)
  region size 2048K, 6 young (12288K), 6 survivors (12288K)
 Metaspace       used 96262K, committed 97088K, reserved 1179648K
  class space    used 13557K, committed 13952K, reserved 1048576K
}
Event: 33.971 GC heap before
{Heap before GC invocations=42 (full 0):
 garbage-first heap   total 403456K, used 119129K [0x0000000700000000, 0x0000000800000000)
  region size 2048K, 9 young (18432K), 6 survivors (12288K)
 Metaspace       used 96274K, committed 97152K, reserved 1179648K
  class space    used 13557K, committed 13952K, reserved 1048576K
}
Event: 33.986 GC heap after
{Heap after GC invocations=43 (full 0):
 garbage-first heap   total 403456K, used 116716K [0x0000000700000000, 0x0000000800000000)
  region size 2048K, 2 young (4096K), 2 survivors (4096K)
 Metaspace       used 96274K, committed 97152K, reserved 1179648K
  class space    used 13557K, committed 13952K, reserved 1048576K
}
Event: 34.468 GC heap before
{Heap before GC invocations=43 (full 0):
 garbage-first heap   total 403456K, used 374764K [0x0000000700000000, 0x0000000800000000)
  region size 2048K, 54 young (110592K), 2 survivors (4096K)
 Metaspace       used 96294K, committed 97152K, reserved 1179648K
  class space    used 13557K, committed 13952K, reserved 1048576K
}
Event: 34.480 GC heap after
{Heap after GC invocations=44 (full 0):
 garbage-first heap   total 411648K, used 175820K [0x0000000700000000, 0x0000000800000000)
  region size 2048K, 11 young (22528K), 11 survivors (22528K)
 Metaspace       used 96294K, committed 97152K, reserved 1179648K
  class space    used 13557K, committed 13952K, reserved 1048576K
}
Event: 34.707 GC heap before
{Heap before GC invocations=44 (full 0):
 garbage-first heap   total 411648K, used 265932K [0x0000000700000000, 0x0000000800000000)
  region size 2048K, 26 young (53248K), 11 survivors (22528K)
 Metaspace       used 96294K, committed 97152K, reserved 1179648K
  class space    used 13557K, committed 13952K, reserved 1048576K
}
Event: 34.723 GC heap after
{Heap after GC invocations=45 (full 0):
 garbage-first heap   total 411648K, used 196555K [0x0000000700000000, 0x0000000800000000)
  region size 2048K, 5 young (10240K), 5 survivors (10240K)
 Metaspace       used 96294K, committed 97152K, reserved 1179648K
  class space    used 13557K, committed 13952K, reserved 1048576K
}
Event: 34.863 GC heap before
{Heap before GC invocations=45 (full 0):
 garbage-first heap   total 411648K, used 262091K [0x0000000700000000, 0x0000000800000000)
  region size 2048K, 16 young (32768K), 5 survivors (10240K)
 Metaspace       used 96294K, committed 97152K, reserved 1179648K
  class space    used 13557K, committed 13952K, reserved 1048576K
}
Event: 34.870 GC heap after
{Heap after GC invocations=46 (full 0):
 garbage-first heap   total 411648K, used 211275K [0x0000000700000000, 0x0000000800000000)
  region size 2048K, 8 young (16384K), 8 survivors (16384K)
 Metaspace       used 96294K, committed 97152K, reserved 1179648K
  class space    used 13557K, committed 13952K, reserved 1048576K
}
Event: 34.967 GC heap before
{Heap before GC invocations=46 (full 0):
 garbage-first heap   total 411648K, used 258379K [0x0000000700000000, 0x0000000800000000)
  region size 2048K, 17 young (34816K), 8 survivors (16384K)
 Metaspace       used 96294K, committed 97152K, reserved 1179648K
  class space    used 13557K, committed 13952K, reserved 1048576K
}

Dll operation events (15 events):
Event: 0.014 Loaded shared library C:\Program Files\Microsoft\jdk-17.0.10.7-hotspot\bin\java.dll
Event: 0.038 Loaded shared library C:\Program Files\Microsoft\jdk-17.0.10.7-hotspot\bin\jsvml.dll
Event: 0.109 Loaded shared library C:\Program Files\Microsoft\jdk-17.0.10.7-hotspot\bin\zip.dll
Event: 0.113 Loaded shared library C:\Program Files\Microsoft\jdk-17.0.10.7-hotspot\bin\instrument.dll
Event: 0.119 Loaded shared library C:\Program Files\Microsoft\jdk-17.0.10.7-hotspot\bin\net.dll
Event: 0.120 Loaded shared library C:\Program Files\Microsoft\jdk-17.0.10.7-hotspot\bin\nio.dll
Event: 0.124 Loaded shared library C:\Program Files\Microsoft\jdk-17.0.10.7-hotspot\bin\zip.dll
Event: 0.383 Loaded shared library C:\Program Files\Microsoft\jdk-17.0.10.7-hotspot\bin\jimage.dll
Event: 0.502 Loaded shared library C:\Program Files\Microsoft\jdk-17.0.10.7-hotspot\bin\verify.dll
Event: 0.689 Loaded shared library C:\Users\Gericho Miles\.gradle\native\68d5fa5c4cc2d200863cafc0d521ce42e7d3e7ee720ec0a83991735586a16f82\windows-amd64\native-platform.dll
Event: 0.706 Loaded shared library C:\Users\Gericho Miles\.gradle\native\e376f236ea51e6404a007f0833ffe2c6e607c4080706a723a18a27aeea778392\windows-amd64\native-platform-file-events.dll
Event: 1.881 Loaded shared library C:\Program Files\Microsoft\jdk-17.0.10.7-hotspot\bin\management.dll
Event: 1.886 Loaded shared library C:\Program Files\Microsoft\jdk-17.0.10.7-hotspot\bin\management_ext.dll
Event: 2.305 Loaded shared library C:\Program Files\Microsoft\jdk-17.0.10.7-hotspot\bin\extnet.dll
Event: 2.831 Loaded shared library C:\Program Files\Microsoft\jdk-17.0.10.7-hotspot\bin\sunmscapi.dll

Deoptimization events (20 events):
Event: 33.628 Thread 0x000002991da6c320 Uncommon trap: trap_request=0xffffffbe fr.pc=0x00000298c311afa0 relative=0x00000000000018e0
Event: 33.628 Thread 0x000002991da6c320 Uncommon trap: reason=profile_predicate action=maybe_recompile pc=0x00000298c311afa0 method=org.gradle.internal.file.FileHierarchySet$Node.contains(Ljava/lang/String;I)Z @ 69 c2
Event: 33.628 Thread 0x000002991da6c320 DEOPT PACKING pc=0x00000298c311afa0 sp=0x000000f5741fa7d0
Event: 33.628 Thread 0x000002991da6c320 DEOPT UNPACKING pc=0x00000298c24e69a3 sp=0x000000f5741fa7a0 mode 2
Event: 33.775 Thread 0x0000029921825620 Uncommon trap: trap_request=0xffffffde fr.pc=0x00000298c2ba31dc relative=0x000000000000165c
Event: 33.775 Thread 0x0000029921825620 Uncommon trap: reason=class_check action=maybe_recompile pc=0x00000298c2ba31dc method=java.util.zip.InflaterInputStream.read([BII)I @ 100 c2
Event: 33.775 Thread 0x0000029921825620 DEOPT PACKING pc=0x00000298c2ba31dc sp=0x000000f5757fa8f0
Event: 33.775 Thread 0x0000029921825620 DEOPT UNPACKING pc=0x00000298c24e69a3 sp=0x000000f5757fa940 mode 2
Event: 33.775 Thread 0x0000029921825620 Uncommon trap: trap_request=0xffffffde fr.pc=0x00000298c2ba31dc relative=0x000000000000165c
Event: 33.775 Thread 0x0000029921825620 Uncommon trap: reason=class_check action=maybe_recompile pc=0x00000298c2ba31dc method=java.util.zip.InflaterInputStream.read([BII)I @ 100 c2
Event: 33.775 Thread 0x0000029921825620 DEOPT PACKING pc=0x00000298c2ba31dc sp=0x000000f5757fa8f0
Event: 33.775 Thread 0x0000029921825620 DEOPT UNPACKING pc=0x00000298c24e69a3 sp=0x000000f5757fa940 mode 2
Event: 33.779 Thread 0x0000029921825620 Uncommon trap: trap_request=0xffffffde fr.pc=0x00000298c2ba31dc relative=0x000000000000165c
Event: 33.779 Thread 0x0000029921825620 Uncommon trap: reason=class_check action=maybe_recompile pc=0x00000298c2ba31dc method=java.util.zip.InflaterInputStream.read([BII)I @ 100 c2
Event: 33.779 Thread 0x0000029921825620 DEOPT PACKING pc=0x00000298c2ba31dc sp=0x000000f5757fa8f0
Event: 33.779 Thread 0x0000029921825620 DEOPT UNPACKING pc=0x00000298c24e69a3 sp=0x000000f5757fa940 mode 2
Event: 33.779 Thread 0x0000029921825620 Uncommon trap: trap_request=0xffffffde fr.pc=0x00000298c2ba31dc relative=0x000000000000165c
Event: 33.779 Thread 0x0000029921825620 Uncommon trap: reason=class_check action=maybe_recompile pc=0x00000298c2ba31dc method=java.util.zip.InflaterInputStream.read([BII)I @ 100 c2
Event: 33.779 Thread 0x0000029921825620 DEOPT PACKING pc=0x00000298c2ba31dc sp=0x000000f5757fa840
Event: 33.779 Thread 0x0000029921825620 DEOPT UNPACKING pc=0x00000298c24e69a3 sp=0x000000f5757fa890 mode 2

Classes unloaded (0 events):
No events

Classes redefined (0 events):
No events

Internal exceptions (20 events):
Event: 29.532 Thread 0x000002991d4c89c0 Exception <a 'sun/nio/fs/WindowsException'{0x000000070b1c35d0}> (0x000000070b1c35d0) 
thrown [s\src\hotspot\share\prims\jni.cpp, line 516]
Event: 29.532 Thread 0x000002991d4c89c0 Exception <a 'sun/nio/fs/WindowsException'{0x000000070b1c4c90}> (0x000000070b1c4c90) 
thrown [s\src\hotspot\share\prims\jni.cpp, line 516]
Event: 29.543 Thread 0x00000298d64de640 Implicit null exception at 0x00000298c2e66f80 to 0x00000298c2e67614
Event: 31.200 Thread 0x000002991d4c89c0 Implicit null exception at 0x00000298c3085a20 to 0x00000298c308626c
Event: 31.200 Thread 0x000002991d4c89c0 Implicit null exception at 0x00000298c30821ea to 0x00000298c3082c28
Event: 31.288 Thread 0x000002991d4c89c0 Exception <a 'java/lang/IncompatibleClassChangeError'{0x000000070de9a4a0}: Found class java.lang.Object, but interface was expected> (0x000000070de9a4a0) 
thrown [s\src\hotspot\share\interpreter\linkResolver.cpp, line 826]
Event: 31.475 Thread 0x000002991d4c89c0 Exception <a 'sun/nio/fs/WindowsException'{0x000000070d60df98}> (0x000000070d60df98) 
thrown [s\src\hotspot\share\prims\jni.cpp, line 516]
Event: 31.475 Thread 0x000002991d4c89c0 Exception <a 'sun/nio/fs/WindowsException'{0x000000070d60f608}> (0x000000070d60f608) 
thrown [s\src\hotspot\share\prims\jni.cpp, line 516]
Event: 31.476 Thread 0x000002991d4c89c0 Exception <a 'sun/nio/fs/WindowsException'{0x000000070d610cc8}> (0x000000070d610cc8) 
thrown [s\src\hotspot\share\prims\jni.cpp, line 516]
Event: 31.476 Thread 0x000002991d4c89c0 Exception <a 'sun/nio/fs/WindowsException'{0x000000070d612388}> (0x000000070d612388) 
thrown [s\src\hotspot\share\prims\jni.cpp, line 516]
Event: 31.760 Thread 0x000002991d4c89c0 Implicit null exception at 0x00000298c30bc5ca to 0x00000298c30bd554
Event: 32.088 Thread 0x000002991da69080 Exception <a 'java/lang/NoSuchMethodError'{0x000000070ba27f08}: 'void java.lang.invoke.DirectMethodHandle$Holder.invokeStatic(java.lang.Object, java.lang.Object, java.lang.Object, java.lang.Object, int, java.lang.Object, java.lang.Object)'> (0x000000070ba27f08) 
thrown [s\src\hotspot\share\interpreter\linkResolver.cpp, line 759]
Event: 32.142 Thread 0x000002991e877f50 Exception <a 'java/lang/NoSuchMethodError'{0x000000070bbf4928}: 'java.lang.Object java.lang.invoke.DirectMethodHandle$Holder.invokeSpecialIFC(java.lang.Object, java.lang.Object, java.lang.Object)'> (0x000000070bbf4928) 
thrown [s\src\hotspot\share\interpreter\linkResolver.cpp, line 759]
Event: 32.142 Thread 0x000002991da6c830 Exception <a 'java/lang/NoSuchMethodError'{0x000000070bb05d98}: 'java.lang.Object java.lang.invoke.DirectMethodHandle$Holder.invokeSpecialIFC(java.lang.Object, java.lang.Object, java.lang.Object)'> (0x000000070bb05d98) 
thrown [s\src\hotspot\share\interpreter\linkResolver.cpp, line 759]
Event: 32.142 Thread 0x000002991e87e490 Exception <a 'java/lang/NoSuchMethodError'{0x000000070b809338}: 'java.lang.Object java.lang.invoke.DirectMethodHandle$Holder.invokeSpecialIFC(java.lang.Object, java.lang.Object, java.lang.Object)'> (0x000000070b809338) 
thrown [s\src\hotspot\share\interpreter\linkResolver.cpp, line 759]
Event: 32.142 Thread 0x0000029921825620 Exception <a 'java/lang/NoSuchMethodError'{0x000000070bae3768}: 'java.lang.Object java.lang.invoke.DirectMethodHandle$Holder.invokeSpecialIFC(java.lang.Object, java.lang.Object, java.lang.Object)'> (0x000000070bae3768) 
thrown [s\src\hotspot\share\interpreter\linkResolver.cpp, line 759]
Event: 32.143 Thread 0x00000299201e6ce0 Exception <a 'java/lang/NoSuchMethodError'{0x000000070bb7a0c8}: 'java.lang.Object java.lang.invoke.DirectMethodHandle$Holder.invokeSpecialIFC(java.lang.Object, java.lang.Object, java.lang.Object)'> (0x000000070bb7a0c8) 
thrown [s\src\hotspot\share\interpreter\linkResolver.cpp, line 759]
Event: 32.143 Thread 0x000002992074d5e0 Exception <a 'java/lang/NoSuchMethodError'{0x000000070b84ff78}: 'java.lang.Object java.lang.invoke.DirectMethodHandle$Holder.invokeSpecialIFC(java.lang.Object, java.lang.Object, java.lang.Object)'> (0x000000070b84ff78) 
thrown [s\src\hotspot\share\interpreter\linkResolver.cpp, line 759]
Event: 32.143 Thread 0x000002991da69080 Exception <a 'java/lang/NoSuchMethodError'{0x000000070b984b50}: 'java.lang.Object java.lang.invoke.DirectMethodHandle$Holder.invokeSpecialIFC(java.lang.Object, java.lang.Object, java.lang.Object)'> (0x000000070b984b50) 
thrown [s\src\hotspot\share\interpreter\linkResolver.cpp, line 759]
Event: 32.274 Thread 0x0000029921825620 Exception <a 'java/lang/NoSuchMethodError'{0x000000070b23b8f0}: 'void java.lang.invoke.DirectMethodHandle$Holder.invokeVirtual(java.lang.Object, java.lang.Object)'> (0x000000070b23b8f0) 
thrown [s\src\hotspot\share\interpreter\linkResolver.cpp, line 759]

VM Operations (20 events):
Event: 32.176 Executing VM operation: HandshakeAllThreads done
Event: 32.213 Executing VM operation: HandshakeAllThreads
Event: 32.214 Executing VM operation: HandshakeAllThreads done
Event: 32.372 Executing VM operation: ICBufferFull
Event: 32.637 Executing VM operation: ICBufferFull done
Event: 33.731 Executing VM operation: ICBufferFull
Event: 33.731 Executing VM operation: ICBufferFull done
Event: 33.842 Executing VM operation: G1CollectForAllocation
Event: 33.842 Executing VM operation: G1CollectForAllocation done
Event: 33.843 Executing VM operation: G1CollectForAllocation
Event: 33.868 Executing VM operation: G1CollectForAllocation done
Event: 33.897 Executing VM operation: G1CollectForAllocation
Event: 33.987 Executing VM operation: G1CollectForAllocation done
Event: 34.468 Executing VM operation: G1CollectForAllocation
Event: 34.480 Executing VM operation: G1CollectForAllocation done
Event: 34.707 Executing VM operation: G1TryInitiateConcMark
Event: 34.723 Executing VM operation: G1TryInitiateConcMark done
Event: 34.863 Executing VM operation: G1TryInitiateConcMark
Event: 34.870 Executing VM operation: G1TryInitiateConcMark done
Event: 34.967 Executing VM operation: G1TryInitiateConcMark

Events (20 events):
Event: 33.709 Thread 0x000002991e87e9a0 Thread added: 0x000002991e87e9a0
Event: 33.730 Thread 0x000002991e270b40 Thread added: 0x000002991e270b40
Event: 33.744 Thread 0x000002991e87c630 Thread added: 0x000002991e87c630
Event: 33.750 loading class java/util/zip/ZipInputStream
Event: 33.751 loading class java/util/zip/ZipInputStream done
Event: 33.752 loading class java/io/PushbackInputStream
Event: 33.752 loading class java/io/PushbackInputStream done
Event: 33.766 Thread 0x000002991e879db0 Thread added: 0x000002991e879db0
Event: 33.766 Thread 0x000002991e878460 Thread added: 0x000002991e878460
Event: 33.766 Thread 0x000002991e87bc10 Thread added: 0x000002991e87bc10
Event: 33.767 Thread 0x000002991e87d050 Thread added: 0x000002991e87d050
Event: 33.816 Thread 0x000002991e87cb40 Thread added: 0x000002991e87cb40
Event: 33.818 Thread 0x000002991e879390 Thread added: 0x000002991e879390
Event: 33.819 Thread 0x000002991e878970 Thread added: 0x000002991e878970
Event: 34.010 Thread 0x000002991e87d560 Thread added: 0x000002991e87d560
Event: 34.010 Thread 0x000002991e87eeb0 Thread added: 0x000002991e87eeb0
Event: 34.036 Thread 0x000002991e87df80 Thread added: 0x000002991e87df80
Event: 34.036 Thread 0x000002991e87a2c0 Thread added: 0x000002991e87a2c0
Event: 34.037 Thread 0x000002991e87f3c0 Thread added: 0x000002991e87f3c0
Event: 34.285 Thread 0x000002991e270b40 Thread exited: 0x000002991e270b40


Dynamic libraries:
0x00007ff6ac490000 - 0x00007ff6ac49e000 	C:\Program Files\Microsoft\jdk-17.0.10.7-hotspot\bin\java.exe
0x00007fff32ff0000 - 0x00007fff33206000 	C:\WINDOWS\SYSTEM32\ntdll.dll
0x00007fff31670000 - 0x00007fff31734000 	C:\WINDOWS\System32\KERNEL32.DLL
0x00007fff30970000 - 0x00007fff30d17000 	C:\WINDOWS\System32\KERNELBASE.dll
0x00007fff304e0000 - 0x00007fff305f1000 	C:\WINDOWS\System32\ucrtbase.dll
0x00007fff2def0000 - 0x00007fff2df07000 	C:\Program Files\Microsoft\jdk-17.0.10.7-hotspot\bin\jli.dll
0x00007fff2a080000 - 0x00007fff2a09b000 	C:\Program Files\Microsoft\jdk-17.0.10.7-hotspot\bin\VCRUNTIME140.dll
0x00007fff310c0000 - 0x00007fff3126e000 	C:\WINDOWS\System32\USER32.dll
0x00007fff15d20000 - 0x00007fff15fb3000 	C:\WINDOWS\WinSxS\amd64_microsoft.windows.common-controls_6595b64144ccf1df_6.0.22621.3235_none_270f74e173860f98\COMCTL32.dll
0x00007fff30600000 - 0x00007fff30626000 	C:\WINDOWS\System32\win32u.dll
0x00007fff31540000 - 0x00007fff315e7000 	C:\WINDOWS\System32\msvcrt.dll
0x00007fff32f00000 - 0x00007fff32f29000 	C:\WINDOWS\System32\GDI32.dll
0x00007fff30660000 - 0x00007fff30779000 	C:\WINDOWS\System32\gdi32full.dll
0x00007fff30310000 - 0x00007fff303aa000 	C:\WINDOWS\System32\msvcp_win.dll
0x00007fff31740000 - 0x00007fff31771000 	C:\WINDOWS\System32\IMM32.DLL
0x00007fff2dbb0000 - 0x00007fff2dbbc000 	C:\Program Files\Microsoft\jdk-17.0.10.7-hotspot\bin\vcruntime140_1.dll
0x00007fff08f90000 - 0x00007fff0901d000 	C:\Program Files\Microsoft\jdk-17.0.10.7-hotspot\bin\msvcp140.dll
0x00007ffea2800000 - 0x00007ffea3465000 	C:\Program Files\Microsoft\jdk-17.0.10.7-hotspot\bin\server\jvm.dll
0x00007fff32df0000 - 0x00007fff32ea2000 	C:\WINDOWS\System32\ADVAPI32.dll
0x00007fff323a0000 - 0x00007fff32448000 	C:\WINDOWS\System32\sechost.dll
0x00007fff30630000 - 0x00007fff30658000 	C:\WINDOWS\System32\bcrypt.dll
0x00007fff328d0000 - 0x00007fff329e5000 	C:\WINDOWS\System32\RPCRT4.dll
0x00007fff2f170000 - 0x00007fff2f1bd000 	C:\WINDOWS\SYSTEM32\POWRPROF.dll
0x00007fff0c7b0000 - 0x00007fff0c7b9000 	C:\WINDOWS\SYSTEM32\WSOCK32.dll
0x00007fff28b10000 - 0x00007fff28b44000 	C:\WINDOWS\SYSTEM32\WINMM.dll
0x00007fff329f0000 - 0x00007fff32a61000 	C:\WINDOWS\System32\WS2_32.dll
0x00007fff27120000 - 0x00007fff2712a000 	C:\WINDOWS\SYSTEM32\VERSION.dll
0x00007fff2f150000 - 0x00007fff2f163000 	C:\WINDOWS\SYSTEM32\UMPDC.dll
0x00007fff2f400000 - 0x00007fff2f418000 	C:\WINDOWS\SYSTEM32\kernel.appcore.dll
0x00007fff2db80000 - 0x00007fff2db8a000 	C:\Program Files\Microsoft\jdk-17.0.10.7-hotspot\bin\jimage.dll
0x00007fff2dc60000 - 0x00007fff2de93000 	C:\WINDOWS\SYSTEM32\DBGHELP.DLL
0x00007fff30d30000 - 0x00007fff310b8000 	C:\WINDOWS\System32\combase.dll
0x00007fff31290000 - 0x00007fff31367000 	C:\WINDOWS\System32\OLEAUT32.dll
0x00007fff243f0000 - 0x00007fff24422000 	C:\WINDOWS\SYSTEM32\dbgcore.DLL
0x00007fff308f0000 - 0x00007fff30969000 	C:\WINDOWS\System32\bcryptPrimitives.dll
0x00007fff02a50000 - 0x00007fff02a5e000 	C:\Program Files\Microsoft\jdk-17.0.10.7-hotspot\bin\instrument.dll
0x00007fff16050000 - 0x00007fff16075000 	C:\Program Files\Microsoft\jdk-17.0.10.7-hotspot\bin\java.dll
0x00007ffefa910000 - 0x00007ffefa9e7000 	C:\Program Files\Microsoft\jdk-17.0.10.7-hotspot\bin\jsvml.dll
0x00007fff31780000 - 0x00007fff31fdc000 	C:\WINDOWS\System32\SHELL32.dll
0x00007fff2e230000 - 0x00007fff2eb29000 	C:\WINDOWS\SYSTEM32\windows.storage.dll
0x00007fff2e0f0000 - 0x00007fff2e22e000 	C:\WINDOWS\SYSTEM32\wintypes.dll
0x00007fff32190000 - 0x00007fff32283000 	C:\WINDOWS\System32\SHCORE.dll
0x00007fff31610000 - 0x00007fff3166e000 	C:\WINDOWS\System32\shlwapi.dll
0x00007fff30240000 - 0x00007fff30261000 	C:\WINDOWS\SYSTEM32\profapi.dll
0x00007fff272f0000 - 0x00007fff27308000 	C:\Program Files\Microsoft\jdk-17.0.10.7-hotspot\bin\zip.dll
0x00007fff27370000 - 0x00007fff27389000 	C:\Program Files\Microsoft\jdk-17.0.10.7-hotspot\bin\net.dll
0x00007fff29d50000 - 0x00007fff29e86000 	C:\WINDOWS\SYSTEM32\WINHTTP.dll
0x00007fff2f870000 - 0x00007fff2f8d9000 	C:\WINDOWS\system32\mswsock.dll
0x00007fff27340000 - 0x00007fff27356000 	C:\Program Files\Microsoft\jdk-17.0.10.7-hotspot\bin\nio.dll
0x00007fff2dec0000 - 0x00007fff2ded0000 	C:\Program Files\Microsoft\jdk-17.0.10.7-hotspot\bin\verify.dll
0x00007ffed1bb0000 - 0x00007ffed1bd7000 	C:\Users\Gericho Miles\.gradle\native\68d5fa5c4cc2d200863cafc0d521ce42e7d3e7ee720ec0a83991735586a16f82\windows-amd64\native-platform.dll
0x00007ffeab620000 - 0x00007ffeab764000 	C:\Users\Gericho Miles\.gradle\native\e376f236ea51e6404a007f0833ffe2c6e607c4080706a723a18a27aeea778392\windows-amd64\native-platform-file-events.dll
0x00007fff29b70000 - 0x00007fff29b79000 	C:\Program Files\Microsoft\jdk-17.0.10.7-hotspot\bin\management.dll
0x00007fff1ff80000 - 0x00007fff1ff8b000 	C:\Program Files\Microsoft\jdk-17.0.10.7-hotspot\bin\management_ext.dll
0x00007fff30d20000 - 0x00007fff30d28000 	C:\WINDOWS\System32\PSAPI.DLL
0x00007fff2faa0000 - 0x00007fff2fabb000 	C:\WINDOWS\SYSTEM32\CRYPTSP.dll
0x00007fff2f360000 - 0x00007fff2f395000 	C:\WINDOWS\system32\rsaenh.dll
0x00007fff2f930000 - 0x00007fff2f958000 	C:\WINDOWS\SYSTEM32\USERENV.dll
0x00007fff2fac0000 - 0x00007fff2facc000 	C:\WINDOWS\SYSTEM32\CRYPTBASE.dll
0x00007fff2ee00000 - 0x00007fff2ee2d000 	C:\WINDOWS\SYSTEM32\IPHLPAPI.DLL
0x00007fff31530000 - 0x00007fff31539000 	C:\WINDOWS\System32\NSI.dll
0x00007fff2a300000 - 0x00007fff2a319000 	C:\WINDOWS\SYSTEM32\dhcpcsvc6.DLL
0x00007fff2a0f0000 - 0x00007fff2a10f000 	C:\WINDOWS\SYSTEM32\dhcpcsvc.DLL
0x00007fff2ee70000 - 0x00007fff2ef69000 	C:\WINDOWS\SYSTEM32\DNSAPI.dll
0x00007fff1bbd0000 - 0x00007fff1bbd9000 	C:\Program Files\Microsoft\jdk-17.0.10.7-hotspot\bin\extnet.dll
0x00007fff1e230000 - 0x00007fff1e23e000 	C:\Program Files\Microsoft\jdk-17.0.10.7-hotspot\bin\sunmscapi.dll
0x00007fff30780000 - 0x00007fff308e7000 	C:\WINDOWS\System32\CRYPT32.dll
0x00007fff2fcb0000 - 0x00007fff2fcde000 	C:\WINDOWS\SYSTEM32\ncrypt.dll
0x00007fff2fc70000 - 0x00007fff2fca7000 	C:\WINDOWS\SYSTEM32\NTASN1.dll
0x00007fff1e220000 - 0x00007fff1e228000 	C:\WINDOWS\system32\wshunix.dll
0x00007fff0c440000 - 0x00007fff0c457000 	C:\WINDOWS\system32\napinsp.dll
0x00007fff0c420000 - 0x00007fff0c43b000 	C:\WINDOWS\system32\pnrpnsp.dll
0x00007fff0c3d0000 - 0x00007fff0c3e1000 	C:\WINDOWS\System32\winrnr.dll
0x00007fff289e0000 - 0x00007fff289f5000 	C:\WINDOWS\system32\wshbth.dll
0x00007fff0c3a0000 - 0x00007fff0c3c1000 	C:\WINDOWS\system32\nlansp_c.dll
0x00007fff247a0000 - 0x00007fff247aa000 	C:\Windows\System32\rasadhlp.dll
0x00007fff28a00000 - 0x00007fff28a83000 	C:\WINDOWS\System32\fwpuclnt.dll

dbghelp: loaded successfully - version: 4.0.5 - missing functions: none
symbol engine: initialized successfully - sym options: 0x614 - pdb path: .;C:\Program Files\Microsoft\jdk-17.0.10.7-hotspot\bin;C:\WINDOWS\SYSTEM32;C:\WINDOWS\WinSxS\amd64_microsoft.windows.common-controls_6595b64144ccf1df_6.0.22621.3235_none_270f74e173860f98;C:\Program Files\Microsoft\jdk-17.0.10.7-hotspot\bin\server;C:\Users\Gericho Miles\.gradle\native\68d5fa5c4cc2d200863cafc0d521ce42e7d3e7ee720ec0a83991735586a16f82\windows-amd64;C:\Users\Gericho Miles\.gradle\native\e376f236ea51e6404a007f0833ffe2c6e607c4080706a723a18a27aeea778392\windows-amd64

VM Arguments:
jvm_args: --add-opens=java.base/java.util=ALL-UNNAMED --add-opens=java.base/java.lang=ALL-UNNAMED --add-opens=java.base/java.lang.invoke=ALL-UNNAMED --add-opens=java.prefs/java.util.prefs=ALL-UNNAMED --add-opens=java.base/java.nio.charset=ALL-UNNAMED --add-opens=java.base/java.net=ALL-UNNAMED --add-opens=java.base/java.util.concurrent.atomic=ALL-UNNAMED -Xmx4g -Dfile.encoding=windows-1252 -Duser.country=US -Duser.language=en -Duser.variant -javaagent:C:\Users\Gericho Miles\.gradle\wrapper\dists\gradle-8.3-all\6en3ugtfdg5xnpx44z4qbwgas\gradle-8.3\lib\agents\gradle-instrumentation-agent-8.3.jar 
java_command: org.gradle.launcher.daemon.bootstrap.GradleDaemon 8.3
java_class_path (initial): C:\Users\Gericho Miles\.gradle\wrapper\dists\gradle-8.3-all\6en3ugtfdg5xnpx44z4qbwgas\gradle-8.3\lib\gradle-launcher-8.3.jar
Launcher Type: SUN_STANDARD

[Global flags]
     intx CICompilerCount                          = 4                                         {product} {ergonomic}
     uint ConcGCThreads                            = 2                                         {product} {ergonomic}
     uint G1ConcRefinementThreads                  = 8                                         {product} {ergonomic}
   size_t G1HeapRegionSize                         = 2097152                                   {product} {ergonomic}
    uintx GCDrainStackTargetSize                   = 64                                        {product} {ergonomic}
   size_t InitialHeapSize                          = 132120576                                 {product} {ergonomic}
   size_t MarkStackSize                            = 4194304                                   {product} {ergonomic}
   size_t MaxHeapSize                              = 4294967296                                {product} {command line}
   size_t MaxNewSize                               = 2575302656                                {product} {ergonomic}
   size_t MinHeapDeltaBytes                        = 2097152                                   {product} {ergonomic}
   size_t MinHeapSize                              = 8388608                                   {product} {ergonomic}
    uintx NonNMethodCodeHeapSize                   = 5839372                                {pd product} {ergonomic}
    uintx NonProfiledCodeHeapSize                  = 122909434                              {pd product} {ergonomic}
    uintx ProfiledCodeHeapSize                     = 122909434                              {pd product} {ergonomic}
    uintx ReservedCodeCacheSize                    = 251658240                              {pd product} {ergonomic}
     bool SegmentedCodeCache                       = true                                      {product} {ergonomic}
   size_t SoftMaxHeapSize                          = 4294967296                             {manageable} {ergonomic}
     bool UseCompressedClassPointers               = true                           {product lp64_product} {ergonomic}
     bool UseCompressedOops                        = true                           {product lp64_product} {ergonomic}
     bool UseG1GC                                  = true                                      {product} {ergonomic}
     bool UseLargePagesIndividualAllocation        = false                                  {pd product} {ergonomic}

Logging:
Log output configuration:
 #0: stdout all=warning uptime,level,tags
 #1: stderr all=off uptime,level,tags

Environment Variables:
JAVA_HOME=C:\Program Files\Microsoft\jdk-17.0.10.7-hotspot\
CLASSPATH=C:\xampp\htdocs\MobImageProcessing\MIP\android\\gradle\wrapper\gradle-wrapper.jar
PATH=C:\xampp\htdocs\MobImageProcessing\MIP\node_modules\.bin;C:\xampp\htdocs\MobImageProcessing\node_modules\.bin;C:\xampp\htdocs\node_modules\.bin;C:\xampp\node_modules\.bin;C:\node_modules\.bin;C:\Program Files\nodejs\node_modules\npm\node_modules\@npmcli\run-script\lib\node-gyp-bin;C:\Python312\Scripts\;C:\Python312\;C:\Program Files\Microsoft\jdk-17.0.10.7-hotspot\bin;C:\xampp\php;C:\Program Files\Java\jdk-19\bin;C:\Windows\System32;C:\Program Files\Git\cmd;C:\ProgramData\chocolatey\bin;C:\Users\Gericho Miles\AppData\Local\Android\Sdk\platform-tools;C:\Users\Gericho Miles\AppData\Local\Programs\Python\Python311;C:\composer;C:\Users\Gericho Miles\AppData\Local\Programs\Python\Python311\Tools\scripts;C:\Program Files\nodejs\;C:\Python312\Lib\site-packages;C:\Users\Gericho Miles\Downloads\gradle-7.6-bin\gradle-7.6\bin;C:\Users\Gericho Miles\AppData\Local\Programs\Python\Python311\Scripts\;C:\Users\Gericho Miles\AppData\Local\Programs\Python\Python311\;C:\Users\Gericho Miles\Downloads\mongosh-2.1.5-win32-x64\mongosh-2.1.5-win32-x64\bin;C:\Users\Gericho Miles\AppData\Local\Programs\Python\Python311;C:\Users\Gericho Miles\AppData\Roaming\Composer\vendor\bin;C:\Users\Gericho Miles\AppData\Local\Programs\Microsoft VS Code\bin;C:\Users\Gericho Miles\AppData\Local\Programs\Python\Python311\Tools\scripts;C:\Users\Gericho Miles\AppData\Roaming\npm;C:\Python312\Lib\site-packages;C:\Python312\;C:\Python312\Scripts\;C:\Users\Gericho Miles\Downloads\gradle-7.6-bin\gradle-7.6\bin;
USERNAME=Gericho Miles
OS=Windows_NT
PROCESSOR_IDENTIFIER=Intel64 Family 6 Model 165 Stepping 2, GenuineIntel
TMP=C:\Users\GERICH~1\AppData\Local\Temp
TEMP=C:\Users\GERICH~1\AppData\Local\Temp



Periodic native trim disabled


---------------  S Y S T E M  ---------------

OS:
 Windows 11 , 64 bit Build 22621 (10.0.22621.3374)
OS uptime: 16 days 14:02 hours
Hyper-V role detected

CPU: total 8 (initial active 8) (4 cores per cpu, 2 threads per core) family 6 model 165 stepping 2 microcode 0xe2, cx8, cmov, fxsr, ht, mmx, 3dnowpref, sse, sse2, sse3, ssse3, sse4.1, sse4.2, popcnt, lzcnt, tsc, tscinvbit, avx, avx2, aes, erms, clmul, bmi1, bmi2, adx, fma, vzeroupper, clflush, clflushopt, hv
Processor Information for all 8 processors :
  Max Mhz: 2496, Current Mhz: 2496, Mhz Limit: 2496

Memory: 4k page, system-wide physical 8023M (584M free)
TotalPageFile size 32599M (AvailPageFile size 146M)
current process WorkingSet (physical memory assigned to process): 506M, peak: 509M
current process commit charge ("private bytes"): 724M, peak: 982M

vm_info: OpenJDK 64-Bit Server VM (17.0.10+7-LTS) for windows-amd64 JRE (17.0.10+7-LTS), built on Jan 10 2024 19:47:12 by "MicrosoftCorporation" with MS VC++ 16.10 / 16.11 (VS2019)

END.
